[0.000000] (-) TimerEvent: {}
[0.000515] (rplidar_ros) JobQueued: {'identifier': 'rplidar_ros', 'dependencies': OrderedDict()}
[0.000740] (udemy_ros2_pkg) JobQueued: {'identifier': 'udemy_ros2_pkg', 'dependencies': OrderedDict()}
[0.001417] (rplidar_ros) JobStarted: {'identifier': 'rplidar_ros'}
[0.013395] (udemy_ros2_pkg) JobStarted: {'identifier': 'udemy_ros2_pkg'}
[0.026545] (rplidar_ros) JobProgress: {'identifier': 'rplidar_ros', 'progress': 'cmake'}
[0.029122] (rplidar_ros) JobProgress: {'identifier': 'rplidar_ros', 'progress': 'build'}
[0.029242] (rplidar_ros) Command: {'cmd': ['/usr/bin/cmake', '--build', '/home/ubuntu/Desktop/learn/Workspaces/ros2_cpp_ws/build/rplidar_ros', '--', '-j8', '-l8'], 'cwd': '/home/ubuntu/Desktop/learn/Workspaces/ros2_cpp_ws/build/rplidar_ros', 'env': OrderedDict([('GJS_DEBUG_TOPICS', 'JS ERROR;JS LOG'), ('LESSOPEN', '| /usr/bin/lesspipe %s'), ('LANGUAGE', 'de_DE:en'), ('USER', 'ubuntu'), ('LC_TIME', 'C.UTF-8'), ('GIO_MODULE_DIR', '/home/ubuntu/snap/code/common/.cache/gio-modules'), ('XDG_SESSION_TYPE', 'x11'), ('GIT_ASKPASS', '/snap/code/126/usr/share/code/resources/app/extensions/git/dist/askpass.sh'), ('SHLVL', '0'), ('LD_LIBRARY_PATH', '/home/ubuntu/Desktop/learn/Workspaces/ros2_cpp_ws/install/rplidar_ros/lib:/opt/ros/humble/opt/rviz_ogre_vendor/lib:/opt/ros/humble/lib/x86_64-linux-gnu:/opt/ros/humble/lib'), ('HOME', '/home/ubuntu'), ('CHROME_DESKTOP', 'code-url-handler.desktop'), ('TERM_PROGRAM_VERSION', '1.77.3'), ('DESKTOP_SESSION', 'ubuntu'), ('GTK_PATH', '/snap/code/126/usr/lib/x86_64-linux-gnu/gtk-3.0'), ('GTK_IM_MODULE_FILE', '/home/ubuntu/snap/code/common/.cache/immodules/immodules.cache'), ('GIO_LAUNCHED_DESKTOP_FILE', '/var/lib/snapd/desktop/applications/code_code.desktop'), ('ROS_PYTHON_VERSION', '3'), ('GNOME_SHELL_SESSION_MODE', 'ubuntu'), ('GTK_MODULES', 'gail:atk-bridge'), ('VSCODE_GIT_ASKPASS_MAIN', '/snap/code/126/usr/share/code/resources/app/extensions/git/dist/askpass-main.js'), ('LC_MONETARY', 'C.UTF-8'), ('VSCODE_GIT_ASKPASS_NODE', '/snap/code/126/usr/share/code/code'), ('MANAGERPID', '1991'), ('SYSTEMD_EXEC_PID', '2575'), ('DBUS_SESSION_BUS_ADDRESS', 'unix:path=/run/user/999/bus'), ('COLORTERM', 'truecolor'), ('GIO_LAUNCHED_DESKTOP_FILE_PID', '5470'), ('_colcon_cd_root', '/opt/ros/humble/'), ('IM_CONFIG_PHASE', '1'), ('COLCON_PREFIX_PATH', '/home/ubuntu/Desktop/learn/Workspaces/ros2_cpp_ws/install'), ('ROS_DISTRO', 'humble'), ('GTK_IM_MODULE', 'ibus'), ('LOGNAME', 'ubuntu'), ('JOURNAL_STREAM', '8:33888'), ('_', '/usr/bin/colcon'), ('ROS_VERSION', '2'), ('XDG_SESSION_CLASS', 'user'), ('USERNAME', 'ubuntu'), ('TERM', 'xterm-256color'), ('GNOME_DESKTOP_SESSION_ID', 'this-is-deprecated'), ('ROS_LOCALHOST_ONLY', '0'), ('WINDOWPATH', '2'), ('PATH', '/opt/ros/humble/bin:/usr/local/sbin:/usr/local/bin:/usr/sbin:/usr/bin:/sbin:/bin:/usr/games:/usr/local/games:/snap/bin:/snap/bin'), ('SESSION_MANAGER', 'local/ubuntu:@/tmp/.ICE-unix/2553,unix/ubuntu:/tmp/.ICE-unix/2553'), ('GTK_EXE_PREFIX', '/snap/code/126/usr'), ('INVOCATION_ID', 'e94b54870e714a56a9649c6732573276'), ('PAPERSIZE', 'a4'), ('XDG_MENU_PREFIX', 'gnome-'), ('LC_ADDRESS', 'C.UTF-8'), ('BAMF_DESKTOP_FILE_HINT', '/var/lib/snapd/desktop/applications/code_code.desktop'), ('XDG_RUNTIME_DIR', '/run/user/999'), ('GDK_BACKEND', 'x11'), ('DISPLAY', ':0'), ('LOCPATH', '/snap/code/126/usr/lib/locale'), ('LANG', 'de_DE.UTF-8'), ('XDG_CURRENT_DESKTOP', 'Unity'), ('LC_TELEPHONE', 'C.UTF-8'), ('XMODIFIERS', '@im=ibus'), ('XDG_SESSION_DESKTOP', 'ubuntu'), ('XAUTHORITY', '/run/user/999/gdm/Xauthority'), ('LS_COLORS', ''), ('VSCODE_GIT_IPC_HANDLE', '/run/user/999/vscode-git-a3e758ea92.sock'), ('TERM_PROGRAM', 'vscode'), ('SSH_AGENT_LAUNCHER', 'gnome-keyring'), ('SSH_AUTH_SOCK', '/run/user/999/keyring/ssh'), ('GSETTINGS_SCHEMA_DIR', '/home/ubuntu/snap/code/126/.local/share/glib-2.0/schemas'), ('AMENT_PREFIX_PATH', '/home/ubuntu/Desktop/learn/Workspaces/ros2_cpp_ws/install/udemy_ros2_pkg:/home/ubuntu/Desktop/learn/Workspaces/ros2_cpp_ws/install/rplidar_ros:/opt/ros/humble'), ('ORIGINAL_XDG_CURRENT_DESKTOP', 'ubuntu:GNOME'), ('SHELL', '/bin/bash'), ('LC_NAME', 'C.UTF-8'), ('QT_ACCESSIBILITY', '1'), ('GDMSESSION', 'ubuntu'), ('LESSCLOSE', '/usr/bin/lesspipe %s %s'), ('LC_MEASUREMENT', 'C.UTF-8'), ('GPG_AGENT_INFO', '/run/user/999/gnupg/S.gpg-agent:0:1'), ('GJS_DEBUG_OUTPUT', 'stderr'), ('LC_IDENTIFICATION', 'C.UTF-8'), ('VSCODE_GIT_ASKPASS_EXTRA_ARGS', '--ms-enable-electron-run-as-node'), ('QT_IM_MODULE', 'ibus'), ('PWD', '/home/ubuntu/Desktop/learn/Workspaces/ros2_cpp_ws/build/rplidar_ros'), ('XDG_CONFIG_DIRS', '/etc/xdg/xdg-ubuntu:/etc/xdg'), ('XDG_DATA_DIRS', '/home/ubuntu/snap/code/126/.local/share:/home/ubuntu/snap/code/126:/snap/code/126/usr/share:/usr/share/ubuntu:/usr/share/gnome:/usr/local/share/:/usr/share/:/var/lib/snapd/desktop'), ('PYTHONPATH', '/opt/ros/humble/lib/python3.10/site-packages:/opt/ros/humble/local/lib/python3.10/dist-packages'), ('LC_NUMERIC', 'C.UTF-8'), ('LC_PAPER', 'C.UTF-8'), ('GTK_USE_PORTAL', '1'), ('COLCON', '1'), ('CMAKE_PREFIX_PATH', '/home/ubuntu/Desktop/learn/Workspaces/ros2_cpp_ws/install/udemy_ros2_pkg:/home/ubuntu/Desktop/learn/Workspaces/ros2_cpp_ws/install/rplidar_ros:/opt/ros/humble')]), 'shell': False}
[0.035608] (udemy_ros2_pkg) JobProgress: {'identifier': 'udemy_ros2_pkg', 'progress': 'cmake'}
[0.036691] (udemy_ros2_pkg) JobProgress: {'identifier': 'udemy_ros2_pkg', 'progress': 'build'}
[0.037508] (udemy_ros2_pkg) Command: {'cmd': ['/usr/bin/cmake', '--build', '/home/ubuntu/Desktop/learn/Workspaces/ros2_cpp_ws/build/udemy_ros2_pkg', '--', '-j8', '-l8'], 'cwd': '/home/ubuntu/Desktop/learn/Workspaces/ros2_cpp_ws/build/udemy_ros2_pkg', 'env': OrderedDict([('GJS_DEBUG_TOPICS', 'JS ERROR;JS LOG'), ('LESSOPEN', '| /usr/bin/lesspipe %s'), ('LANGUAGE', 'de_DE:en'), ('USER', 'ubuntu'), ('LC_TIME', 'C.UTF-8'), ('GIO_MODULE_DIR', '/home/ubuntu/snap/code/common/.cache/gio-modules'), ('XDG_SESSION_TYPE', 'x11'), ('GIT_ASKPASS', '/snap/code/126/usr/share/code/resources/app/extensions/git/dist/askpass.sh'), ('SHLVL', '0'), ('LD_LIBRARY_PATH', '/home/ubuntu/Desktop/learn/Workspaces/ros2_cpp_ws/install/rplidar_ros/lib:/opt/ros/humble/opt/rviz_ogre_vendor/lib:/opt/ros/humble/lib/x86_64-linux-gnu:/opt/ros/humble/lib'), ('HOME', '/home/ubuntu'), ('CHROME_DESKTOP', 'code-url-handler.desktop'), ('TERM_PROGRAM_VERSION', '1.77.3'), ('DESKTOP_SESSION', 'ubuntu'), ('GTK_PATH', '/snap/code/126/usr/lib/x86_64-linux-gnu/gtk-3.0'), ('GTK_IM_MODULE_FILE', '/home/ubuntu/snap/code/common/.cache/immodules/immodules.cache'), ('GIO_LAUNCHED_DESKTOP_FILE', '/var/lib/snapd/desktop/applications/code_code.desktop'), ('ROS_PYTHON_VERSION', '3'), ('GNOME_SHELL_SESSION_MODE', 'ubuntu'), ('GTK_MODULES', 'gail:atk-bridge'), ('VSCODE_GIT_ASKPASS_MAIN', '/snap/code/126/usr/share/code/resources/app/extensions/git/dist/askpass-main.js'), ('LC_MONETARY', 'C.UTF-8'), ('VSCODE_GIT_ASKPASS_NODE', '/snap/code/126/usr/share/code/code'), ('MANAGERPID', '1991'), ('SYSTEMD_EXEC_PID', '2575'), ('DBUS_SESSION_BUS_ADDRESS', 'unix:path=/run/user/999/bus'), ('COLORTERM', 'truecolor'), ('GIO_LAUNCHED_DESKTOP_FILE_PID', '5470'), ('_colcon_cd_root', '/opt/ros/humble/'), ('IM_CONFIG_PHASE', '1'), ('COLCON_PREFIX_PATH', '/home/ubuntu/Desktop/learn/Workspaces/ros2_cpp_ws/install'), ('ROS_DISTRO', 'humble'), ('GTK_IM_MODULE', 'ibus'), ('LOGNAME', 'ubuntu'), ('JOURNAL_STREAM', '8:33888'), ('_', '/usr/bin/colcon'), ('ROS_VERSION', '2'), ('XDG_SESSION_CLASS', 'user'), ('USERNAME', 'ubuntu'), ('TERM', 'xterm-256color'), ('GNOME_DESKTOP_SESSION_ID', 'this-is-deprecated'), ('ROS_LOCALHOST_ONLY', '0'), ('WINDOWPATH', '2'), ('PATH', '/opt/ros/humble/bin:/usr/local/sbin:/usr/local/bin:/usr/sbin:/usr/bin:/sbin:/bin:/usr/games:/usr/local/games:/snap/bin:/snap/bin'), ('SESSION_MANAGER', 'local/ubuntu:@/tmp/.ICE-unix/2553,unix/ubuntu:/tmp/.ICE-unix/2553'), ('GTK_EXE_PREFIX', '/snap/code/126/usr'), ('INVOCATION_ID', 'e94b54870e714a56a9649c6732573276'), ('PAPERSIZE', 'a4'), ('XDG_MENU_PREFIX', 'gnome-'), ('LC_ADDRESS', 'C.UTF-8'), ('BAMF_DESKTOP_FILE_HINT', '/var/lib/snapd/desktop/applications/code_code.desktop'), ('XDG_RUNTIME_DIR', '/run/user/999'), ('GDK_BACKEND', 'x11'), ('DISPLAY', ':0'), ('LOCPATH', '/snap/code/126/usr/lib/locale'), ('LANG', 'de_DE.UTF-8'), ('XDG_CURRENT_DESKTOP', 'Unity'), ('LC_TELEPHONE', 'C.UTF-8'), ('XMODIFIERS', '@im=ibus'), ('XDG_SESSION_DESKTOP', 'ubuntu'), ('XAUTHORITY', '/run/user/999/gdm/Xauthority'), ('LS_COLORS', ''), ('VSCODE_GIT_IPC_HANDLE', '/run/user/999/vscode-git-a3e758ea92.sock'), ('TERM_PROGRAM', 'vscode'), ('SSH_AGENT_LAUNCHER', 'gnome-keyring'), ('SSH_AUTH_SOCK', '/run/user/999/keyring/ssh'), ('GSETTINGS_SCHEMA_DIR', '/home/ubuntu/snap/code/126/.local/share/glib-2.0/schemas'), ('AMENT_PREFIX_PATH', '/home/ubuntu/Desktop/learn/Workspaces/ros2_cpp_ws/install/udemy_ros2_pkg:/home/ubuntu/Desktop/learn/Workspaces/ros2_cpp_ws/install/rplidar_ros:/opt/ros/humble'), ('ORIGINAL_XDG_CURRENT_DESKTOP', 'ubuntu:GNOME'), ('SHELL', '/bin/bash'), ('LC_NAME', 'C.UTF-8'), ('QT_ACCESSIBILITY', '1'), ('GDMSESSION', 'ubuntu'), ('LESSCLOSE', '/usr/bin/lesspipe %s %s'), ('LC_MEASUREMENT', 'C.UTF-8'), ('GPG_AGENT_INFO', '/run/user/999/gnupg/S.gpg-agent:0:1'), ('GJS_DEBUG_OUTPUT', 'stderr'), ('LC_IDENTIFICATION', 'C.UTF-8'), ('VSCODE_GIT_ASKPASS_EXTRA_ARGS', '--ms-enable-electron-run-as-node'), ('QT_IM_MODULE', 'ibus'), ('PWD', '/home/ubuntu/Desktop/learn/Workspaces/ros2_cpp_ws/build/udemy_ros2_pkg'), ('XDG_CONFIG_DIRS', '/etc/xdg/xdg-ubuntu:/etc/xdg'), ('XDG_DATA_DIRS', '/home/ubuntu/snap/code/126/.local/share:/home/ubuntu/snap/code/126:/snap/code/126/usr/share:/usr/share/ubuntu:/usr/share/gnome:/usr/local/share/:/usr/share/:/var/lib/snapd/desktop'), ('PYTHONPATH', '/opt/ros/humble/lib/python3.10/site-packages:/opt/ros/humble/local/lib/python3.10/dist-packages'), ('LC_NUMERIC', 'C.UTF-8'), ('LC_PAPER', 'C.UTF-8'), ('GTK_USE_PORTAL', '1'), ('COLCON', '1'), ('CMAKE_PREFIX_PATH', '/home/ubuntu/Desktop/learn/Workspaces/ros2_cpp_ws/install/udemy_ros2_pkg:/home/ubuntu/Desktop/learn/Workspaces/ros2_cpp_ws/install/rplidar_ros:/opt/ros/humble')]), 'shell': False}
[0.086184] (udemy_ros2_pkg) StdoutLine: {'line': b'-- Found ament_cmake: 1.3.3 (/opt/ros/humble/share/ament_cmake/cmake)\n'}
[0.100799] (-) TimerEvent: {}
[0.133476] (rplidar_ros) StdoutLine: {'line': b'[ 77%] Built target rplidar_composition_node\n'}
[0.166920] (rplidar_ros) StdoutLine: {'line': b'[100%] Built target rplidar_composition\n'}
[0.180230] (rplidar_ros) CommandEnded: {'returncode': 0}
[0.200889] (-) TimerEvent: {}
[0.233567] (rplidar_ros) JobProgress: {'identifier': 'rplidar_ros', 'progress': 'install'}
[0.244165] (rplidar_ros) Command: {'cmd': ['/usr/bin/cmake', '--install', '/home/ubuntu/Desktop/learn/Workspaces/ros2_cpp_ws/build/rplidar_ros'], 'cwd': '/home/ubuntu/Desktop/learn/Workspaces/ros2_cpp_ws/build/rplidar_ros', 'env': OrderedDict([('GJS_DEBUG_TOPICS', 'JS ERROR;JS LOG'), ('LESSOPEN', '| /usr/bin/lesspipe %s'), ('LANGUAGE', 'de_DE:en'), ('USER', 'ubuntu'), ('LC_TIME', 'C.UTF-8'), ('GIO_MODULE_DIR', '/home/ubuntu/snap/code/common/.cache/gio-modules'), ('XDG_SESSION_TYPE', 'x11'), ('GIT_ASKPASS', '/snap/code/126/usr/share/code/resources/app/extensions/git/dist/askpass.sh'), ('SHLVL', '0'), ('LD_LIBRARY_PATH', '/home/ubuntu/Desktop/learn/Workspaces/ros2_cpp_ws/install/rplidar_ros/lib:/opt/ros/humble/opt/rviz_ogre_vendor/lib:/opt/ros/humble/lib/x86_64-linux-gnu:/opt/ros/humble/lib'), ('HOME', '/home/ubuntu'), ('CHROME_DESKTOP', 'code-url-handler.desktop'), ('TERM_PROGRAM_VERSION', '1.77.3'), ('DESKTOP_SESSION', 'ubuntu'), ('GTK_PATH', '/snap/code/126/usr/lib/x86_64-linux-gnu/gtk-3.0'), ('GTK_IM_MODULE_FILE', '/home/ubuntu/snap/code/common/.cache/immodules/immodules.cache'), ('GIO_LAUNCHED_DESKTOP_FILE', '/var/lib/snapd/desktop/applications/code_code.desktop'), ('ROS_PYTHON_VERSION', '3'), ('GNOME_SHELL_SESSION_MODE', 'ubuntu'), ('GTK_MODULES', 'gail:atk-bridge'), ('VSCODE_GIT_ASKPASS_MAIN', '/snap/code/126/usr/share/code/resources/app/extensions/git/dist/askpass-main.js'), ('LC_MONETARY', 'C.UTF-8'), ('VSCODE_GIT_ASKPASS_NODE', '/snap/code/126/usr/share/code/code'), ('MANAGERPID', '1991'), ('SYSTEMD_EXEC_PID', '2575'), ('DBUS_SESSION_BUS_ADDRESS', 'unix:path=/run/user/999/bus'), ('COLORTERM', 'truecolor'), ('GIO_LAUNCHED_DESKTOP_FILE_PID', '5470'), ('_colcon_cd_root', '/opt/ros/humble/'), ('IM_CONFIG_PHASE', '1'), ('COLCON_PREFIX_PATH', '/home/ubuntu/Desktop/learn/Workspaces/ros2_cpp_ws/install'), ('ROS_DISTRO', 'humble'), ('GTK_IM_MODULE', 'ibus'), ('LOGNAME', 'ubuntu'), ('JOURNAL_STREAM', '8:33888'), ('_', '/usr/bin/colcon'), ('ROS_VERSION', '2'), ('XDG_SESSION_CLASS', 'user'), ('USERNAME', 'ubuntu'), ('TERM', 'xterm-256color'), ('GNOME_DESKTOP_SESSION_ID', 'this-is-deprecated'), ('ROS_LOCALHOST_ONLY', '0'), ('WINDOWPATH', '2'), ('PATH', '/opt/ros/humble/bin:/usr/local/sbin:/usr/local/bin:/usr/sbin:/usr/bin:/sbin:/bin:/usr/games:/usr/local/games:/snap/bin:/snap/bin'), ('SESSION_MANAGER', 'local/ubuntu:@/tmp/.ICE-unix/2553,unix/ubuntu:/tmp/.ICE-unix/2553'), ('GTK_EXE_PREFIX', '/snap/code/126/usr'), ('INVOCATION_ID', 'e94b54870e714a56a9649c6732573276'), ('PAPERSIZE', 'a4'), ('XDG_MENU_PREFIX', 'gnome-'), ('LC_ADDRESS', 'C.UTF-8'), ('BAMF_DESKTOP_FILE_HINT', '/var/lib/snapd/desktop/applications/code_code.desktop'), ('XDG_RUNTIME_DIR', '/run/user/999'), ('GDK_BACKEND', 'x11'), ('DISPLAY', ':0'), ('LOCPATH', '/snap/code/126/usr/lib/locale'), ('LANG', 'de_DE.UTF-8'), ('XDG_CURRENT_DESKTOP', 'Unity'), ('LC_TELEPHONE', 'C.UTF-8'), ('XMODIFIERS', '@im=ibus'), ('XDG_SESSION_DESKTOP', 'ubuntu'), ('XAUTHORITY', '/run/user/999/gdm/Xauthority'), ('LS_COLORS', ''), ('VSCODE_GIT_IPC_HANDLE', '/run/user/999/vscode-git-a3e758ea92.sock'), ('TERM_PROGRAM', 'vscode'), ('SSH_AGENT_LAUNCHER', 'gnome-keyring'), ('SSH_AUTH_SOCK', '/run/user/999/keyring/ssh'), ('GSETTINGS_SCHEMA_DIR', '/home/ubuntu/snap/code/126/.local/share/glib-2.0/schemas'), ('AMENT_PREFIX_PATH', '/home/ubuntu/Desktop/learn/Workspaces/ros2_cpp_ws/install/udemy_ros2_pkg:/home/ubuntu/Desktop/learn/Workspaces/ros2_cpp_ws/install/rplidar_ros:/opt/ros/humble'), ('ORIGINAL_XDG_CURRENT_DESKTOP', 'ubuntu:GNOME'), ('SHELL', '/bin/bash'), ('LC_NAME', 'C.UTF-8'), ('QT_ACCESSIBILITY', '1'), ('GDMSESSION', 'ubuntu'), ('LESSCLOSE', '/usr/bin/lesspipe %s %s'), ('LC_MEASUREMENT', 'C.UTF-8'), ('GPG_AGENT_INFO', '/run/user/999/gnupg/S.gpg-agent:0:1'), ('GJS_DEBUG_OUTPUT', 'stderr'), ('LC_IDENTIFICATION', 'C.UTF-8'), ('VSCODE_GIT_ASKPASS_EXTRA_ARGS', '--ms-enable-electron-run-as-node'), ('QT_IM_MODULE', 'ibus'), ('PWD', '/home/ubuntu/Desktop/learn/Workspaces/ros2_cpp_ws/build/rplidar_ros'), ('XDG_CONFIG_DIRS', '/etc/xdg/xdg-ubuntu:/etc/xdg'), ('XDG_DATA_DIRS', '/home/ubuntu/snap/code/126/.local/share:/home/ubuntu/snap/code/126:/snap/code/126/usr/share:/usr/share/ubuntu:/usr/share/gnome:/usr/local/share/:/usr/share/:/var/lib/snapd/desktop'), ('PYTHONPATH', '/opt/ros/humble/lib/python3.10/site-packages:/opt/ros/humble/local/lib/python3.10/dist-packages'), ('LC_NUMERIC', 'C.UTF-8'), ('LC_PAPER', 'C.UTF-8'), ('GTK_USE_PORTAL', '1'), ('COLCON', '1'), ('CMAKE_PREFIX_PATH', '/home/ubuntu/Desktop/learn/Workspaces/ros2_cpp_ws/install/udemy_ros2_pkg:/home/ubuntu/Desktop/learn/Workspaces/ros2_cpp_ws/install/rplidar_ros:/opt/ros/humble')]), 'shell': False}
[0.252448] (rplidar_ros) StdoutLine: {'line': b'-- Install configuration: "RelWithDebInfo"\n'}
[0.253202] (rplidar_ros) StdoutLine: {'line': b'-- Execute custom install script\n'}
[0.253885] (rplidar_ros) StdoutLine: {'line': b'-- Up-to-date symlink: /home/ubuntu/Desktop/learn/Workspaces/ros2_cpp_ws/install/rplidar_ros/lib/rplidar_ros/rplidar_composition\n'}
[0.254701] (rplidar_ros) StdoutLine: {'line': b'-- Up-to-date symlink: /home/ubuntu/Desktop/learn/Workspaces/ros2_cpp_ws/install/rplidar_ros/share/rplidar_ros/launch/rplidar.launch.py\n'}
[0.255024] (rplidar_ros) StdoutLine: {'line': b'-- Up-to-date symlink: /home/ubuntu/Desktop/learn/Workspaces/ros2_cpp_ws/install/rplidar_ros/share/rplidar_ros/launch/rplidar_a3.launch.py\n'}
[0.255225] (rplidar_ros) StdoutLine: {'line': b'-- Up-to-date symlink: /home/ubuntu/Desktop/learn/Workspaces/ros2_cpp_ws/install/rplidar_ros/share/rplidar_ros/launch/rplidar_s1.launch.py\n'}
[0.255559] (rplidar_ros) StdoutLine: {'line': b'-- Up-to-date symlink: /home/ubuntu/Desktop/learn/Workspaces/ros2_cpp_ws/install/rplidar_ros/share/rplidar_ros/launch/rplidar_s1_tcp.launch.py\n'}
[0.255780] (rplidar_ros) StdoutLine: {'line': b'-- Up-to-date symlink: /home/ubuntu/Desktop/learn/Workspaces/ros2_cpp_ws/install/rplidar_ros/share/rplidar_ros/launch/test_rplidar_a3.launch.py\n'}
[0.256031] (rplidar_ros) StdoutLine: {'line': b'-- Up-to-date symlink: /home/ubuntu/Desktop/learn/Workspaces/ros2_cpp_ws/install/rplidar_ros/share/rplidar_ros/launch/view_rplidar.launch.py\n'}
[0.256377] (rplidar_ros) StdoutLine: {'line': b'-- Up-to-date symlink: /home/ubuntu/Desktop/learn/Workspaces/ros2_cpp_ws/install/rplidar_ros/share/rplidar_ros/launch/view_rplidar_a3.launch.py\n'}
[0.256567] (rplidar_ros) StdoutLine: {'line': b'-- Up-to-date symlink: /home/ubuntu/Desktop/learn/Workspaces/ros2_cpp_ws/install/rplidar_ros/share/rplidar_ros/launch/view_rplidar_s1.launch.py\n'}
[0.256912] (rplidar_ros) StdoutLine: {'line': b'-- Up-to-date symlink: /home/ubuntu/Desktop/learn/Workspaces/ros2_cpp_ws/install/rplidar_ros/share/rplidar_ros/launch/view_rplidar_s1_tcp.launch.py\n'}
[0.257401] (rplidar_ros) StdoutLine: {'line': b'-- Up-to-date symlink: /home/ubuntu/Desktop/learn/Workspaces/ros2_cpp_ws/install/rplidar_ros/share/rplidar_ros/rviz/rplidar.rviz\n'}
[0.257955] (rplidar_ros) StdoutLine: {'line': b'-- Up-to-date symlink: /home/ubuntu/Desktop/learn/Workspaces/ros2_cpp_ws/install/rplidar_ros/lib/librplidar_composition_node.so\n'}
[0.258624] (rplidar_ros) StdoutLine: {'line': b'-- Up-to-date symlink: /home/ubuntu/Desktop/learn/Workspaces/ros2_cpp_ws/install/rplidar_ros/include/rplidar_node.hpp\n'}
[0.258873] (rplidar_ros) StdoutLine: {'line': b'-- Up-to-date symlink: /home/ubuntu/Desktop/learn/Workspaces/ros2_cpp_ws/install/rplidar_ros/include/visibility.h\n'}
[0.259579] (rplidar_ros) StdoutLine: {'line': b'-- Up-to-date symlink: /home/ubuntu/Desktop/learn/Workspaces/ros2_cpp_ws/install/rplidar_ros/lib/rplidar_ros/rplidar_composition\n'}
[0.259964] (rplidar_ros) StdoutLine: {'line': b'-- Up-to-date symlink: /home/ubuntu/Desktop/learn/Workspaces/ros2_cpp_ws/install/rplidar_ros/share/ament_index/resource_index/package_run_dependencies/rplidar_ros\n'}
[0.260340] (rplidar_ros) StdoutLine: {'line': b'-- Up-to-date symlink: /home/ubuntu/Desktop/learn/Workspaces/ros2_cpp_ws/install/rplidar_ros/share/ament_index/resource_index/parent_prefix_path/rplidar_ros\n'}
[0.260624] (rplidar_ros) StdoutLine: {'line': b'-- Up-to-date symlink: /home/ubuntu/Desktop/learn/Workspaces/ros2_cpp_ws/install/rplidar_ros/share/rplidar_ros/environment/ament_prefix_path.sh\n'}
[0.261046] (rplidar_ros) StdoutLine: {'line': b'-- Up-to-date symlink: /home/ubuntu/Desktop/learn/Workspaces/ros2_cpp_ws/install/rplidar_ros/share/rplidar_ros/environment/ament_prefix_path.dsv\n'}
[0.261381] (rplidar_ros) StdoutLine: {'line': b'-- Up-to-date symlink: /home/ubuntu/Desktop/learn/Workspaces/ros2_cpp_ws/install/rplidar_ros/share/rplidar_ros/environment/path.sh\n'}
[0.261717] (rplidar_ros) StdoutLine: {'line': b'-- Up-to-date symlink: /home/ubuntu/Desktop/learn/Workspaces/ros2_cpp_ws/install/rplidar_ros/share/rplidar_ros/environment/path.dsv\n'}
[0.262045] (rplidar_ros) StdoutLine: {'line': b'-- Up-to-date symlink: /home/ubuntu/Desktop/learn/Workspaces/ros2_cpp_ws/install/rplidar_ros/share/rplidar_ros/local_setup.bash\n'}
[0.262355] (rplidar_ros) StdoutLine: {'line': b'-- Up-to-date symlink: /home/ubuntu/Desktop/learn/Workspaces/ros2_cpp_ws/install/rplidar_ros/share/rplidar_ros/local_setup.sh\n'}
[0.262678] (rplidar_ros) StdoutLine: {'line': b'-- Up-to-date symlink: /home/ubuntu/Desktop/learn/Workspaces/ros2_cpp_ws/install/rplidar_ros/share/rplidar_ros/local_setup.zsh\n'}
[0.263008] (rplidar_ros) StdoutLine: {'line': b'-- Up-to-date symlink: /home/ubuntu/Desktop/learn/Workspaces/ros2_cpp_ws/install/rplidar_ros/share/rplidar_ros/local_setup.dsv\n'}
[0.263213] (rplidar_ros) StdoutLine: {'line': b'-- Symlinking: /home/ubuntu/Desktop/learn/Workspaces/ros2_cpp_ws/install/rplidar_ros/share/rplidar_ros/package.dsv\n'}
[0.273272] (rplidar_ros) StdoutLine: {'line': b'-- Up-to-date symlink: /home/ubuntu/Desktop/learn/Workspaces/ros2_cpp_ws/install/rplidar_ros/share/ament_index/resource_index/packages/rplidar_ros\n'}
[0.273593] (rplidar_ros) StdoutLine: {'line': b'-- Up-to-date symlink: /home/ubuntu/Desktop/learn/Workspaces/ros2_cpp_ws/install/rplidar_ros/share/ament_index/resource_index/rclcpp_components/rplidar_ros\n'}
[0.273950] (rplidar_ros) StdoutLine: {'line': b'-- Up-to-date symlink: /home/ubuntu/Desktop/learn/Workspaces/ros2_cpp_ws/install/rplidar_ros/share/rplidar_ros/cmake/ament_cmake_export_dependencies-extras.cmake\n'}
[0.274302] (rplidar_ros) StdoutLine: {'line': b'-- Up-to-date symlink: /home/ubuntu/Desktop/learn/Workspaces/ros2_cpp_ws/install/rplidar_ros/share/rplidar_ros/cmake/ament_cmake_export_include_directories-extras.cmake\n'}
[0.274703] (rplidar_ros) StdoutLine: {'line': b'-- Up-to-date symlink: /home/ubuntu/Desktop/learn/Workspaces/ros2_cpp_ws/install/rplidar_ros/share/rplidar_ros/cmake/rplidar_rosConfig.cmake\n'}
[0.274960] (rplidar_ros) StdoutLine: {'line': b'-- Up-to-date symlink: /home/ubuntu/Desktop/learn/Workspaces/ros2_cpp_ws/install/rplidar_ros/share/rplidar_ros/cmake/rplidar_rosConfig-version.cmake\n'}
[0.275321] (rplidar_ros) StdoutLine: {'line': b'-- Up-to-date symlink: /home/ubuntu/Desktop/learn/Workspaces/ros2_cpp_ws/install/rplidar_ros/share/rplidar_ros/package.xml\n'}
[0.277883] (rplidar_ros) CommandEnded: {'returncode': 0}
[0.281096] (udemy_ros2_pkg) StdoutLine: {'line': b'-- Override CMake install command with custom implementation using symlinks instead of copying resources\n'}
[0.291836] (udemy_ros2_pkg) StdoutLine: {'line': b'-- Found std_msgs: 4.2.3 (/opt/ros/humble/share/std_msgs/cmake)\n'}
[0.301711] (-) TimerEvent: {}
[0.341184] (udemy_ros2_pkg) StdoutLine: {'line': b'-- Found rosidl_generator_c: 3.1.4 (/opt/ros/humble/share/rosidl_generator_c/cmake)\n'}
[0.346597] (udemy_ros2_pkg) StdoutLine: {'line': b'-- Found rosidl_adapter: 3.1.4 (/opt/ros/humble/share/rosidl_adapter/cmake)\n'}
[0.357423] (udemy_ros2_pkg) StdoutLine: {'line': b'-- Found rosidl_generator_cpp: 3.1.4 (/opt/ros/humble/share/rosidl_generator_cpp/cmake)\n'}
[0.381054] (udemy_ros2_pkg) StdoutLine: {'line': b'-- Using all available rosidl_typesupport_c: rosidl_typesupport_fastrtps_c;rosidl_typesupport_introspection_c\n'}
[0.391527] (rplidar_ros) JobEnded: {'identifier': 'rplidar_ros', 'rc': 0}
[0.401850] (-) TimerEvent: {}
[0.407671] (udemy_ros2_pkg) StdoutLine: {'line': b'-- Using all available rosidl_typesupport_cpp: rosidl_typesupport_fastrtps_cpp;rosidl_typesupport_introspection_cpp\n'}
[0.501989] (-) TimerEvent: {}
[0.512290] (udemy_ros2_pkg) StdoutLine: {'line': b'-- Found rclcpp: 16.0.3 (/opt/ros/humble/share/rclcpp/cmake)\n'}
[0.587891] (udemy_ros2_pkg) StdoutLine: {'line': b'-- Found rmw_implementation_cmake: 6.1.1 (/opt/ros/humble/share/rmw_implementation_cmake/cmake)\n'}
[0.589657] (udemy_ros2_pkg) StdoutLine: {'line': b'-- Found rmw_fastrtps_cpp: 6.2.2 (/opt/ros/humble/share/rmw_fastrtps_cpp/cmake)\n'}
[0.602102] (-) TimerEvent: {}
[0.702434] (-) TimerEvent: {}
[0.790012] (udemy_ros2_pkg) StdoutLine: {'line': b"-- Using RMW implementation 'rmw_fastrtps_cpp' as default\n"}
[0.802539] (-) TimerEvent: {}
[0.902893] (-) TimerEvent: {}
[0.961336] (udemy_ros2_pkg) StdoutLine: {'line': b'-- Found sensor_msgs: 4.2.3 (/opt/ros/humble/share/sensor_msgs/cmake)\n'}
[1.003032] (-) TimerEvent: {}
[1.103352] (-) TimerEvent: {}
[1.113571] (udemy_ros2_pkg) StdoutLine: {'line': b'-- Found rosidl_default_generators: 1.2.0 (/opt/ros/humble/share/rosidl_default_generators/cmake)\n'}
[1.203477] (-) TimerEvent: {}
[1.303755] (-) TimerEvent: {}
[1.404051] (-) TimerEvent: {}
[1.474181] (udemy_ros2_pkg) StdoutLine: {'line': b'-- Found ament_cmake_cppcheck: 0.12.5 (/opt/ros/humble/share/ament_cmake_cppcheck/cmake)\n'}
[1.475290] (udemy_ros2_pkg) StdoutLine: {'line': b'-- Found ament_cmake_cpplint: 0.12.5 (/opt/ros/humble/share/ament_cmake_cpplint/cmake)\n'}
[1.476280] (udemy_ros2_pkg) StdoutLine: {'line': b'-- Found ament_cmake_uncrustify: 0.12.5 (/opt/ros/humble/share/ament_cmake_uncrustify/cmake)\n'}
[1.477850] (udemy_ros2_pkg) StdoutLine: {'line': b'-- Found ament_cmake_ros: 0.10.0 (/opt/ros/humble/share/ament_cmake_ros/cmake)\n'}
[1.504172] (-) TimerEvent: {}
[1.604649] (-) TimerEvent: {}
[1.705271] (-) TimerEvent: {}
[1.805659] (-) TimerEvent: {}
[1.906025] (-) TimerEvent: {}
[2.006456] (-) TimerEvent: {}
[2.106817] (-) TimerEvent: {}
[2.207202] (-) TimerEvent: {}
[2.307644] (-) TimerEvent: {}
[2.373568] (udemy_ros2_pkg) StdoutLine: {'line': b'-- Using all available rosidl_typesupport_c: rosidl_typesupport_fastrtps_c;rosidl_typesupport_introspection_c\n'}
[2.407823] (-) TimerEvent: {}
[2.508302] (-) TimerEvent: {}
[2.608616] (-) TimerEvent: {}
[2.683756] (udemy_ros2_pkg) StdoutLine: {'line': b'-- Using all available rosidl_typesupport_cpp: rosidl_typesupport_fastrtps_cpp;rosidl_typesupport_introspection_cpp\n'}
[2.708767] (-) TimerEvent: {}
[2.724274] (udemy_ros2_pkg) StdoutLine: {'line': b'-- Found python_cmake_module: 0.10.0 (/opt/ros/humble/share/python_cmake_module/cmake)\n'}
[2.763684] (udemy_ros2_pkg) StdoutLine: {'line': b'-- Using PYTHON_EXECUTABLE: /usr/bin/python3\n'}
[2.763952] (udemy_ros2_pkg) StdoutLine: {'line': b'-- Using PYTHON_INCLUDE_DIRS: /usr/include/python3.10\n'}
[2.764108] (udemy_ros2_pkg) StdoutLine: {'line': b'-- Using PYTHON_LIBRARIES: /usr/lib/x86_64-linux-gnu/libpython3.10.so\n'}
[2.808850] (-) TimerEvent: {}
[2.873148] (udemy_ros2_pkg) StdoutLine: {'line': b'-- Found ament_cmake_flake8: 0.12.5 (/opt/ros/humble/share/ament_cmake_flake8/cmake)\n'}
[2.874638] (udemy_ros2_pkg) StdoutLine: {'line': b'-- Found ament_cmake_pep257: 0.12.5 (/opt/ros/humble/share/ament_cmake_pep257/cmake)\n'}
[2.885215] (udemy_ros2_pkg) StdoutLine: {'line': b'-- Found ament_lint_auto: 0.12.5 (/opt/ros/humble/share/ament_lint_auto/cmake)\n'}
[2.903127] (udemy_ros2_pkg) StdoutLine: {'line': b"-- Added test 'cppcheck' to perform static code analysis on C / C++ code\n"}
[2.904846] (udemy_ros2_pkg) StdoutLine: {'line': b'-- Configured cppcheck include dirs: \n'}
[2.905147] (udemy_ros2_pkg) StdoutLine: {'line': b'-- Configured cppcheck exclude dirs and/or files: \n'}
[2.907911] (udemy_ros2_pkg) StdoutLine: {'line': b"-- Added test 'cpplint' to check C / C++ code against the Google style\n"}
[2.908198] (udemy_ros2_pkg) StdoutLine: {'line': b'-- Configured cpplint exclude dirs and/or files: \n'}
[2.908926] (-) TimerEvent: {}
[2.910956] (udemy_ros2_pkg) StdoutLine: {'line': b"-- Added test 'uncrustify' to check C / C++ code style\n"}
[2.911195] (udemy_ros2_pkg) StdoutLine: {'line': b'-- Configured uncrustify additional arguments: \n'}
[2.911843] (udemy_ros2_pkg) StdoutLine: {'line': b"-- Added test 'flake8' to check Python code syntax and style conventions\n"}
[2.912689] (udemy_ros2_pkg) StdoutLine: {'line': b"-- Added test 'pep257' to check Python code against some of the docstring style conventions in PEP 257\n"}
[2.913873] (udemy_ros2_pkg) StdoutLine: {'line': b"-- Added test 'lint_cmake' to check CMake code style\n"}
[2.914751] (udemy_ros2_pkg) StdoutLine: {'line': b"-- Added test 'xmllint' to check XML markup files\n"}
[2.921915] (udemy_ros2_pkg) StdoutLine: {'line': b'-- Configuring done\n'}
[3.009063] (-) TimerEvent: {}
[3.041505] (udemy_ros2_pkg) StdoutLine: {'line': b'-- Generating done\n'}
[3.048866] (udemy_ros2_pkg) StdoutLine: {'line': b'-- Build files have been written to: /home/ubuntu/Desktop/learn/Workspaces/ros2_cpp_ws/build/udemy_ros2_pkg\n'}
[3.097258] (udemy_ros2_pkg) StdoutLine: {'line': b'\x1b[35m\x1b[1mConsolidate compiler generated dependencies of target calc_speed\x1b[0m\n'}
[3.098863] (udemy_ros2_pkg) StdoutLine: {'line': b'\x1b[35m\x1b[1mConsolidate compiler generated dependencies of target subscriber\x1b[0m\n'}
[3.100840] (udemy_ros2_pkg) StdoutLine: {'line': b'\x1b[35m\x1b[1mConsolidate compiler generated dependencies of target publisher\x1b[0m\n'}
[3.110320] (-) TimerEvent: {}
[3.112525] (udemy_ros2_pkg) StdoutLine: {'line': b'\x1b[35m\x1b[1mConsolidate compiler generated dependencies of target udemy_ros2_pkg__rosidl_generator_c\x1b[0m\n'}
[3.119294] (udemy_ros2_pkg) StdoutLine: {'line': b'\x1b[35m\x1b[1mConsolidate compiler generated dependencies of target rpm_publisher\x1b[0m\n'}
[3.145978] (udemy_ros2_pkg) StdoutLine: {'line': b'[  2%] Built target ament_cmake_python_symlink_udemy_ros2_pkg\n'}
[3.146272] (udemy_ros2_pkg) StdoutLine: {'line': b'[  4%] Built target subscriber\n'}
[3.162904] (udemy_ros2_pkg) StdoutLine: {'line': b'[  6%] Built target udemy_ros2_pkg__cpp\n'}
[3.163916] (udemy_ros2_pkg) StdoutLine: {'line': b'[ 11%] Built target publisher\n'}
[3.179993] (udemy_ros2_pkg) StdoutLine: {'line': b'[ 18%] Built target udemy_ros2_pkg__rosidl_generator_c\n'}
[3.193853] (udemy_ros2_pkg) StdoutLine: {'line': b'[ 27%] Built target calc_speed\n'}
[3.199365] (udemy_ros2_pkg) StdoutLine: {'line': b'[ 27%] Built target rpm_publisher\n'}
[3.199981] (udemy_ros2_pkg) StdoutLine: {'line': b'\x1b[35m\x1b[1mConsolidate compiler generated dependencies of target udemy_ros2_pkg__rosidl_typesupport_cpp\x1b[0m\n'}
[3.219477] (-) TimerEvent: {}
[3.219809] (udemy_ros2_pkg) StdoutLine: {'line': b'\x1b[35m\x1b[1mConsolidate compiler generated dependencies of target udemy_ros2_pkg__rosidl_typesupport_introspection_c\x1b[0m\n'}
[3.235014] (udemy_ros2_pkg) StdoutLine: {'line': b'\x1b[35m\x1b[1mConsolidate compiler generated dependencies of target udemy_ros2_pkg__rosidl_typesupport_fastrtps_c\x1b[0m\n'}
[3.245100] (udemy_ros2_pkg) StdoutLine: {'line': b'\x1b[35m\x1b[1mConsolidate compiler generated dependencies of target udemy_ros2_pkg__rosidl_typesupport_fastrtps_cpp\x1b[0m\n'}
[3.255139] (udemy_ros2_pkg) StdoutLine: {'line': b'\x1b[35m\x1b[1mConsolidate compiler generated dependencies of target udemy_ros2_pkg__rosidl_typesupport_c\x1b[0m\n'}
[3.265228] (udemy_ros2_pkg) StdoutLine: {'line': b'\x1b[35m\x1b[1mConsolidate compiler generated dependencies of target udemy_ros2_pkg__rosidl_typesupport_introspection_cpp\x1b[0m\n'}
[3.279321] (udemy_ros2_pkg) StdoutLine: {'line': b'[ 34%] Built target udemy_ros2_pkg__rosidl_typesupport_introspection_c\n'}
[3.293342] (udemy_ros2_pkg) StdoutLine: {'line': b'[ 41%] Built target udemy_ros2_pkg__rosidl_typesupport_cpp\n'}
[3.297057] (udemy_ros2_pkg) StdoutLine: {'line': b'[ 48%] Built target udemy_ros2_pkg__rosidl_typesupport_c\n'}
[3.319597] (-) TimerEvent: {}
[3.328060] (udemy_ros2_pkg) StdoutLine: {'line': b'[ 55%] Built target udemy_ros2_pkg__rosidl_typesupport_fastrtps_cpp\n'}
[3.336111] (udemy_ros2_pkg) StdoutLine: {'line': b'[ 62%] Built target udemy_ros2_pkg__rosidl_typesupport_introspection_cpp\n'}
[3.343187] (udemy_ros2_pkg) StdoutLine: {'line': b'[ 69%] Built target udemy_ros2_pkg__rosidl_typesupport_fastrtps_c\n'}
[3.346769] (udemy_ros2_pkg) StdoutLine: {'line': b'[ 72%] \x1b[32mBuilding CXX object CMakeFiles/service_server.dir/src/service_server.cpp.o\x1b[0m\n'}
[3.392513] (udemy_ros2_pkg) StdoutLine: {'line': b'[ 74%] \x1b[32mBuilding CXX object CMakeFiles/service_client.dir/src/service_client.cpp.o\x1b[0m\n'}
[3.406167] (udemy_ros2_pkg) StdoutLine: {'line': b'[ 74%] Built target udemy_ros2_pkg\n'}
[3.419809] (-) TimerEvent: {}
[3.448567] (udemy_ros2_pkg) StdoutLine: {'line': b'[ 76%] Built target udemy_ros2_pkg__py\n'}
[3.470307] (udemy_ros2_pkg) StdoutLine: {'line': b'\x1b[35m\x1b[1mConsolidate compiler generated dependencies of target udemy_ros2_pkg__rosidl_generator_py\x1b[0m\n'}
[3.498983] (udemy_ros2_pkg) StdoutLine: {'line': b'[ 81%] Built target udemy_ros2_pkg__rosidl_generator_py\n'}
[3.519885] (udemy_ros2_pkg) StdoutLine: {'line': b'\x1b[35m\x1b[1mConsolidate compiler generated dependencies of target udemy_ros2_pkg__rosidl_typesupport_c__pyext\x1b[0m\n'}
[3.520137] (-) TimerEvent: {}
[3.521962] (udemy_ros2_pkg) StdoutLine: {'line': b'\x1b[35m\x1b[1mConsolidate compiler generated dependencies of target udemy_ros2_pkg__rosidl_typesupport_introspection_c__pyext\x1b[0m\n'}
[3.522209] (udemy_ros2_pkg) StdoutLine: {'line': b'\x1b[35m\x1b[1mConsolidate compiler generated dependencies of target udemy_ros2_pkg__rosidl_typesupport_fastrtps_c__pyext\x1b[0m\n'}
[3.549392] (udemy_ros2_pkg) StdoutLine: {'line': b'[ 86%] Built target udemy_ros2_pkg__rosidl_typesupport_c__pyext\n'}
[3.555047] (udemy_ros2_pkg) StdoutLine: {'line': b'[ 90%] Built target udemy_ros2_pkg__rosidl_typesupport_introspection_c__pyext\n'}
[3.563416] (udemy_ros2_pkg) StdoutLine: {'line': b'[ 95%] Built target udemy_ros2_pkg__rosidl_typesupport_fastrtps_c__pyext\n'}
[3.620755] (-) TimerEvent: {}
[3.722266] (-) TimerEvent: {}
[3.822672] (-) TimerEvent: {}
[3.834242] (udemy_ros2_pkg) StdoutLine: {'line': b'running egg_info\n'}
[3.835876] (udemy_ros2_pkg) StdoutLine: {'line': b'writing udemy_ros2_pkg.egg-info/PKG-INFO\n'}
[3.836148] (udemy_ros2_pkg) StdoutLine: {'line': b'writing dependency_links to udemy_ros2_pkg.egg-info/dependency_links.txt\n'}
[3.836362] (udemy_ros2_pkg) StdoutLine: {'line': b'writing top-level names to udemy_ros2_pkg.egg-info/top_level.txt\n'}
[3.840810] (udemy_ros2_pkg) StdoutLine: {'line': b"reading manifest file 'udemy_ros2_pkg.egg-info/SOURCES.txt'\n"}
[3.842028] (udemy_ros2_pkg) StdoutLine: {'line': b"writing manifest file 'udemy_ros2_pkg.egg-info/SOURCES.txt'\n"}
[3.895268] (udemy_ros2_pkg) StdoutLine: {'line': b'[ 95%] Built target ament_cmake_python_build_udemy_ros2_pkg_egg\n'}
[3.922811] (-) TimerEvent: {}
[4.023290] (-) TimerEvent: {}
[4.123664] (-) TimerEvent: {}
[4.224080] (-) TimerEvent: {}
[4.325136] (-) TimerEvent: {}
[4.425791] (-) TimerEvent: {}
[4.526691] (-) TimerEvent: {}
[4.627059] (-) TimerEvent: {}
[4.727423] (-) TimerEvent: {}
[4.827783] (-) TimerEvent: {}
[4.928189] (-) TimerEvent: {}
[5.028591] (-) TimerEvent: {}
[5.128946] (-) TimerEvent: {}
[5.229273] (-) TimerEvent: {}
[5.329596] (-) TimerEvent: {}
[5.429978] (-) TimerEvent: {}
[5.530333] (-) TimerEvent: {}
[5.630787] (-) TimerEvent: {}
[5.731191] (-) TimerEvent: {}
[5.831581] (-) TimerEvent: {}
[5.932013] (-) TimerEvent: {}
[6.032397] (-) TimerEvent: {}
[6.132799] (-) TimerEvent: {}
[6.233191] (-) TimerEvent: {}
[6.333601] (-) TimerEvent: {}
[6.434008] (-) TimerEvent: {}
[6.534412] (-) TimerEvent: {}
[6.634862] (-) TimerEvent: {}
[6.735337] (-) TimerEvent: {}
[6.835895] (-) TimerEvent: {}
[6.936286] (-) TimerEvent: {}
[7.036709] (-) TimerEvent: {}
[7.137112] (-) TimerEvent: {}
[7.237501] (-) TimerEvent: {}
[7.337905] (-) TimerEvent: {}
[7.438312] (-) TimerEvent: {}
[7.538714] (-) TimerEvent: {}
[7.639048] (-) TimerEvent: {}
[7.742060] (-) TimerEvent: {}
[7.842465] (-) TimerEvent: {}
[7.942890] (-) TimerEvent: {}
[8.043377] (-) TimerEvent: {}
[8.143813] (-) TimerEvent: {}
[8.244272] (-) TimerEvent: {}
[8.344573] (-) TimerEvent: {}
[8.444907] (-) TimerEvent: {}
[8.545226] (-) TimerEvent: {}
[8.645637] (-) TimerEvent: {}
[8.745982] (-) TimerEvent: {}
[8.846330] (-) TimerEvent: {}
[8.946755] (-) TimerEvent: {}
[9.047234] (-) TimerEvent: {}
[9.147693] (-) TimerEvent: {}
[9.248082] (-) TimerEvent: {}
[9.348402] (-) TimerEvent: {}
[9.448735] (-) TimerEvent: {}
[9.549053] (-) TimerEvent: {}
[9.649414] (-) TimerEvent: {}
[9.749801] (-) TimerEvent: {}
[9.850179] (-) TimerEvent: {}
[9.950581] (-) TimerEvent: {}
[10.051114] (-) TimerEvent: {}
[10.151568] (-) TimerEvent: {}
[10.251971] (-) TimerEvent: {}
[10.352379] (-) TimerEvent: {}
[10.452809] (-) TimerEvent: {}
[10.553326] (-) TimerEvent: {}
[10.653743] (-) TimerEvent: {}
[10.754073] (-) TimerEvent: {}
[10.854397] (-) TimerEvent: {}
[10.954732] (-) TimerEvent: {}
[11.055110] (-) TimerEvent: {}
[11.155524] (-) TimerEvent: {}
[11.255990] (-) TimerEvent: {}
[11.356467] (-) TimerEvent: {}
[11.457161] (-) TimerEvent: {}
[11.557609] (-) TimerEvent: {}
[11.658040] (-) TimerEvent: {}
[11.758460] (-) TimerEvent: {}
[11.859106] (-) TimerEvent: {}
[11.959670] (-) TimerEvent: {}
[12.060204] (-) TimerEvent: {}
[12.160558] (-) TimerEvent: {}
[12.260889] (-) TimerEvent: {}
[12.299324] (udemy_ros2_pkg) StdoutLine: {'line': b'[ 97%] \x1b[32m\x1b[1mLinking CXX executable service_client\x1b[0m\n'}
[12.360992] (-) TimerEvent: {}
[12.461374] (-) TimerEvent: {}
[12.547639] (udemy_ros2_pkg) StdoutLine: {'line': b'[100%] \x1b[32m\x1b[1mLinking CXX executable service_server\x1b[0m\n'}
[12.560494] (udemy_ros2_pkg) StdoutLine: {'line': b'[100%] Built target service_client\n'}
[12.561462] (-) TimerEvent: {}
[12.661852] (-) TimerEvent: {}
[12.762386] (-) TimerEvent: {}
[12.801820] (udemy_ros2_pkg) StdoutLine: {'line': b'[100%] Built target service_server\n'}
[12.820201] (udemy_ros2_pkg) CommandEnded: {'returncode': 0}
[12.862498] (-) TimerEvent: {}
[12.942319] (udemy_ros2_pkg) JobProgress: {'identifier': 'udemy_ros2_pkg', 'progress': 'install'}
[12.943635] (udemy_ros2_pkg) Command: {'cmd': ['/usr/bin/cmake', '--install', '/home/ubuntu/Desktop/learn/Workspaces/ros2_cpp_ws/build/udemy_ros2_pkg'], 'cwd': '/home/ubuntu/Desktop/learn/Workspaces/ros2_cpp_ws/build/udemy_ros2_pkg', 'env': OrderedDict([('GJS_DEBUG_TOPICS', 'JS ERROR;JS LOG'), ('LESSOPEN', '| /usr/bin/lesspipe %s'), ('LANGUAGE', 'de_DE:en'), ('USER', 'ubuntu'), ('LC_TIME', 'C.UTF-8'), ('GIO_MODULE_DIR', '/home/ubuntu/snap/code/common/.cache/gio-modules'), ('XDG_SESSION_TYPE', 'x11'), ('GIT_ASKPASS', '/snap/code/126/usr/share/code/resources/app/extensions/git/dist/askpass.sh'), ('SHLVL', '0'), ('LD_LIBRARY_PATH', '/home/ubuntu/Desktop/learn/Workspaces/ros2_cpp_ws/install/rplidar_ros/lib:/opt/ros/humble/opt/rviz_ogre_vendor/lib:/opt/ros/humble/lib/x86_64-linux-gnu:/opt/ros/humble/lib'), ('HOME', '/home/ubuntu'), ('CHROME_DESKTOP', 'code-url-handler.desktop'), ('TERM_PROGRAM_VERSION', '1.77.3'), ('DESKTOP_SESSION', 'ubuntu'), ('GTK_PATH', '/snap/code/126/usr/lib/x86_64-linux-gnu/gtk-3.0'), ('GTK_IM_MODULE_FILE', '/home/ubuntu/snap/code/common/.cache/immodules/immodules.cache'), ('GIO_LAUNCHED_DESKTOP_FILE', '/var/lib/snapd/desktop/applications/code_code.desktop'), ('ROS_PYTHON_VERSION', '3'), ('GNOME_SHELL_SESSION_MODE', 'ubuntu'), ('GTK_MODULES', 'gail:atk-bridge'), ('VSCODE_GIT_ASKPASS_MAIN', '/snap/code/126/usr/share/code/resources/app/extensions/git/dist/askpass-main.js'), ('LC_MONETARY', 'C.UTF-8'), ('VSCODE_GIT_ASKPASS_NODE', '/snap/code/126/usr/share/code/code'), ('MANAGERPID', '1991'), ('SYSTEMD_EXEC_PID', '2575'), ('DBUS_SESSION_BUS_ADDRESS', 'unix:path=/run/user/999/bus'), ('COLORTERM', 'truecolor'), ('GIO_LAUNCHED_DESKTOP_FILE_PID', '5470'), ('_colcon_cd_root', '/opt/ros/humble/'), ('IM_CONFIG_PHASE', '1'), ('COLCON_PREFIX_PATH', '/home/ubuntu/Desktop/learn/Workspaces/ros2_cpp_ws/install'), ('ROS_DISTRO', 'humble'), ('GTK_IM_MODULE', 'ibus'), ('LOGNAME', 'ubuntu'), ('JOURNAL_STREAM', '8:33888'), ('_', '/usr/bin/colcon'), ('ROS_VERSION', '2'), ('XDG_SESSION_CLASS', 'user'), ('USERNAME', 'ubuntu'), ('TERM', 'xterm-256color'), ('GNOME_DESKTOP_SESSION_ID', 'this-is-deprecated'), ('ROS_LOCALHOST_ONLY', '0'), ('WINDOWPATH', '2'), ('PATH', '/opt/ros/humble/bin:/usr/local/sbin:/usr/local/bin:/usr/sbin:/usr/bin:/sbin:/bin:/usr/games:/usr/local/games:/snap/bin:/snap/bin'), ('SESSION_MANAGER', 'local/ubuntu:@/tmp/.ICE-unix/2553,unix/ubuntu:/tmp/.ICE-unix/2553'), ('GTK_EXE_PREFIX', '/snap/code/126/usr'), ('INVOCATION_ID', 'e94b54870e714a56a9649c6732573276'), ('PAPERSIZE', 'a4'), ('XDG_MENU_PREFIX', 'gnome-'), ('LC_ADDRESS', 'C.UTF-8'), ('BAMF_DESKTOP_FILE_HINT', '/var/lib/snapd/desktop/applications/code_code.desktop'), ('XDG_RUNTIME_DIR', '/run/user/999'), ('GDK_BACKEND', 'x11'), ('DISPLAY', ':0'), ('LOCPATH', '/snap/code/126/usr/lib/locale'), ('LANG', 'de_DE.UTF-8'), ('XDG_CURRENT_DESKTOP', 'Unity'), ('LC_TELEPHONE', 'C.UTF-8'), ('XMODIFIERS', '@im=ibus'), ('XDG_SESSION_DESKTOP', 'ubuntu'), ('XAUTHORITY', '/run/user/999/gdm/Xauthority'), ('LS_COLORS', ''), ('VSCODE_GIT_IPC_HANDLE', '/run/user/999/vscode-git-a3e758ea92.sock'), ('TERM_PROGRAM', 'vscode'), ('SSH_AGENT_LAUNCHER', 'gnome-keyring'), ('SSH_AUTH_SOCK', '/run/user/999/keyring/ssh'), ('GSETTINGS_SCHEMA_DIR', '/home/ubuntu/snap/code/126/.local/share/glib-2.0/schemas'), ('AMENT_PREFIX_PATH', '/home/ubuntu/Desktop/learn/Workspaces/ros2_cpp_ws/install/udemy_ros2_pkg:/home/ubuntu/Desktop/learn/Workspaces/ros2_cpp_ws/install/rplidar_ros:/opt/ros/humble'), ('ORIGINAL_XDG_CURRENT_DESKTOP', 'ubuntu:GNOME'), ('SHELL', '/bin/bash'), ('LC_NAME', 'C.UTF-8'), ('QT_ACCESSIBILITY', '1'), ('GDMSESSION', 'ubuntu'), ('LESSCLOSE', '/usr/bin/lesspipe %s %s'), ('LC_MEASUREMENT', 'C.UTF-8'), ('GPG_AGENT_INFO', '/run/user/999/gnupg/S.gpg-agent:0:1'), ('GJS_DEBUG_OUTPUT', 'stderr'), ('LC_IDENTIFICATION', 'C.UTF-8'), ('VSCODE_GIT_ASKPASS_EXTRA_ARGS', '--ms-enable-electron-run-as-node'), ('QT_IM_MODULE', 'ibus'), ('PWD', '/home/ubuntu/Desktop/learn/Workspaces/ros2_cpp_ws/build/udemy_ros2_pkg'), ('XDG_CONFIG_DIRS', '/etc/xdg/xdg-ubuntu:/etc/xdg'), ('XDG_DATA_DIRS', '/home/ubuntu/snap/code/126/.local/share:/home/ubuntu/snap/code/126:/snap/code/126/usr/share:/usr/share/ubuntu:/usr/share/gnome:/usr/local/share/:/usr/share/:/var/lib/snapd/desktop'), ('PYTHONPATH', '/opt/ros/humble/lib/python3.10/site-packages:/opt/ros/humble/local/lib/python3.10/dist-packages'), ('LC_NUMERIC', 'C.UTF-8'), ('LC_PAPER', 'C.UTF-8'), ('GTK_USE_PORTAL', '1'), ('COLCON', '1'), ('CMAKE_PREFIX_PATH', '/home/ubuntu/Desktop/learn/Workspaces/ros2_cpp_ws/install/udemy_ros2_pkg:/home/ubuntu/Desktop/learn/Workspaces/ros2_cpp_ws/install/rplidar_ros:/opt/ros/humble')]), 'shell': False}
[12.954569] (udemy_ros2_pkg) StdoutLine: {'line': b'-- Install configuration: "RelWithDebInfo"\n'}
[12.955376] (udemy_ros2_pkg) StdoutLine: {'line': b'-- Execute custom install script\n'}
[12.955779] (udemy_ros2_pkg) StdoutLine: {'line': b'-- Up-to-date symlink: /home/ubuntu/Desktop/learn/Workspaces/ros2_cpp_ws/install/udemy_ros2_pkg/share/ament_index/resource_index/rosidl_interfaces/udemy_ros2_pkg\n'}
[12.956741] (udemy_ros2_pkg) StdoutLine: {'line': b'-- Up-to-date symlink: /home/ubuntu/Desktop/learn/Workspaces/ros2_cpp_ws/install/udemy_ros2_pkg/include/udemy_ros2_pkg/udemy_ros2_pkg/msg/rosidl_generator_c__visibility_control.h\n'}
[12.957253] (udemy_ros2_pkg) StdoutLine: {'line': b'-- Up-to-date symlink: /home/ubuntu/Desktop/learn/Workspaces/ros2_cpp_ws/install/udemy_ros2_pkg/include/udemy_ros2_pkg/udemy_ros2_pkg/srv/detail/odd_even_check__functions.h\n'}
[12.957567] (udemy_ros2_pkg) StdoutLine: {'line': b'-- Up-to-date symlink: /home/ubuntu/Desktop/learn/Workspaces/ros2_cpp_ws/install/udemy_ros2_pkg/include/udemy_ros2_pkg/udemy_ros2_pkg/srv/detail/odd_even_check__struct.h\n'}
[12.957917] (udemy_ros2_pkg) StdoutLine: {'line': b'-- Up-to-date symlink: /home/ubuntu/Desktop/learn/Workspaces/ros2_cpp_ws/install/udemy_ros2_pkg/include/udemy_ros2_pkg/udemy_ros2_pkg/srv/detail/odd_even_check__type_support.h\n'}
[12.958279] (udemy_ros2_pkg) StdoutLine: {'line': b'-- Up-to-date symlink: /home/ubuntu/Desktop/learn/Workspaces/ros2_cpp_ws/install/udemy_ros2_pkg/include/udemy_ros2_pkg/udemy_ros2_pkg/srv/odd_even_check.h\n'}
[12.958685] (udemy_ros2_pkg) StdoutLine: {'line': b'-- Up-to-date symlink: /home/ubuntu/Desktop/learn/Workspaces/ros2_cpp_ws/install/udemy_ros2_pkg/share/udemy_ros2_pkg/environment/library_path.sh\n'}
[12.959089] (udemy_ros2_pkg) StdoutLine: {'line': b'-- Up-to-date symlink: /home/ubuntu/Desktop/learn/Workspaces/ros2_cpp_ws/install/udemy_ros2_pkg/share/udemy_ros2_pkg/environment/library_path.dsv\n'}
[12.960227] (udemy_ros2_pkg) StdoutLine: {'line': b'-- Up-to-date symlink: /home/ubuntu/Desktop/learn/Workspaces/ros2_cpp_ws/install/udemy_ros2_pkg/include/udemy_ros2_pkg/udemy_ros2_pkg/msg/rosidl_typesupport_fastrtps_c__visibility_control.h\n'}
[12.960564] (udemy_ros2_pkg) StdoutLine: {'line': b'-- Up-to-date symlink: /home/ubuntu/Desktop/learn/Workspaces/ros2_cpp_ws/install/udemy_ros2_pkg/include/udemy_ros2_pkg/udemy_ros2_pkg/srv/detail/odd_even_check__rosidl_typesupport_fastrtps_c.h\n'}
[12.961520] (udemy_ros2_pkg) StdoutLine: {'line': b'-- Up-to-date symlink: /home/ubuntu/Desktop/learn/Workspaces/ros2_cpp_ws/install/udemy_ros2_pkg/include/udemy_ros2_pkg/udemy_ros2_pkg/srv/detail/odd_even_check__builder.hpp\n'}
[12.961850] (udemy_ros2_pkg) StdoutLine: {'line': b'-- Up-to-date symlink: /home/ubuntu/Desktop/learn/Workspaces/ros2_cpp_ws/install/udemy_ros2_pkg/include/udemy_ros2_pkg/udemy_ros2_pkg/srv/detail/odd_even_check__struct.hpp\n'}
[12.962149] (udemy_ros2_pkg) StdoutLine: {'line': b'-- Up-to-date symlink: /home/ubuntu/Desktop/learn/Workspaces/ros2_cpp_ws/install/udemy_ros2_pkg/include/udemy_ros2_pkg/udemy_ros2_pkg/srv/detail/odd_even_check__traits.hpp\n'}
[12.962479] (udemy_ros2_pkg) StdoutLine: {'line': b'-- Up-to-date symlink: /home/ubuntu/Desktop/learn/Workspaces/ros2_cpp_ws/install/udemy_ros2_pkg/include/udemy_ros2_pkg/udemy_ros2_pkg/srv/odd_even_check.hpp\n'}
[12.962582] (-) TimerEvent: {}
[12.963717] (udemy_ros2_pkg) StdoutLine: {'line': b'-- Up-to-date symlink: /home/ubuntu/Desktop/learn/Workspaces/ros2_cpp_ws/install/udemy_ros2_pkg/include/udemy_ros2_pkg/udemy_ros2_pkg/msg/rosidl_typesupport_fastrtps_cpp__visibility_control.h\n'}
[12.964067] (udemy_ros2_pkg) StdoutLine: {'line': b'-- Up-to-date symlink: /home/ubuntu/Desktop/learn/Workspaces/ros2_cpp_ws/install/udemy_ros2_pkg/include/udemy_ros2_pkg/udemy_ros2_pkg/srv/detail/odd_even_check__rosidl_typesupport_fastrtps_cpp.hpp\n'}
[12.964965] (udemy_ros2_pkg) StdoutLine: {'line': b'-- Up-to-date symlink: /home/ubuntu/Desktop/learn/Workspaces/ros2_cpp_ws/install/udemy_ros2_pkg/include/udemy_ros2_pkg/udemy_ros2_pkg/msg/rosidl_typesupport_introspection_c__visibility_control.h\n'}
[12.965325] (udemy_ros2_pkg) StdoutLine: {'line': b'-- Up-to-date symlink: /home/ubuntu/Desktop/learn/Workspaces/ros2_cpp_ws/install/udemy_ros2_pkg/include/udemy_ros2_pkg/udemy_ros2_pkg/srv/detail/odd_even_check__rosidl_typesupport_introspection_c.h\n'}
[12.966141] (udemy_ros2_pkg) StdoutLine: {'line': b'-- Up-to-date symlink: /home/ubuntu/Desktop/learn/Workspaces/ros2_cpp_ws/install/udemy_ros2_pkg/include/udemy_ros2_pkg/udemy_ros2_pkg/srv/detail/odd_even_check__rosidl_typesupport_introspection_cpp.hpp\n'}
[12.966588] (udemy_ros2_pkg) StdoutLine: {'line': b'-- Up-to-date symlink: /home/ubuntu/Desktop/learn/Workspaces/ros2_cpp_ws/install/udemy_ros2_pkg/share/udemy_ros2_pkg/environment/pythonpath.sh\n'}
[12.967014] (udemy_ros2_pkg) StdoutLine: {'line': b'-- Up-to-date symlink: /home/ubuntu/Desktop/learn/Workspaces/ros2_cpp_ws/install/udemy_ros2_pkg/share/udemy_ros2_pkg/environment/pythonpath.dsv\n'}
[12.967916] (udemy_ros2_pkg) StdoutLine: {'line': b'-- Up-to-date symlink: /home/ubuntu/Desktop/learn/Workspaces/ros2_cpp_ws/install/udemy_ros2_pkg/local/lib/python3.10/dist-packages/udemy_ros2_pkg-0.0.0-py3.10.egg-info/PKG-INFO\n'}
[12.968284] (udemy_ros2_pkg) StdoutLine: {'line': b'-- Up-to-date symlink: /home/ubuntu/Desktop/learn/Workspaces/ros2_cpp_ws/install/udemy_ros2_pkg/local/lib/python3.10/dist-packages/udemy_ros2_pkg-0.0.0-py3.10.egg-info/SOURCES.txt\n'}
[12.968563] (udemy_ros2_pkg) StdoutLine: {'line': b'-- Up-to-date symlink: /home/ubuntu/Desktop/learn/Workspaces/ros2_cpp_ws/install/udemy_ros2_pkg/local/lib/python3.10/dist-packages/udemy_ros2_pkg-0.0.0-py3.10.egg-info/dependency_links.txt\n'}
[12.969033] (udemy_ros2_pkg) StdoutLine: {'line': b'-- Up-to-date symlink: /home/ubuntu/Desktop/learn/Workspaces/ros2_cpp_ws/install/udemy_ros2_pkg/local/lib/python3.10/dist-packages/udemy_ros2_pkg-0.0.0-py3.10.egg-info/top_level.txt\n'}
[12.970716] (udemy_ros2_pkg) StdoutLine: {'line': b'-- Up-to-date symlink: /home/ubuntu/Desktop/learn/Workspaces/ros2_cpp_ws/install/udemy_ros2_pkg/local/lib/python3.10/dist-packages/udemy_ros2_pkg/__init__.py\n'}
[12.971047] (udemy_ros2_pkg) StdoutLine: {'line': b'-- Up-to-date symlink: /home/ubuntu/Desktop/learn/Workspaces/ros2_cpp_ws/install/udemy_ros2_pkg/local/lib/python3.10/dist-packages/udemy_ros2_pkg/_udemy_ros2_pkg_s.ep.rosidl_typesupport_c.c\n'}
[12.971362] (udemy_ros2_pkg) StdoutLine: {'line': b'-- Up-to-date symlink: /home/ubuntu/Desktop/learn/Workspaces/ros2_cpp_ws/install/udemy_ros2_pkg/local/lib/python3.10/dist-packages/udemy_ros2_pkg/_udemy_ros2_pkg_s.ep.rosidl_typesupport_fastrtps_c.c\n'}
[12.971680] (udemy_ros2_pkg) StdoutLine: {'line': b'-- Up-to-date symlink: /home/ubuntu/Desktop/learn/Workspaces/ros2_cpp_ws/install/udemy_ros2_pkg/local/lib/python3.10/dist-packages/udemy_ros2_pkg/_udemy_ros2_pkg_s.ep.rosidl_typesupport_introspection_c.c\n'}
[12.972009] (udemy_ros2_pkg) StdoutLine: {'line': b'-- Up-to-date symlink: /home/ubuntu/Desktop/learn/Workspaces/ros2_cpp_ws/install/udemy_ros2_pkg/local/lib/python3.10/dist-packages/udemy_ros2_pkg/libudemy_ros2_pkg__rosidl_generator_py.so\n'}
[12.972369] (udemy_ros2_pkg) StdoutLine: {'line': b'-- Up-to-date symlink: /home/ubuntu/Desktop/learn/Workspaces/ros2_cpp_ws/install/udemy_ros2_pkg/local/lib/python3.10/dist-packages/udemy_ros2_pkg/srv/__init__.py\n'}
[12.972634] (udemy_ros2_pkg) StdoutLine: {'line': b'-- Up-to-date symlink: /home/ubuntu/Desktop/learn/Workspaces/ros2_cpp_ws/install/udemy_ros2_pkg/local/lib/python3.10/dist-packages/udemy_ros2_pkg/srv/_odd_even_check.py\n'}
[12.973249] (udemy_ros2_pkg) StdoutLine: {'line': b'-- Up-to-date symlink: /home/ubuntu/Desktop/learn/Workspaces/ros2_cpp_ws/install/udemy_ros2_pkg/local/lib/python3.10/dist-packages/udemy_ros2_pkg/srv/_odd_even_check_s.c\n'}
[12.973469] (udemy_ros2_pkg) StdoutLine: {'line': b'-- Up-to-date symlink: /home/ubuntu/Desktop/learn/Workspaces/ros2_cpp_ws/install/udemy_ros2_pkg/local/lib/python3.10/dist-packages/udemy_ros2_pkg/udemy_ros2_pkg_s__rosidl_typesupport_c.cpython-310-x86_64-linux-gnu.so\n'}
[12.973812] (udemy_ros2_pkg) StdoutLine: {'line': b'-- Up-to-date symlink: /home/ubuntu/Desktop/learn/Workspaces/ros2_cpp_ws/install/udemy_ros2_pkg/local/lib/python3.10/dist-packages/udemy_ros2_pkg/udemy_ros2_pkg_s__rosidl_typesupport_fastrtps_c.cpython-310-x86_64-linux-gnu.so\n'}
[12.974231] (udemy_ros2_pkg) StdoutLine: {'line': b'-- Up-to-date symlink: /home/ubuntu/Desktop/learn/Workspaces/ros2_cpp_ws/install/udemy_ros2_pkg/local/lib/python3.10/dist-packages/udemy_ros2_pkg/udemy_ros2_pkg_s__rosidl_typesupport_introspection_c.cpython-310-x86_64-linux-gnu.so\n'}
[12.974890] (udemy_ros2_pkg) StdoutLine: {'line': b'-- Up-to-date symlink: /home/ubuntu/Desktop/learn/Workspaces/ros2_cpp_ws/install/udemy_ros2_pkg/local/lib/python3.10/dist-packages/udemy_ros2_pkg/udemy_ros2_pkg_s__rosidl_typesupport_fastrtps_c.cpython-310-x86_64-linux-gnu.so\n'}
[12.975553] (udemy_ros2_pkg) StdoutLine: {'line': b'-- Up-to-date symlink: /home/ubuntu/Desktop/learn/Workspaces/ros2_cpp_ws/install/udemy_ros2_pkg/local/lib/python3.10/dist-packages/udemy_ros2_pkg/udemy_ros2_pkg_s__rosidl_typesupport_introspection_c.cpython-310-x86_64-linux-gnu.so\n'}
[12.976209] (udemy_ros2_pkg) StdoutLine: {'line': b'-- Up-to-date symlink: /home/ubuntu/Desktop/learn/Workspaces/ros2_cpp_ws/install/udemy_ros2_pkg/local/lib/python3.10/dist-packages/udemy_ros2_pkg/udemy_ros2_pkg_s__rosidl_typesupport_c.cpython-310-x86_64-linux-gnu.so\n'}
[12.976693] (udemy_ros2_pkg) StdoutLine: {'line': b'-- Up-to-date symlink: /home/ubuntu/Desktop/learn/Workspaces/ros2_cpp_ws/install/udemy_ros2_pkg/share/udemy_ros2_pkg/srv/OddEvenCheck.idl\n'}
[12.977161] (udemy_ros2_pkg) StdoutLine: {'line': b'-- Up-to-date symlink: /home/ubuntu/Desktop/learn/Workspaces/ros2_cpp_ws/install/udemy_ros2_pkg/share/udemy_ros2_pkg/srv/OddEvenCheck.srv\n'}
[12.977620] (udemy_ros2_pkg) StdoutLine: {'line': b'-- Up-to-date symlink: /home/ubuntu/Desktop/learn/Workspaces/ros2_cpp_ws/install/udemy_ros2_pkg/share/udemy_ros2_pkg/srv/OddEvenCheck_Request.msg\n'}
[12.978066] (udemy_ros2_pkg) StdoutLine: {'line': b'-- Up-to-date symlink: /home/ubuntu/Desktop/learn/Workspaces/ros2_cpp_ws/install/udemy_ros2_pkg/share/udemy_ros2_pkg/srv/OddEvenCheck_Response.msg\n'}
[12.978725] (udemy_ros2_pkg) StdoutLine: {'line': b'-- Up-to-date symlink: /home/ubuntu/Desktop/learn/Workspaces/ros2_cpp_ws/install/udemy_ros2_pkg/lib/udemy_ros2_pkg/publisher\n'}
[12.979131] (udemy_ros2_pkg) StdoutLine: {'line': b'-- Up-to-date symlink: /home/ubuntu/Desktop/learn/Workspaces/ros2_cpp_ws/install/udemy_ros2_pkg/lib/udemy_ros2_pkg/subscriber\n'}
[12.979493] (udemy_ros2_pkg) StdoutLine: {'line': b'-- Up-to-date symlink: /home/ubuntu/Desktop/learn/Workspaces/ros2_cpp_ws/install/udemy_ros2_pkg/lib/udemy_ros2_pkg/rpm_publisher\n'}
[12.979877] (udemy_ros2_pkg) StdoutLine: {'line': b'-- Up-to-date symlink: /home/ubuntu/Desktop/learn/Workspaces/ros2_cpp_ws/install/udemy_ros2_pkg/lib/udemy_ros2_pkg/calc_speed\n'}
[12.980113] (udemy_ros2_pkg) StdoutLine: {'line': b'-- Symlinking: /home/ubuntu/Desktop/learn/Workspaces/ros2_cpp_ws/install/udemy_ros2_pkg/lib/udemy_ros2_pkg/service_server\n'}
[12.996156] (udemy_ros2_pkg) StdoutLine: {'line': b'-- Symlinking: /home/ubuntu/Desktop/learn/Workspaces/ros2_cpp_ws/install/udemy_ros2_pkg/lib/udemy_ros2_pkg/service_client\n'}
[13.012815] (udemy_ros2_pkg) StdoutLine: {'line': b'-- Up-to-date symlink: /home/ubuntu/Desktop/learn/Workspaces/ros2_cpp_ws/install/udemy_ros2_pkg/share/udemy_ros2_pkg//launch/rpm_calc_speed_node.launch.py\n'}
[13.013159] (udemy_ros2_pkg) StdoutLine: {'line': b'-- Up-to-date symlink: /home/ubuntu/Desktop/learn/Workspaces/ros2_cpp_ws/install/udemy_ros2_pkg/share/udemy_ros2_pkg//launch/rpm_node.launch.py\n'}
[13.013615] (udemy_ros2_pkg) StdoutLine: {'line': b'-- Up-to-date symlink: /home/ubuntu/Desktop/learn/Workspaces/ros2_cpp_ws/install/udemy_ros2_pkg/share/ament_index/resource_index/package_run_dependencies/udemy_ros2_pkg\n'}
[13.014058] (udemy_ros2_pkg) StdoutLine: {'line': b'-- Up-to-date symlink: /home/ubuntu/Desktop/learn/Workspaces/ros2_cpp_ws/install/udemy_ros2_pkg/share/ament_index/resource_index/parent_prefix_path/udemy_ros2_pkg\n'}
[13.014453] (udemy_ros2_pkg) StdoutLine: {'line': b'-- Up-to-date symlink: /home/ubuntu/Desktop/learn/Workspaces/ros2_cpp_ws/install/udemy_ros2_pkg/share/udemy_ros2_pkg/environment/ament_prefix_path.sh\n'}
[13.014872] (udemy_ros2_pkg) StdoutLine: {'line': b'-- Up-to-date symlink: /home/ubuntu/Desktop/learn/Workspaces/ros2_cpp_ws/install/udemy_ros2_pkg/share/udemy_ros2_pkg/environment/ament_prefix_path.dsv\n'}
[13.015277] (udemy_ros2_pkg) StdoutLine: {'line': b'-- Up-to-date symlink: /home/ubuntu/Desktop/learn/Workspaces/ros2_cpp_ws/install/udemy_ros2_pkg/share/udemy_ros2_pkg/environment/path.sh\n'}
[13.015684] (udemy_ros2_pkg) StdoutLine: {'line': b'-- Up-to-date symlink: /home/ubuntu/Desktop/learn/Workspaces/ros2_cpp_ws/install/udemy_ros2_pkg/share/udemy_ros2_pkg/environment/path.dsv\n'}
[13.016084] (udemy_ros2_pkg) StdoutLine: {'line': b'-- Up-to-date symlink: /home/ubuntu/Desktop/learn/Workspaces/ros2_cpp_ws/install/udemy_ros2_pkg/share/udemy_ros2_pkg/local_setup.bash\n'}
[13.016472] (udemy_ros2_pkg) StdoutLine: {'line': b'-- Up-to-date symlink: /home/ubuntu/Desktop/learn/Workspaces/ros2_cpp_ws/install/udemy_ros2_pkg/share/udemy_ros2_pkg/local_setup.sh\n'}
[13.016947] (udemy_ros2_pkg) StdoutLine: {'line': b'-- Up-to-date symlink: /home/ubuntu/Desktop/learn/Workspaces/ros2_cpp_ws/install/udemy_ros2_pkg/share/udemy_ros2_pkg/local_setup.zsh\n'}
[13.017310] (udemy_ros2_pkg) StdoutLine: {'line': b'-- Up-to-date symlink: /home/ubuntu/Desktop/learn/Workspaces/ros2_cpp_ws/install/udemy_ros2_pkg/share/udemy_ros2_pkg/local_setup.dsv\n'}
[13.017563] (udemy_ros2_pkg) StdoutLine: {'line': b'-- Symlinking: /home/ubuntu/Desktop/learn/Workspaces/ros2_cpp_ws/install/udemy_ros2_pkg/share/udemy_ros2_pkg/package.dsv\n'}
[13.032757] (udemy_ros2_pkg) StdoutLine: {'line': b'-- Up-to-date symlink: /home/ubuntu/Desktop/learn/Workspaces/ros2_cpp_ws/install/udemy_ros2_pkg/share/ament_index/resource_index/packages/udemy_ros2_pkg\n'}
[13.033287] (udemy_ros2_pkg) StdoutLine: {'line': b'-- Up-to-date symlink: /home/ubuntu/Desktop/learn/Workspaces/ros2_cpp_ws/install/udemy_ros2_pkg/share/udemy_ros2_pkg/cmake/rosidl_cmake-extras.cmake\n'}
[13.033682] (udemy_ros2_pkg) StdoutLine: {'line': b'-- Up-to-date symlink: /home/ubuntu/Desktop/learn/Workspaces/ros2_cpp_ws/install/udemy_ros2_pkg/share/udemy_ros2_pkg/cmake/ament_cmake_export_dependencies-extras.cmake\n'}
[13.034092] (udemy_ros2_pkg) StdoutLine: {'line': b'-- Up-to-date symlink: /home/ubuntu/Desktop/learn/Workspaces/ros2_cpp_ws/install/udemy_ros2_pkg/share/udemy_ros2_pkg/cmake/ament_cmake_export_include_directories-extras.cmake\n'}
[13.034611] (udemy_ros2_pkg) StdoutLine: {'line': b'-- Up-to-date symlink: /home/ubuntu/Desktop/learn/Workspaces/ros2_cpp_ws/install/udemy_ros2_pkg/share/udemy_ros2_pkg/cmake/ament_cmake_export_libraries-extras.cmake\n'}
[13.035065] (udemy_ros2_pkg) StdoutLine: {'line': b'-- Up-to-date symlink: /home/ubuntu/Desktop/learn/Workspaces/ros2_cpp_ws/install/udemy_ros2_pkg/share/udemy_ros2_pkg/cmake/ament_cmake_export_targets-extras.cmake\n'}
[13.035520] (udemy_ros2_pkg) StdoutLine: {'line': b'-- Up-to-date symlink: /home/ubuntu/Desktop/learn/Workspaces/ros2_cpp_ws/install/udemy_ros2_pkg/share/udemy_ros2_pkg/cmake/rosidl_cmake_export_typesupport_targets-extras.cmake\n'}
[13.035971] (udemy_ros2_pkg) StdoutLine: {'line': b'-- Up-to-date symlink: /home/ubuntu/Desktop/learn/Workspaces/ros2_cpp_ws/install/udemy_ros2_pkg/share/udemy_ros2_pkg/cmake/rosidl_cmake_export_typesupport_libraries-extras.cmake\n'}
[13.036388] (udemy_ros2_pkg) StdoutLine: {'line': b'-- Up-to-date symlink: /home/ubuntu/Desktop/learn/Workspaces/ros2_cpp_ws/install/udemy_ros2_pkg/share/udemy_ros2_pkg/cmake/udemy_ros2_pkgConfig.cmake\n'}
[13.036700] (udemy_ros2_pkg) StdoutLine: {'line': b'-- Up-to-date symlink: /home/ubuntu/Desktop/learn/Workspaces/ros2_cpp_ws/install/udemy_ros2_pkg/share/udemy_ros2_pkg/cmake/udemy_ros2_pkgConfig-version.cmake\n'}
[13.037142] (udemy_ros2_pkg) StdoutLine: {'line': b'-- Up-to-date symlink: /home/ubuntu/Desktop/learn/Workspaces/ros2_cpp_ws/install/udemy_ros2_pkg/share/udemy_ros2_pkg/package.xml\n'}
[13.037753] (udemy_ros2_pkg) StdoutLine: {'line': b'-- Up-to-date: /home/ubuntu/Desktop/learn/Workspaces/ros2_cpp_ws/install/udemy_ros2_pkg/lib/libudemy_ros2_pkg__rosidl_generator_c.so\n'}
[13.038648] (udemy_ros2_pkg) StdoutLine: {'line': b'-- Up-to-date: /home/ubuntu/Desktop/learn/Workspaces/ros2_cpp_ws/install/udemy_ros2_pkg/lib/libudemy_ros2_pkg__rosidl_typesupport_fastrtps_c.so\n'}
[13.040584] (udemy_ros2_pkg) StdoutLine: {'line': b'-- Up-to-date: /home/ubuntu/Desktop/learn/Workspaces/ros2_cpp_ws/install/udemy_ros2_pkg/lib/libudemy_ros2_pkg__rosidl_typesupport_fastrtps_cpp.so\n'}
[13.041025] (udemy_ros2_pkg) StdoutLine: {'line': b'-- Up-to-date: /home/ubuntu/Desktop/learn/Workspaces/ros2_cpp_ws/install/udemy_ros2_pkg/lib/libudemy_ros2_pkg__rosidl_typesupport_introspection_c.so\n'}
[13.041545] (udemy_ros2_pkg) StdoutLine: {'line': b'-- Up-to-date: /home/ubuntu/Desktop/learn/Workspaces/ros2_cpp_ws/install/udemy_ros2_pkg/lib/libudemy_ros2_pkg__rosidl_typesupport_c.so\n'}
[13.042619] (udemy_ros2_pkg) StdoutLine: {'line': b'-- Up-to-date: /home/ubuntu/Desktop/learn/Workspaces/ros2_cpp_ws/install/udemy_ros2_pkg/lib/libudemy_ros2_pkg__rosidl_typesupport_introspection_cpp.so\n'}
[13.043828] (udemy_ros2_pkg) StdoutLine: {'line': b'-- Up-to-date: /home/ubuntu/Desktop/learn/Workspaces/ros2_cpp_ws/install/udemy_ros2_pkg/lib/libudemy_ros2_pkg__rosidl_typesupport_cpp.so\n'}
[13.062700] (-) TimerEvent: {}
[13.089433] (udemy_ros2_pkg) StdoutLine: {'line': b"Listing '/home/ubuntu/Desktop/learn/Workspaces/ros2_cpp_ws/install/udemy_ros2_pkg/local/lib/python3.10/dist-packages/udemy_ros2_pkg'...\n"}
[13.089754] (udemy_ros2_pkg) StdoutLine: {'line': b"Compiling '/home/ubuntu/Desktop/learn/Workspaces/ros2_cpp_ws/install/udemy_ros2_pkg/local/lib/python3.10/dist-packages/udemy_ros2_pkg/__init__.py'...\n"}
[13.089933] (udemy_ros2_pkg) StdoutLine: {'line': b"Listing '/home/ubuntu/Desktop/learn/Workspaces/ros2_cpp_ws/install/udemy_ros2_pkg/local/lib/python3.10/dist-packages/udemy_ros2_pkg/srv'...\n"}
[13.099978] (udemy_ros2_pkg) StdoutLine: {'line': b'-- Up-to-date: /home/ubuntu/Desktop/learn/Workspaces/ros2_cpp_ws/install/udemy_ros2_pkg/lib/libudemy_ros2_pkg__rosidl_generator_py.so\n'}
[13.100616] (udemy_ros2_pkg) StdoutLine: {'line': b'-- Up-to-date: /home/ubuntu/Desktop/learn/Workspaces/ros2_cpp_ws/install/udemy_ros2_pkg/share/udemy_ros2_pkg/cmake/export_udemy_ros2_pkg__rosidl_generator_cExport.cmake\n'}
[13.100842] (udemy_ros2_pkg) StdoutLine: {'line': b'-- Up-to-date: /home/ubuntu/Desktop/learn/Workspaces/ros2_cpp_ws/install/udemy_ros2_pkg/share/udemy_ros2_pkg/cmake/export_udemy_ros2_pkg__rosidl_generator_cExport-relwithdebinfo.cmake\n'}
[13.101087] (udemy_ros2_pkg) StdoutLine: {'line': b'-- Up-to-date: /home/ubuntu/Desktop/learn/Workspaces/ros2_cpp_ws/install/udemy_ros2_pkg/share/udemy_ros2_pkg/cmake/export_udemy_ros2_pkg__rosidl_typesupport_fastrtps_cExport.cmake\n'}
[13.101307] (udemy_ros2_pkg) StdoutLine: {'line': b'-- Up-to-date: /home/ubuntu/Desktop/learn/Workspaces/ros2_cpp_ws/install/udemy_ros2_pkg/share/udemy_ros2_pkg/cmake/export_udemy_ros2_pkg__rosidl_typesupport_fastrtps_cExport-relwithdebinfo.cmake\n'}
[13.101534] (udemy_ros2_pkg) StdoutLine: {'line': b'-- Up-to-date: /home/ubuntu/Desktop/learn/Workspaces/ros2_cpp_ws/install/udemy_ros2_pkg/share/udemy_ros2_pkg/cmake/export_udemy_ros2_pkg__rosidl_generator_cppExport.cmake\n'}
[13.101794] (udemy_ros2_pkg) StdoutLine: {'line': b'-- Up-to-date: /home/ubuntu/Desktop/learn/Workspaces/ros2_cpp_ws/install/udemy_ros2_pkg/share/udemy_ros2_pkg/cmake/export_udemy_ros2_pkg__rosidl_typesupport_fastrtps_cppExport.cmake\n'}
[13.101937] (udemy_ros2_pkg) StdoutLine: {'line': b'-- Up-to-date: /home/ubuntu/Desktop/learn/Workspaces/ros2_cpp_ws/install/udemy_ros2_pkg/share/udemy_ros2_pkg/cmake/export_udemy_ros2_pkg__rosidl_typesupport_fastrtps_cppExport-relwithdebinfo.cmake\n'}
[13.102155] (udemy_ros2_pkg) StdoutLine: {'line': b'-- Up-to-date: /home/ubuntu/Desktop/learn/Workspaces/ros2_cpp_ws/install/udemy_ros2_pkg/share/udemy_ros2_pkg/cmake/udemy_ros2_pkg__rosidl_typesupport_introspection_cExport.cmake\n'}
[13.102388] (udemy_ros2_pkg) StdoutLine: {'line': b'-- Up-to-date: /home/ubuntu/Desktop/learn/Workspaces/ros2_cpp_ws/install/udemy_ros2_pkg/share/udemy_ros2_pkg/cmake/udemy_ros2_pkg__rosidl_typesupport_introspection_cExport-relwithdebinfo.cmake\n'}
[13.102623] (udemy_ros2_pkg) StdoutLine: {'line': b'-- Up-to-date: /home/ubuntu/Desktop/learn/Workspaces/ros2_cpp_ws/install/udemy_ros2_pkg/share/udemy_ros2_pkg/cmake/udemy_ros2_pkg__rosidl_typesupport_cExport.cmake\n'}
[13.102783] (udemy_ros2_pkg) StdoutLine: {'line': b'-- Up-to-date: /home/ubuntu/Desktop/learn/Workspaces/ros2_cpp_ws/install/udemy_ros2_pkg/share/udemy_ros2_pkg/cmake/udemy_ros2_pkg__rosidl_typesupport_cExport-relwithdebinfo.cmake\n'}
[13.102984] (udemy_ros2_pkg) StdoutLine: {'line': b'-- Up-to-date: /home/ubuntu/Desktop/learn/Workspaces/ros2_cpp_ws/install/udemy_ros2_pkg/share/udemy_ros2_pkg/cmake/udemy_ros2_pkg__rosidl_typesupport_introspection_cppExport.cmake\n'}
[13.103120] (udemy_ros2_pkg) StdoutLine: {'line': b'-- Up-to-date: /home/ubuntu/Desktop/learn/Workspaces/ros2_cpp_ws/install/udemy_ros2_pkg/share/udemy_ros2_pkg/cmake/udemy_ros2_pkg__rosidl_typesupport_introspection_cppExport-relwithdebinfo.cmake\n'}
[13.103314] (udemy_ros2_pkg) StdoutLine: {'line': b'-- Up-to-date: /home/ubuntu/Desktop/learn/Workspaces/ros2_cpp_ws/install/udemy_ros2_pkg/share/udemy_ros2_pkg/cmake/udemy_ros2_pkg__rosidl_typesupport_cppExport.cmake\n'}
[13.103485] (udemy_ros2_pkg) StdoutLine: {'line': b'-- Up-to-date: /home/ubuntu/Desktop/learn/Workspaces/ros2_cpp_ws/install/udemy_ros2_pkg/share/udemy_ros2_pkg/cmake/udemy_ros2_pkg__rosidl_typesupport_cppExport-relwithdebinfo.cmake\n'}
[13.103643] (udemy_ros2_pkg) StdoutLine: {'line': b'-- Up-to-date: /home/ubuntu/Desktop/learn/Workspaces/ros2_cpp_ws/install/udemy_ros2_pkg/share/udemy_ros2_pkg/cmake/export_udemy_ros2_pkg__rosidl_generator_pyExport.cmake\n'}
[13.103799] (udemy_ros2_pkg) StdoutLine: {'line': b'-- Up-to-date: /home/ubuntu/Desktop/learn/Workspaces/ros2_cpp_ws/install/udemy_ros2_pkg/share/udemy_ros2_pkg/cmake/export_udemy_ros2_pkg__rosidl_generator_pyExport-relwithdebinfo.cmake\n'}
[13.107069] (udemy_ros2_pkg) CommandEnded: {'returncode': 0}
[13.162788] (-) TimerEvent: {}
[13.263253] (-) TimerEvent: {}
[13.279702] (udemy_ros2_pkg) JobEnded: {'identifier': 'udemy_ros2_pkg', 'rc': 0}
[13.280793] (-) EventReactorShutdown: {}
