[0.000000] (-) TimerEvent: {}
[0.000542] (rplidar_ros) JobQueued: {'identifier': 'rplidar_ros', 'dependencies': OrderedDict()}
[0.000605] (udemy_ros2_pkg) JobQueued: {'identifier': 'udemy_ros2_pkg', 'dependencies': OrderedDict()}
[0.000642] (rplidar_ros) JobStarted: {'identifier': 'rplidar_ros'}
[0.011155] (udemy_ros2_pkg) JobStarted: {'identifier': 'udemy_ros2_pkg'}
[0.019064] (rplidar_ros) JobProgress: {'identifier': 'rplidar_ros', 'progress': 'cmake'}
[0.019925] (rplidar_ros) JobProgress: {'identifier': 'rplidar_ros', 'progress': 'build'}
[0.020727] (rplidar_ros) Command: {'cmd': ['/usr/bin/cmake', '--build', '/home/ubuntu/Desktop/learn/Workspaces/ros2_cpp_ws/build/rplidar_ros', '--', '-j8', '-l8'], 'cwd': '/home/ubuntu/Desktop/learn/Workspaces/ros2_cpp_ws/build/rplidar_ros', 'env': OrderedDict([('GJS_DEBUG_TOPICS', 'JS ERROR;JS LOG'), ('LESSOPEN', '| /usr/bin/lesspipe %s'), ('LANGUAGE', 'de_DE:en'), ('USER', 'ubuntu'), ('LC_TIME', 'C.UTF-8'), ('GIO_MODULE_DIR', '/home/ubuntu/snap/code/common/.cache/gio-modules'), ('XDG_SESSION_TYPE', 'x11'), ('GIT_ASKPASS', '/snap/code/126/usr/share/code/resources/app/extensions/git/dist/askpass.sh'), ('SHLVL', '0'), ('LD_LIBRARY_PATH', '/home/ubuntu/Desktop/learn/Workspaces/ros2_cpp_ws/install/rplidar_ros/lib:/opt/ros/humble/opt/rviz_ogre_vendor/lib:/opt/ros/humble/lib/x86_64-linux-gnu:/opt/ros/humble/lib'), ('HOME', '/home/ubuntu'), ('CHROME_DESKTOP', 'code-url-handler.desktop'), ('TERM_PROGRAM_VERSION', '1.77.3'), ('DESKTOP_SESSION', 'ubuntu'), ('GTK_PATH', '/snap/code/126/usr/lib/x86_64-linux-gnu/gtk-3.0'), ('GTK_IM_MODULE_FILE', '/home/ubuntu/snap/code/common/.cache/immodules/immodules.cache'), ('GIO_LAUNCHED_DESKTOP_FILE', '/var/lib/snapd/desktop/applications/code_code.desktop'), ('ROS_PYTHON_VERSION', '3'), ('GNOME_SHELL_SESSION_MODE', 'ubuntu'), ('GTK_MODULES', 'gail:atk-bridge'), ('VSCODE_GIT_ASKPASS_MAIN', '/snap/code/126/usr/share/code/resources/app/extensions/git/dist/askpass-main.js'), ('LC_MONETARY', 'C.UTF-8'), ('VSCODE_GIT_ASKPASS_NODE', '/snap/code/126/usr/share/code/code'), ('MANAGERPID', '1991'), ('SYSTEMD_EXEC_PID', '2575'), ('DBUS_SESSION_BUS_ADDRESS', 'unix:path=/run/user/999/bus'), ('COLORTERM', 'truecolor'), ('GIO_LAUNCHED_DESKTOP_FILE_PID', '5470'), ('_colcon_cd_root', '/opt/ros/humble/'), ('IM_CONFIG_PHASE', '1'), ('COLCON_PREFIX_PATH', '/home/ubuntu/Desktop/learn/Workspaces/ros2_cpp_ws/install'), ('ROS_DISTRO', 'humble'), ('GTK_IM_MODULE', 'ibus'), ('LOGNAME', 'ubuntu'), ('JOURNAL_STREAM', '8:33888'), ('_', '/usr/bin/colcon'), ('ROS_VERSION', '2'), ('XDG_SESSION_CLASS', 'user'), ('USERNAME', 'ubuntu'), ('TERM', 'xterm-256color'), ('GNOME_DESKTOP_SESSION_ID', 'this-is-deprecated'), ('ROS_LOCALHOST_ONLY', '0'), ('WINDOWPATH', '2'), ('PATH', '/opt/ros/humble/bin:/usr/local/sbin:/usr/local/bin:/usr/sbin:/usr/bin:/sbin:/bin:/usr/games:/usr/local/games:/snap/bin:/snap/bin'), ('SESSION_MANAGER', 'local/ubuntu:@/tmp/.ICE-unix/2553,unix/ubuntu:/tmp/.ICE-unix/2553'), ('GTK_EXE_PREFIX', '/snap/code/126/usr'), ('INVOCATION_ID', 'e94b54870e714a56a9649c6732573276'), ('PAPERSIZE', 'a4'), ('XDG_MENU_PREFIX', 'gnome-'), ('LC_ADDRESS', 'C.UTF-8'), ('BAMF_DESKTOP_FILE_HINT', '/var/lib/snapd/desktop/applications/code_code.desktop'), ('XDG_RUNTIME_DIR', '/run/user/999'), ('GDK_BACKEND', 'x11'), ('DISPLAY', ':0'), ('LOCPATH', '/snap/code/126/usr/lib/locale'), ('LANG', 'de_DE.UTF-8'), ('XDG_CURRENT_DESKTOP', 'Unity'), ('LC_TELEPHONE', 'C.UTF-8'), ('XMODIFIERS', '@im=ibus'), ('XDG_SESSION_DESKTOP', 'ubuntu'), ('XAUTHORITY', '/run/user/999/gdm/Xauthority'), ('LS_COLORS', ''), ('VSCODE_GIT_IPC_HANDLE', '/run/user/999/vscode-git-a3e758ea92.sock'), ('TERM_PROGRAM', 'vscode'), ('SSH_AGENT_LAUNCHER', 'gnome-keyring'), ('SSH_AUTH_SOCK', '/run/user/999/keyring/ssh'), ('GSETTINGS_SCHEMA_DIR', '/home/ubuntu/snap/code/126/.local/share/glib-2.0/schemas'), ('AMENT_PREFIX_PATH', '/home/ubuntu/Desktop/learn/Workspaces/ros2_cpp_ws/install/udemy_ros2_pkg:/home/ubuntu/Desktop/learn/Workspaces/ros2_cpp_ws/install/rplidar_ros:/opt/ros/humble'), ('ORIGINAL_XDG_CURRENT_DESKTOP', 'ubuntu:GNOME'), ('SHELL', '/bin/bash'), ('LC_NAME', 'C.UTF-8'), ('QT_ACCESSIBILITY', '1'), ('GDMSESSION', 'ubuntu'), ('LESSCLOSE', '/usr/bin/lesspipe %s %s'), ('LC_MEASUREMENT', 'C.UTF-8'), ('GPG_AGENT_INFO', '/run/user/999/gnupg/S.gpg-agent:0:1'), ('GJS_DEBUG_OUTPUT', 'stderr'), ('LC_IDENTIFICATION', 'C.UTF-8'), ('VSCODE_GIT_ASKPASS_EXTRA_ARGS', '--ms-enable-electron-run-as-node'), ('QT_IM_MODULE', 'ibus'), ('PWD', '/home/ubuntu/Desktop/learn/Workspaces/ros2_cpp_ws/build/rplidar_ros'), ('XDG_CONFIG_DIRS', '/etc/xdg/xdg-ubuntu:/etc/xdg'), ('XDG_DATA_DIRS', '/home/ubuntu/snap/code/126/.local/share:/home/ubuntu/snap/code/126:/snap/code/126/usr/share:/usr/share/ubuntu:/usr/share/gnome:/usr/local/share/:/usr/share/:/var/lib/snapd/desktop'), ('PYTHONPATH', '/opt/ros/humble/lib/python3.10/site-packages:/opt/ros/humble/local/lib/python3.10/dist-packages'), ('LC_NUMERIC', 'C.UTF-8'), ('LC_PAPER', 'C.UTF-8'), ('GTK_USE_PORTAL', '1'), ('COLCON', '1'), ('CMAKE_PREFIX_PATH', '/home/ubuntu/Desktop/learn/Workspaces/ros2_cpp_ws/install/udemy_ros2_pkg:/home/ubuntu/Desktop/learn/Workspaces/ros2_cpp_ws/install/rplidar_ros:/opt/ros/humble')]), 'shell': False}
[0.032023] (udemy_ros2_pkg) JobProgress: {'identifier': 'udemy_ros2_pkg', 'progress': 'cmake'}
[0.032459] (udemy_ros2_pkg) JobProgress: {'identifier': 'udemy_ros2_pkg', 'progress': 'build'}
[0.032578] (udemy_ros2_pkg) Command: {'cmd': ['/usr/bin/cmake', '--build', '/home/ubuntu/Desktop/learn/Workspaces/ros2_cpp_ws/build/udemy_ros2_pkg', '--', '-j8', '-l8'], 'cwd': '/home/ubuntu/Desktop/learn/Workspaces/ros2_cpp_ws/build/udemy_ros2_pkg', 'env': OrderedDict([('GJS_DEBUG_TOPICS', 'JS ERROR;JS LOG'), ('LESSOPEN', '| /usr/bin/lesspipe %s'), ('LANGUAGE', 'de_DE:en'), ('USER', 'ubuntu'), ('LC_TIME', 'C.UTF-8'), ('GIO_MODULE_DIR', '/home/ubuntu/snap/code/common/.cache/gio-modules'), ('XDG_SESSION_TYPE', 'x11'), ('GIT_ASKPASS', '/snap/code/126/usr/share/code/resources/app/extensions/git/dist/askpass.sh'), ('SHLVL', '0'), ('LD_LIBRARY_PATH', '/home/ubuntu/Desktop/learn/Workspaces/ros2_cpp_ws/install/rplidar_ros/lib:/opt/ros/humble/opt/rviz_ogre_vendor/lib:/opt/ros/humble/lib/x86_64-linux-gnu:/opt/ros/humble/lib'), ('HOME', '/home/ubuntu'), ('CHROME_DESKTOP', 'code-url-handler.desktop'), ('TERM_PROGRAM_VERSION', '1.77.3'), ('DESKTOP_SESSION', 'ubuntu'), ('GTK_PATH', '/snap/code/126/usr/lib/x86_64-linux-gnu/gtk-3.0'), ('GTK_IM_MODULE_FILE', '/home/ubuntu/snap/code/common/.cache/immodules/immodules.cache'), ('GIO_LAUNCHED_DESKTOP_FILE', '/var/lib/snapd/desktop/applications/code_code.desktop'), ('ROS_PYTHON_VERSION', '3'), ('GNOME_SHELL_SESSION_MODE', 'ubuntu'), ('GTK_MODULES', 'gail:atk-bridge'), ('VSCODE_GIT_ASKPASS_MAIN', '/snap/code/126/usr/share/code/resources/app/extensions/git/dist/askpass-main.js'), ('LC_MONETARY', 'C.UTF-8'), ('VSCODE_GIT_ASKPASS_NODE', '/snap/code/126/usr/share/code/code'), ('MANAGERPID', '1991'), ('SYSTEMD_EXEC_PID', '2575'), ('DBUS_SESSION_BUS_ADDRESS', 'unix:path=/run/user/999/bus'), ('COLORTERM', 'truecolor'), ('GIO_LAUNCHED_DESKTOP_FILE_PID', '5470'), ('_colcon_cd_root', '/opt/ros/humble/'), ('IM_CONFIG_PHASE', '1'), ('COLCON_PREFIX_PATH', '/home/ubuntu/Desktop/learn/Workspaces/ros2_cpp_ws/install'), ('ROS_DISTRO', 'humble'), ('GTK_IM_MODULE', 'ibus'), ('LOGNAME', 'ubuntu'), ('JOURNAL_STREAM', '8:33888'), ('_', '/usr/bin/colcon'), ('ROS_VERSION', '2'), ('XDG_SESSION_CLASS', 'user'), ('USERNAME', 'ubuntu'), ('TERM', 'xterm-256color'), ('GNOME_DESKTOP_SESSION_ID', 'this-is-deprecated'), ('ROS_LOCALHOST_ONLY', '0'), ('WINDOWPATH', '2'), ('PATH', '/opt/ros/humble/bin:/usr/local/sbin:/usr/local/bin:/usr/sbin:/usr/bin:/sbin:/bin:/usr/games:/usr/local/games:/snap/bin:/snap/bin'), ('SESSION_MANAGER', 'local/ubuntu:@/tmp/.ICE-unix/2553,unix/ubuntu:/tmp/.ICE-unix/2553'), ('GTK_EXE_PREFIX', '/snap/code/126/usr'), ('INVOCATION_ID', 'e94b54870e714a56a9649c6732573276'), ('PAPERSIZE', 'a4'), ('XDG_MENU_PREFIX', 'gnome-'), ('LC_ADDRESS', 'C.UTF-8'), ('BAMF_DESKTOP_FILE_HINT', '/var/lib/snapd/desktop/applications/code_code.desktop'), ('XDG_RUNTIME_DIR', '/run/user/999'), ('GDK_BACKEND', 'x11'), ('DISPLAY', ':0'), ('LOCPATH', '/snap/code/126/usr/lib/locale'), ('LANG', 'de_DE.UTF-8'), ('XDG_CURRENT_DESKTOP', 'Unity'), ('LC_TELEPHONE', 'C.UTF-8'), ('XMODIFIERS', '@im=ibus'), ('XDG_SESSION_DESKTOP', 'ubuntu'), ('XAUTHORITY', '/run/user/999/gdm/Xauthority'), ('LS_COLORS', ''), ('VSCODE_GIT_IPC_HANDLE', '/run/user/999/vscode-git-a3e758ea92.sock'), ('TERM_PROGRAM', 'vscode'), ('SSH_AGENT_LAUNCHER', 'gnome-keyring'), ('SSH_AUTH_SOCK', '/run/user/999/keyring/ssh'), ('GSETTINGS_SCHEMA_DIR', '/home/ubuntu/snap/code/126/.local/share/glib-2.0/schemas'), ('AMENT_PREFIX_PATH', '/home/ubuntu/Desktop/learn/Workspaces/ros2_cpp_ws/install/udemy_ros2_pkg:/home/ubuntu/Desktop/learn/Workspaces/ros2_cpp_ws/install/rplidar_ros:/opt/ros/humble'), ('ORIGINAL_XDG_CURRENT_DESKTOP', 'ubuntu:GNOME'), ('SHELL', '/bin/bash'), ('LC_NAME', 'C.UTF-8'), ('QT_ACCESSIBILITY', '1'), ('GDMSESSION', 'ubuntu'), ('LESSCLOSE', '/usr/bin/lesspipe %s %s'), ('LC_MEASUREMENT', 'C.UTF-8'), ('GPG_AGENT_INFO', '/run/user/999/gnupg/S.gpg-agent:0:1'), ('GJS_DEBUG_OUTPUT', 'stderr'), ('LC_IDENTIFICATION', 'C.UTF-8'), ('VSCODE_GIT_ASKPASS_EXTRA_ARGS', '--ms-enable-electron-run-as-node'), ('QT_IM_MODULE', 'ibus'), ('PWD', '/home/ubuntu/Desktop/learn/Workspaces/ros2_cpp_ws/build/udemy_ros2_pkg'), ('XDG_CONFIG_DIRS', '/etc/xdg/xdg-ubuntu:/etc/xdg'), ('XDG_DATA_DIRS', '/home/ubuntu/snap/code/126/.local/share:/home/ubuntu/snap/code/126:/snap/code/126/usr/share:/usr/share/ubuntu:/usr/share/gnome:/usr/local/share/:/usr/share/:/var/lib/snapd/desktop'), ('PYTHONPATH', '/opt/ros/humble/lib/python3.10/site-packages:/opt/ros/humble/local/lib/python3.10/dist-packages'), ('LC_NUMERIC', 'C.UTF-8'), ('LC_PAPER', 'C.UTF-8'), ('GTK_USE_PORTAL', '1'), ('COLCON', '1'), ('CMAKE_PREFIX_PATH', '/home/ubuntu/Desktop/learn/Workspaces/ros2_cpp_ws/install/udemy_ros2_pkg:/home/ubuntu/Desktop/learn/Workspaces/ros2_cpp_ws/install/rplidar_ros:/opt/ros/humble')]), 'shell': False}
[0.073026] (udemy_ros2_pkg) StdoutLine: {'line': b'-- Found ament_cmake: 1.3.3 (/opt/ros/humble/share/ament_cmake/cmake)\n'}
[0.099501] (-) TimerEvent: {}
[0.113071] (rplidar_ros) StdoutLine: {'line': b'[ 77%] Built target rplidar_composition_node\n'}
[0.151113] (rplidar_ros) StdoutLine: {'line': b'[100%] Built target rplidar_composition\n'}
[0.164709] (rplidar_ros) CommandEnded: {'returncode': 0}
[0.199620] (-) TimerEvent: {}
[0.215247] (rplidar_ros) JobProgress: {'identifier': 'rplidar_ros', 'progress': 'install'}
[0.228250] (rplidar_ros) Command: {'cmd': ['/usr/bin/cmake', '--install', '/home/ubuntu/Desktop/learn/Workspaces/ros2_cpp_ws/build/rplidar_ros'], 'cwd': '/home/ubuntu/Desktop/learn/Workspaces/ros2_cpp_ws/build/rplidar_ros', 'env': OrderedDict([('GJS_DEBUG_TOPICS', 'JS ERROR;JS LOG'), ('LESSOPEN', '| /usr/bin/lesspipe %s'), ('LANGUAGE', 'de_DE:en'), ('USER', 'ubuntu'), ('LC_TIME', 'C.UTF-8'), ('GIO_MODULE_DIR', '/home/ubuntu/snap/code/common/.cache/gio-modules'), ('XDG_SESSION_TYPE', 'x11'), ('GIT_ASKPASS', '/snap/code/126/usr/share/code/resources/app/extensions/git/dist/askpass.sh'), ('SHLVL', '0'), ('LD_LIBRARY_PATH', '/home/ubuntu/Desktop/learn/Workspaces/ros2_cpp_ws/install/rplidar_ros/lib:/opt/ros/humble/opt/rviz_ogre_vendor/lib:/opt/ros/humble/lib/x86_64-linux-gnu:/opt/ros/humble/lib'), ('HOME', '/home/ubuntu'), ('CHROME_DESKTOP', 'code-url-handler.desktop'), ('TERM_PROGRAM_VERSION', '1.77.3'), ('DESKTOP_SESSION', 'ubuntu'), ('GTK_PATH', '/snap/code/126/usr/lib/x86_64-linux-gnu/gtk-3.0'), ('GTK_IM_MODULE_FILE', '/home/ubuntu/snap/code/common/.cache/immodules/immodules.cache'), ('GIO_LAUNCHED_DESKTOP_FILE', '/var/lib/snapd/desktop/applications/code_code.desktop'), ('ROS_PYTHON_VERSION', '3'), ('GNOME_SHELL_SESSION_MODE', 'ubuntu'), ('GTK_MODULES', 'gail:atk-bridge'), ('VSCODE_GIT_ASKPASS_MAIN', '/snap/code/126/usr/share/code/resources/app/extensions/git/dist/askpass-main.js'), ('LC_MONETARY', 'C.UTF-8'), ('VSCODE_GIT_ASKPASS_NODE', '/snap/code/126/usr/share/code/code'), ('MANAGERPID', '1991'), ('SYSTEMD_EXEC_PID', '2575'), ('DBUS_SESSION_BUS_ADDRESS', 'unix:path=/run/user/999/bus'), ('COLORTERM', 'truecolor'), ('GIO_LAUNCHED_DESKTOP_FILE_PID', '5470'), ('_colcon_cd_root', '/opt/ros/humble/'), ('IM_CONFIG_PHASE', '1'), ('COLCON_PREFIX_PATH', '/home/ubuntu/Desktop/learn/Workspaces/ros2_cpp_ws/install'), ('ROS_DISTRO', 'humble'), ('GTK_IM_MODULE', 'ibus'), ('LOGNAME', 'ubuntu'), ('JOURNAL_STREAM', '8:33888'), ('_', '/usr/bin/colcon'), ('ROS_VERSION', '2'), ('XDG_SESSION_CLASS', 'user'), ('USERNAME', 'ubuntu'), ('TERM', 'xterm-256color'), ('GNOME_DESKTOP_SESSION_ID', 'this-is-deprecated'), ('ROS_LOCALHOST_ONLY', '0'), ('WINDOWPATH', '2'), ('PATH', '/opt/ros/humble/bin:/usr/local/sbin:/usr/local/bin:/usr/sbin:/usr/bin:/sbin:/bin:/usr/games:/usr/local/games:/snap/bin:/snap/bin'), ('SESSION_MANAGER', 'local/ubuntu:@/tmp/.ICE-unix/2553,unix/ubuntu:/tmp/.ICE-unix/2553'), ('GTK_EXE_PREFIX', '/snap/code/126/usr'), ('INVOCATION_ID', 'e94b54870e714a56a9649c6732573276'), ('PAPERSIZE', 'a4'), ('XDG_MENU_PREFIX', 'gnome-'), ('LC_ADDRESS', 'C.UTF-8'), ('BAMF_DESKTOP_FILE_HINT', '/var/lib/snapd/desktop/applications/code_code.desktop'), ('XDG_RUNTIME_DIR', '/run/user/999'), ('GDK_BACKEND', 'x11'), ('DISPLAY', ':0'), ('LOCPATH', '/snap/code/126/usr/lib/locale'), ('LANG', 'de_DE.UTF-8'), ('XDG_CURRENT_DESKTOP', 'Unity'), ('LC_TELEPHONE', 'C.UTF-8'), ('XMODIFIERS', '@im=ibus'), ('XDG_SESSION_DESKTOP', 'ubuntu'), ('XAUTHORITY', '/run/user/999/gdm/Xauthority'), ('LS_COLORS', ''), ('VSCODE_GIT_IPC_HANDLE', '/run/user/999/vscode-git-a3e758ea92.sock'), ('TERM_PROGRAM', 'vscode'), ('SSH_AGENT_LAUNCHER', 'gnome-keyring'), ('SSH_AUTH_SOCK', '/run/user/999/keyring/ssh'), ('GSETTINGS_SCHEMA_DIR', '/home/ubuntu/snap/code/126/.local/share/glib-2.0/schemas'), ('AMENT_PREFIX_PATH', '/home/ubuntu/Desktop/learn/Workspaces/ros2_cpp_ws/install/udemy_ros2_pkg:/home/ubuntu/Desktop/learn/Workspaces/ros2_cpp_ws/install/rplidar_ros:/opt/ros/humble'), ('ORIGINAL_XDG_CURRENT_DESKTOP', 'ubuntu:GNOME'), ('SHELL', '/bin/bash'), ('LC_NAME', 'C.UTF-8'), ('QT_ACCESSIBILITY', '1'), ('GDMSESSION', 'ubuntu'), ('LESSCLOSE', '/usr/bin/lesspipe %s %s'), ('LC_MEASUREMENT', 'C.UTF-8'), ('GPG_AGENT_INFO', '/run/user/999/gnupg/S.gpg-agent:0:1'), ('GJS_DEBUG_OUTPUT', 'stderr'), ('LC_IDENTIFICATION', 'C.UTF-8'), ('VSCODE_GIT_ASKPASS_EXTRA_ARGS', '--ms-enable-electron-run-as-node'), ('QT_IM_MODULE', 'ibus'), ('PWD', '/home/ubuntu/Desktop/learn/Workspaces/ros2_cpp_ws/build/rplidar_ros'), ('XDG_CONFIG_DIRS', '/etc/xdg/xdg-ubuntu:/etc/xdg'), ('XDG_DATA_DIRS', '/home/ubuntu/snap/code/126/.local/share:/home/ubuntu/snap/code/126:/snap/code/126/usr/share:/usr/share/ubuntu:/usr/share/gnome:/usr/local/share/:/usr/share/:/var/lib/snapd/desktop'), ('PYTHONPATH', '/opt/ros/humble/lib/python3.10/site-packages:/opt/ros/humble/local/lib/python3.10/dist-packages'), ('LC_NUMERIC', 'C.UTF-8'), ('LC_PAPER', 'C.UTF-8'), ('GTK_USE_PORTAL', '1'), ('COLCON', '1'), ('CMAKE_PREFIX_PATH', '/home/ubuntu/Desktop/learn/Workspaces/ros2_cpp_ws/install/udemy_ros2_pkg:/home/ubuntu/Desktop/learn/Workspaces/ros2_cpp_ws/install/rplidar_ros:/opt/ros/humble')]), 'shell': False}
[0.237954] (rplidar_ros) StdoutLine: {'line': b'-- Install configuration: "RelWithDebInfo"\n'}
[0.238617] (rplidar_ros) StdoutLine: {'line': b'-- Execute custom install script\n'}
[0.239233] (rplidar_ros) StdoutLine: {'line': b'-- Up-to-date symlink: /home/ubuntu/Desktop/learn/Workspaces/ros2_cpp_ws/install/rplidar_ros/lib/rplidar_ros/rplidar_composition\n'}
[0.240194] (rplidar_ros) StdoutLine: {'line': b'-- Up-to-date symlink: /home/ubuntu/Desktop/learn/Workspaces/ros2_cpp_ws/install/rplidar_ros/share/rplidar_ros/launch/rplidar.launch.py\n'}
[0.240427] (rplidar_ros) StdoutLine: {'line': b'-- Up-to-date symlink: /home/ubuntu/Desktop/learn/Workspaces/ros2_cpp_ws/install/rplidar_ros/share/rplidar_ros/launch/rplidar_a3.launch.py\n'}
[0.240720] (rplidar_ros) StdoutLine: {'line': b'-- Up-to-date symlink: /home/ubuntu/Desktop/learn/Workspaces/ros2_cpp_ws/install/rplidar_ros/share/rplidar_ros/launch/rplidar_s1.launch.py\n'}
[0.241001] (rplidar_ros) StdoutLine: {'line': b'-- Up-to-date symlink: /home/ubuntu/Desktop/learn/Workspaces/ros2_cpp_ws/install/rplidar_ros/share/rplidar_ros/launch/rplidar_s1_tcp.launch.py\n'}
[0.241291] (rplidar_ros) StdoutLine: {'line': b'-- Up-to-date symlink: /home/ubuntu/Desktop/learn/Workspaces/ros2_cpp_ws/install/rplidar_ros/share/rplidar_ros/launch/test_rplidar_a3.launch.py\n'}
[0.241603] (rplidar_ros) StdoutLine: {'line': b'-- Up-to-date symlink: /home/ubuntu/Desktop/learn/Workspaces/ros2_cpp_ws/install/rplidar_ros/share/rplidar_ros/launch/view_rplidar.launch.py\n'}
[0.241920] (rplidar_ros) StdoutLine: {'line': b'-- Up-to-date symlink: /home/ubuntu/Desktop/learn/Workspaces/ros2_cpp_ws/install/rplidar_ros/share/rplidar_ros/launch/view_rplidar_a3.launch.py\n'}
[0.242165] (rplidar_ros) StdoutLine: {'line': b'-- Up-to-date symlink: /home/ubuntu/Desktop/learn/Workspaces/ros2_cpp_ws/install/rplidar_ros/share/rplidar_ros/launch/view_rplidar_s1.launch.py\n'}
[0.242445] (rplidar_ros) StdoutLine: {'line': b'-- Up-to-date symlink: /home/ubuntu/Desktop/learn/Workspaces/ros2_cpp_ws/install/rplidar_ros/share/rplidar_ros/launch/view_rplidar_s1_tcp.launch.py\n'}
[0.243006] (rplidar_ros) StdoutLine: {'line': b'-- Up-to-date symlink: /home/ubuntu/Desktop/learn/Workspaces/ros2_cpp_ws/install/rplidar_ros/share/rplidar_ros/rviz/rplidar.rviz\n'}
[0.243585] (rplidar_ros) StdoutLine: {'line': b'-- Up-to-date symlink: /home/ubuntu/Desktop/learn/Workspaces/ros2_cpp_ws/install/rplidar_ros/lib/librplidar_composition_node.so\n'}
[0.244174] (rplidar_ros) StdoutLine: {'line': b'-- Up-to-date symlink: /home/ubuntu/Desktop/learn/Workspaces/ros2_cpp_ws/install/rplidar_ros/include/rplidar_node.hpp\n'}
[0.244475] (rplidar_ros) StdoutLine: {'line': b'-- Up-to-date symlink: /home/ubuntu/Desktop/learn/Workspaces/ros2_cpp_ws/install/rplidar_ros/include/visibility.h\n'}
[0.245219] (rplidar_ros) StdoutLine: {'line': b'-- Up-to-date symlink: /home/ubuntu/Desktop/learn/Workspaces/ros2_cpp_ws/install/rplidar_ros/lib/rplidar_ros/rplidar_composition\n'}
[0.245634] (rplidar_ros) StdoutLine: {'line': b'-- Up-to-date symlink: /home/ubuntu/Desktop/learn/Workspaces/ros2_cpp_ws/install/rplidar_ros/share/ament_index/resource_index/package_run_dependencies/rplidar_ros\n'}
[0.246043] (rplidar_ros) StdoutLine: {'line': b'-- Up-to-date symlink: /home/ubuntu/Desktop/learn/Workspaces/ros2_cpp_ws/install/rplidar_ros/share/ament_index/resource_index/parent_prefix_path/rplidar_ros\n'}
[0.246417] (rplidar_ros) StdoutLine: {'line': b'-- Up-to-date symlink: /home/ubuntu/Desktop/learn/Workspaces/ros2_cpp_ws/install/rplidar_ros/share/rplidar_ros/environment/ament_prefix_path.sh\n'}
[0.246736] (rplidar_ros) StdoutLine: {'line': b'-- Up-to-date symlink: /home/ubuntu/Desktop/learn/Workspaces/ros2_cpp_ws/install/rplidar_ros/share/rplidar_ros/environment/ament_prefix_path.dsv\n'}
[0.247035] (rplidar_ros) StdoutLine: {'line': b'-- Up-to-date symlink: /home/ubuntu/Desktop/learn/Workspaces/ros2_cpp_ws/install/rplidar_ros/share/rplidar_ros/environment/path.sh\n'}
[0.247372] (rplidar_ros) StdoutLine: {'line': b'-- Up-to-date symlink: /home/ubuntu/Desktop/learn/Workspaces/ros2_cpp_ws/install/rplidar_ros/share/rplidar_ros/environment/path.dsv\n'}
[0.247745] (rplidar_ros) StdoutLine: {'line': b'-- Up-to-date symlink: /home/ubuntu/Desktop/learn/Workspaces/ros2_cpp_ws/install/rplidar_ros/share/rplidar_ros/local_setup.bash\n'}
[0.248072] (rplidar_ros) StdoutLine: {'line': b'-- Up-to-date symlink: /home/ubuntu/Desktop/learn/Workspaces/ros2_cpp_ws/install/rplidar_ros/share/rplidar_ros/local_setup.sh\n'}
[0.248371] (rplidar_ros) StdoutLine: {'line': b'-- Up-to-date symlink: /home/ubuntu/Desktop/learn/Workspaces/ros2_cpp_ws/install/rplidar_ros/share/rplidar_ros/local_setup.zsh\n'}
[0.248765] (rplidar_ros) StdoutLine: {'line': b'-- Up-to-date symlink: /home/ubuntu/Desktop/learn/Workspaces/ros2_cpp_ws/install/rplidar_ros/share/rplidar_ros/local_setup.dsv\n'}
[0.248988] (rplidar_ros) StdoutLine: {'line': b'-- Symlinking: /home/ubuntu/Desktop/learn/Workspaces/ros2_cpp_ws/install/rplidar_ros/share/rplidar_ros/package.dsv\n'}
[0.259703] (rplidar_ros) StdoutLine: {'line': b'-- Up-to-date symlink: /home/ubuntu/Desktop/learn/Workspaces/ros2_cpp_ws/install/rplidar_ros/share/ament_index/resource_index/packages/rplidar_ros\n'}
[0.259980] (rplidar_ros) StdoutLine: {'line': b'-- Up-to-date symlink: /home/ubuntu/Desktop/learn/Workspaces/ros2_cpp_ws/install/rplidar_ros/share/ament_index/resource_index/rclcpp_components/rplidar_ros\n'}
[0.260352] (rplidar_ros) StdoutLine: {'line': b'-- Up-to-date symlink: /home/ubuntu/Desktop/learn/Workspaces/ros2_cpp_ws/install/rplidar_ros/share/rplidar_ros/cmake/ament_cmake_export_dependencies-extras.cmake\n'}
[0.260779] (rplidar_ros) StdoutLine: {'line': b'-- Up-to-date symlink: /home/ubuntu/Desktop/learn/Workspaces/ros2_cpp_ws/install/rplidar_ros/share/rplidar_ros/cmake/ament_cmake_export_include_directories-extras.cmake\n'}
[0.260978] (udemy_ros2_pkg) StdoutLine: {'line': b'-- Override CMake install command with custom implementation using symlinks instead of copying resources\n'}
[0.261190] (rplidar_ros) StdoutLine: {'line': b'-- Up-to-date symlink: /home/ubuntu/Desktop/learn/Workspaces/ros2_cpp_ws/install/rplidar_ros/share/rplidar_ros/cmake/rplidar_rosConfig.cmake\n'}
[0.261405] (rplidar_ros) StdoutLine: {'line': b'-- Up-to-date symlink: /home/ubuntu/Desktop/learn/Workspaces/ros2_cpp_ws/install/rplidar_ros/share/rplidar_ros/cmake/rplidar_rosConfig-version.cmake\n'}
[0.261748] (rplidar_ros) StdoutLine: {'line': b'-- Up-to-date symlink: /home/ubuntu/Desktop/learn/Workspaces/ros2_cpp_ws/install/rplidar_ros/share/rplidar_ros/package.xml\n'}
[0.264159] (rplidar_ros) CommandEnded: {'returncode': 0}
[0.273742] (udemy_ros2_pkg) StdoutLine: {'line': b'-- Found std_msgs: 4.2.3 (/opt/ros/humble/share/std_msgs/cmake)\n'}
[0.299731] (-) TimerEvent: {}
[0.320951] (udemy_ros2_pkg) StdoutLine: {'line': b'-- Found rosidl_generator_c: 3.1.4 (/opt/ros/humble/share/rosidl_generator_c/cmake)\n'}
[0.332457] (udemy_ros2_pkg) StdoutLine: {'line': b'-- Found rosidl_adapter: 3.1.4 (/opt/ros/humble/share/rosidl_adapter/cmake)\n'}
[0.340523] (udemy_ros2_pkg) StdoutLine: {'line': b'-- Found rosidl_generator_cpp: 3.1.4 (/opt/ros/humble/share/rosidl_generator_cpp/cmake)\n'}
[0.364809] (udemy_ros2_pkg) StdoutLine: {'line': b'-- Using all available rosidl_typesupport_c: rosidl_typesupport_fastrtps_c;rosidl_typesupport_introspection_c\n'}
[0.384754] (rplidar_ros) JobEnded: {'identifier': 'rplidar_ros', 'rc': 0}
[0.389318] (udemy_ros2_pkg) StdoutLine: {'line': b'-- Using all available rosidl_typesupport_cpp: rosidl_typesupport_fastrtps_cpp;rosidl_typesupport_introspection_cpp\n'}
[0.399861] (-) TimerEvent: {}
[0.475327] (udemy_ros2_pkg) StdoutLine: {'line': b'-- Found rclcpp: 16.0.3 (/opt/ros/humble/share/rclcpp/cmake)\n'}
[0.499997] (-) TimerEvent: {}
[0.539043] (udemy_ros2_pkg) StdoutLine: {'line': b'-- Found rmw_implementation_cmake: 6.1.1 (/opt/ros/humble/share/rmw_implementation_cmake/cmake)\n'}
[0.541857] (udemy_ros2_pkg) StdoutLine: {'line': b'-- Found rmw_fastrtps_cpp: 6.2.2 (/opt/ros/humble/share/rmw_fastrtps_cpp/cmake)\n'}
[0.600136] (-) TimerEvent: {}
[0.700457] (-) TimerEvent: {}
[0.718837] (udemy_ros2_pkg) StdoutLine: {'line': b"-- Using RMW implementation 'rmw_fastrtps_cpp' as default\n"}
[0.800571] (-) TimerEvent: {}
[0.887220] (udemy_ros2_pkg) StdoutLine: {'line': b'-- Found sensor_msgs: 4.2.3 (/opt/ros/humble/share/sensor_msgs/cmake)\n'}
[0.900668] (-) TimerEvent: {}
[1.000967] (-) TimerEvent: {}
[1.046595] (udemy_ros2_pkg) StdoutLine: {'line': b'-- Found rosidl_default_generators: 1.2.0 (/opt/ros/humble/share/rosidl_default_generators/cmake)\n'}
[1.101109] (-) TimerEvent: {}
[1.201425] (-) TimerEvent: {}
[1.301737] (-) TimerEvent: {}
[1.402017] (-) TimerEvent: {}
[1.451475] (udemy_ros2_pkg) StdoutLine: {'line': b'-- Found ament_cmake_cppcheck: 0.12.5 (/opt/ros/humble/share/ament_cmake_cppcheck/cmake)\n'}
[1.455630] (udemy_ros2_pkg) StdoutLine: {'line': b'-- Found ament_cmake_cpplint: 0.12.5 (/opt/ros/humble/share/ament_cmake_cpplint/cmake)\n'}
[1.458164] (udemy_ros2_pkg) StdoutLine: {'line': b'-- Found ament_cmake_uncrustify: 0.12.5 (/opt/ros/humble/share/ament_cmake_uncrustify/cmake)\n'}
[1.461584] (udemy_ros2_pkg) StdoutLine: {'line': b'-- Found ament_cmake_ros: 0.10.0 (/opt/ros/humble/share/ament_cmake_ros/cmake)\n'}
[1.502128] (-) TimerEvent: {}
[1.602488] (-) TimerEvent: {}
[1.702803] (-) TimerEvent: {}
[1.803088] (-) TimerEvent: {}
[1.903397] (-) TimerEvent: {}
[2.003684] (-) TimerEvent: {}
[2.090281] (udemy_ros2_pkg) StdoutLine: {'line': b'-- Using all available rosidl_typesupport_c: rosidl_typesupport_fastrtps_c;rosidl_typesupport_introspection_c\n'}
[2.103800] (-) TimerEvent: {}
[2.204154] (-) TimerEvent: {}
[2.304498] (-) TimerEvent: {}
[2.353112] (udemy_ros2_pkg) StdoutLine: {'line': b'-- Using all available rosidl_typesupport_cpp: rosidl_typesupport_fastrtps_cpp;rosidl_typesupport_introspection_cpp\n'}
[2.388038] (udemy_ros2_pkg) StdoutLine: {'line': b'-- Found PythonInterp: /usr/bin/python3 (found suitable version "3.10.6", minimum required is "3.6") \n'}
[2.392097] (udemy_ros2_pkg) StdoutLine: {'line': b'-- Found python_cmake_module: 0.10.0 (/opt/ros/humble/share/python_cmake_module/cmake)\n'}
[2.404590] (-) TimerEvent: {}
[2.443955] (udemy_ros2_pkg) StdoutLine: {'line': b'-- Found PythonLibs: /usr/lib/x86_64-linux-gnu/libpython3.10.so (found suitable version "3.10.6", minimum required is "3.5") \n'}
[2.445547] (udemy_ros2_pkg) StdoutLine: {'line': b'-- Using PYTHON_EXECUTABLE: /usr/bin/python3\n'}
[2.445908] (udemy_ros2_pkg) StdoutLine: {'line': b'-- Using PYTHON_INCLUDE_DIRS: /usr/include/python3.10\n'}
[2.446140] (udemy_ros2_pkg) StdoutLine: {'line': b'-- Using PYTHON_LIBRARIES: /usr/lib/x86_64-linux-gnu/libpython3.10.so\n'}
[2.488201] (udemy_ros2_pkg) StdoutLine: {'line': b'-- Found PythonExtra: .so  \n'}
[2.504733] (-) TimerEvent: {}
[2.605023] (-) TimerEvent: {}
[2.662572] (udemy_ros2_pkg) StdoutLine: {'line': b'-- Found ament_cmake_flake8: 0.12.5 (/opt/ros/humble/share/ament_cmake_flake8/cmake)\n'}
[2.664278] (udemy_ros2_pkg) StdoutLine: {'line': b'-- Found ament_cmake_pep257: 0.12.5 (/opt/ros/humble/share/ament_cmake_pep257/cmake)\n'}
[2.676206] (udemy_ros2_pkg) StdoutLine: {'line': b'-- Found ament_lint_auto: 0.12.5 (/opt/ros/humble/share/ament_lint_auto/cmake)\n'}
[2.700733] (udemy_ros2_pkg) StdoutLine: {'line': b"-- Added test 'cppcheck' to perform static code analysis on C / C++ code\n"}
[2.701461] (udemy_ros2_pkg) StdoutLine: {'line': b'-- Configured cppcheck include dirs: \n'}
[2.701652] (udemy_ros2_pkg) StdoutLine: {'line': b'-- Configured cppcheck exclude dirs and/or files: \n'}
[2.704481] (udemy_ros2_pkg) StdoutLine: {'line': b"-- Added test 'cpplint' to check C / C++ code against the Google style\n"}
[2.704818] (udemy_ros2_pkg) StdoutLine: {'line': b'-- Configured cpplint exclude dirs and/or files: \n'}
[2.705116] (-) TimerEvent: {}
[2.707890] (udemy_ros2_pkg) StdoutLine: {'line': b"-- Added test 'uncrustify' to check C / C++ code style\n"}
[2.708215] (udemy_ros2_pkg) StdoutLine: {'line': b'-- Configured uncrustify additional arguments: \n'}
[2.708908] (udemy_ros2_pkg) StdoutLine: {'line': b"-- Added test 'flake8' to check Python code syntax and style conventions\n"}
[2.709847] (udemy_ros2_pkg) StdoutLine: {'line': b"-- Added test 'pep257' to check Python code against some of the docstring style conventions in PEP 257\n"}
[2.710949] (udemy_ros2_pkg) StdoutLine: {'line': b"-- Added test 'lint_cmake' to check CMake code style\n"}
[2.711737] (udemy_ros2_pkg) StdoutLine: {'line': b"-- Added test 'xmllint' to check XML markup files\n"}
[2.718129] (udemy_ros2_pkg) StdoutLine: {'line': b'-- Configuring done\n'}
[2.805244] (-) TimerEvent: {}
[2.853828] (udemy_ros2_pkg) StdoutLine: {'line': b'-- Generating done\n'}
[2.862257] (udemy_ros2_pkg) StdoutLine: {'line': b'-- Build files have been written to: /home/ubuntu/Desktop/learn/Workspaces/ros2_cpp_ws/build/udemy_ros2_pkg\n'}
[2.905420] (-) TimerEvent: {}
[2.911448] (udemy_ros2_pkg) StdoutLine: {'line': b'[  2%] \x1b[34m\x1b[1mGenerating C code for ROS interfaces\x1b[0m\n'}
[2.913245] (udemy_ros2_pkg) StdoutLine: {'line': b'\x1b[35m\x1b[1mConsolidate compiler generated dependencies of target rpm_publisher\x1b[0m\n'}
[2.914952] (udemy_ros2_pkg) StdoutLine: {'line': b'\x1b[35m\x1b[1mConsolidate compiler generated dependencies of target publisher\x1b[0m\n'}
[2.915429] (udemy_ros2_pkg) StdoutLine: {'line': b'\x1b[35m\x1b[1mConsolidate compiler generated dependencies of target calc_speed\x1b[0m\n'}
[2.916561] (udemy_ros2_pkg) StdoutLine: {'line': b'\x1b[35m\x1b[1mConsolidate compiler generated dependencies of target subscriber\x1b[0m\n'}
[2.944463] (udemy_ros2_pkg) StdoutLine: {'line': b'[  5%] \x1b[34m\x1b[1mGenerating C++ code for ROS interfaces\x1b[0m\n'}
[2.961968] (udemy_ros2_pkg) StdoutLine: {'line': b'[  5%] Built target ament_cmake_python_symlink_udemy_ros2_pkg\n'}
[3.002782] (udemy_ros2_pkg) StdoutLine: {'line': b'[  7%] \x1b[32mBuilding CXX object CMakeFiles/publisher.dir/src/publisher.cpp.o\x1b[0m\n'}
[3.005467] (-) TimerEvent: {}
[3.009392] (udemy_ros2_pkg) StdoutLine: {'line': b'[ 10%] \x1b[32mBuilding CXX object CMakeFiles/calc_speed.dir/src/calc_speed.cpp.o\x1b[0m\n'}
[3.020359] (udemy_ros2_pkg) StdoutLine: {'line': b'[ 12%] \x1b[32mBuilding CXX object CMakeFiles/subscriber.dir/src/subscriber.cpp.o\x1b[0m\n'}
[3.025403] (udemy_ros2_pkg) StdoutLine: {'line': b'[ 15%] \x1b[32mBuilding CXX object CMakeFiles/rpm_publisher.dir/src/rpm_publisher.cpp.o\x1b[0m\n'}
[3.108969] (-) TimerEvent: {}
[3.212117] (-) TimerEvent: {}
[3.317924] (-) TimerEvent: {}
[3.421900] (-) TimerEvent: {}
[3.530138] (-) TimerEvent: {}
[3.634343] (-) TimerEvent: {}
[3.739015] (-) TimerEvent: {}
[3.839391] (-) TimerEvent: {}
[3.944166] (-) TimerEvent: {}
[4.044605] (-) TimerEvent: {}
[4.145107] (-) TimerEvent: {}
[4.245511] (-) TimerEvent: {}
[4.249370] (udemy_ros2_pkg) StdoutLine: {'line': b'[ 15%] Built target udemy_ros2_pkg__cpp\n'}
[4.283009] (udemy_ros2_pkg) StdoutLine: {'line': b'[ 17%] \x1b[34m\x1b[1mGenerating C++ type support for eProsima Fast-RTPS\x1b[0m\n'}
[4.304696] (udemy_ros2_pkg) StdoutLine: {'line': b'[ 20%] \x1b[34m\x1b[1mGenerating C++ type support dispatch for ROS interfaces\x1b[0m\n'}
[4.345679] (-) TimerEvent: {}
[4.381411] (udemy_ros2_pkg) StdoutLine: {'line': b'[ 23%] \x1b[32mBuilding C object CMakeFiles/udemy_ros2_pkg__rosidl_generator_c.dir/rosidl_generator_c/udemy_ros2_pkg/srv/detail/odd_even_check__functions.c.o\x1b[0m\n'}
[4.447048] (-) TimerEvent: {}
[4.460260] (udemy_ros2_pkg) StdoutLine: {'line': b'running egg_info\n'}
[4.465869] (udemy_ros2_pkg) StdoutLine: {'line': b'creating udemy_ros2_pkg.egg-info\n'}
[4.466319] (udemy_ros2_pkg) StdoutLine: {'line': b'writing udemy_ros2_pkg.egg-info/PKG-INFO\n'}
[4.468282] (udemy_ros2_pkg) StdoutLine: {'line': b'writing dependency_links to udemy_ros2_pkg.egg-info/dependency_links.txt\n'}
[4.470676] (udemy_ros2_pkg) StdoutLine: {'line': b'writing top-level names to udemy_ros2_pkg.egg-info/top_level.txt\n'}
[4.472175] (udemy_ros2_pkg) StdoutLine: {'line': b"writing manifest file 'udemy_ros2_pkg.egg-info/SOURCES.txt'\n"}
[4.487198] (udemy_ros2_pkg) StdoutLine: {'line': b"reading manifest file 'udemy_ros2_pkg.egg-info/SOURCES.txt'\n"}
[4.491998] (udemy_ros2_pkg) StdoutLine: {'line': b"writing manifest file 'udemy_ros2_pkg.egg-info/SOURCES.txt'\n"}
[4.547164] (-) TimerEvent: {}
[4.652464] (-) TimerEvent: {}
[4.665932] (udemy_ros2_pkg) StdoutLine: {'line': b'[ 23%] Built target ament_cmake_python_build_udemy_ros2_pkg_egg\n'}
[4.752860] (-) TimerEvent: {}
[4.770277] (udemy_ros2_pkg) StdoutLine: {'line': b'[ 25%] \x1b[34m\x1b[1mGenerating C++ introspection for ROS interfaces\x1b[0m\n'}
[4.852970] (-) TimerEvent: {}
[4.956297] (-) TimerEvent: {}
[5.059980] (-) TimerEvent: {}
[5.162374] (-) TimerEvent: {}
[5.262734] (-) TimerEvent: {}
[5.265521] (udemy_ros2_pkg) StdoutLine: {'line': b'[ 28%] \x1b[32m\x1b[1mLinking C shared library libudemy_ros2_pkg__rosidl_generator_c.so\x1b[0m\n'}
[5.337856] (udemy_ros2_pkg) StdoutLine: {'line': b'[ 30%] \x1b[32mBuilding CXX object CMakeFiles/udemy_ros2_pkg__rosidl_typesupport_cpp.dir/rosidl_typesupport_cpp/udemy_ros2_pkg/srv/odd_even_check__type_support.cpp.o\x1b[0m\n'}
[5.362850] (-) TimerEvent: {}
[5.465247] (-) TimerEvent: {}
[5.467272] (udemy_ros2_pkg) StdoutLine: {'line': b'[ 30%] Built target udemy_ros2_pkg__rosidl_generator_c\n'}
[5.565371] (-) TimerEvent: {}
[5.580519] (udemy_ros2_pkg) StdoutLine: {'line': b'[ 33%] \x1b[34m\x1b[1mGenerating C type support for eProsima Fast-RTPS\x1b[0m\n'}
[5.624768] (udemy_ros2_pkg) StdoutLine: {'line': b'[ 35%] \x1b[32mBuilding CXX object CMakeFiles/udemy_ros2_pkg__rosidl_typesupport_fastrtps_cpp.dir/rosidl_typesupport_fastrtps_cpp/udemy_ros2_pkg/srv/detail/dds_fastrtps/odd_even_check__type_support.cpp.o\x1b[0m\n'}
[5.667971] (-) TimerEvent: {}
[5.768427] (-) TimerEvent: {}
[5.869841] (-) TimerEvent: {}
[5.980904] (-) TimerEvent: {}
[6.083774] (-) TimerEvent: {}
[6.184515] (-) TimerEvent: {}
[6.230310] (udemy_ros2_pkg) StdoutLine: {'line': b'[ 38%] \x1b[32mBuilding CXX object CMakeFiles/udemy_ros2_pkg__rosidl_typesupport_introspection_cpp.dir/rosidl_typesupport_introspection_cpp/udemy_ros2_pkg/srv/detail/odd_even_check__type_support.cpp.o\x1b[0m\n'}
[6.284666] (-) TimerEvent: {}
[6.393809] (-) TimerEvent: {}
[6.441199] (udemy_ros2_pkg) StdoutLine: {'line': b'[ 41%] \x1b[32m\x1b[1mLinking CXX shared library libudemy_ros2_pkg__rosidl_typesupport_cpp.so\x1b[0m\n'}
[6.497812] (-) TimerEvent: {}
[6.598871] (-) TimerEvent: {}
[6.705938] (-) TimerEvent: {}
[6.780056] (udemy_ros2_pkg) StdoutLine: {'line': b'[ 41%] Built target udemy_ros2_pkg__rosidl_typesupport_cpp\n'}
[6.812021] (-) TimerEvent: {}
[6.871438] (udemy_ros2_pkg) StdoutLine: {'line': b'[ 43%] \x1b[34m\x1b[1mGenerating C introspection for ROS interfaces\x1b[0m\n'}
[6.912464] (-) TimerEvent: {}
[7.013512] (-) TimerEvent: {}
[7.114553] (-) TimerEvent: {}
[7.216248] (-) TimerEvent: {}
[7.319045] (-) TimerEvent: {}
[7.423423] (-) TimerEvent: {}
[7.479055] (udemy_ros2_pkg) StdoutLine: {'line': b'[ 46%] \x1b[32m\x1b[1mLinking CXX shared library libudemy_ros2_pkg__rosidl_typesupport_fastrtps_cpp.so\x1b[0m\n'}
[7.523558] (-) TimerEvent: {}
[7.628637] (-) TimerEvent: {}
[7.667679] (udemy_ros2_pkg) StdoutLine: {'line': b'[ 48%] \x1b[32mBuilding CXX object CMakeFiles/udemy_ros2_pkg__rosidl_typesupport_fastrtps_c.dir/rosidl_typesupport_fastrtps_c/udemy_ros2_pkg/srv/detail/odd_even_check__type_support_c.cpp.o\x1b[0m\n'}
[7.728740] (-) TimerEvent: {}
[7.831353] (-) TimerEvent: {}
[7.872111] (udemy_ros2_pkg) StdoutLine: {'line': b'[ 51%] \x1b[32m\x1b[1mLinking CXX shared library libudemy_ros2_pkg__rosidl_typesupport_introspection_cpp.so\x1b[0m\n'}
[7.934549] (-) TimerEvent: {}
[8.038359] (-) TimerEvent: {}
[8.068221] (udemy_ros2_pkg) StdoutLine: {'line': b'[ 51%] Built target udemy_ros2_pkg__rosidl_typesupport_fastrtps_cpp\n'}
[8.138529] (-) TimerEvent: {}
[8.165080] (udemy_ros2_pkg) StdoutLine: {'line': b'[ 53%] \x1b[34m\x1b[1mGenerating C type support dispatch for ROS interfaces\x1b[0m\n'}
[8.239101] (-) TimerEvent: {}
[8.263928] (udemy_ros2_pkg) StdoutLine: {'line': b'[ 53%] Built target udemy_ros2_pkg__rosidl_typesupport_introspection_cpp\n'}
[8.339174] (-) TimerEvent: {}
[8.440048] (-) TimerEvent: {}
[8.540503] (-) TimerEvent: {}
[8.648707] (-) TimerEvent: {}
[8.650537] (udemy_ros2_pkg) StdoutLine: {'line': b'[ 56%] \x1b[32mBuilding C object CMakeFiles/udemy_ros2_pkg__rosidl_typesupport_introspection_c.dir/rosidl_typesupport_introspection_c/udemy_ros2_pkg/srv/detail/odd_even_check__type_support.c.o\x1b[0m\n'}
[8.748927] (-) TimerEvent: {}
[8.796175] (udemy_ros2_pkg) StdoutLine: {'line': b'[ 58%] \x1b[32m\x1b[1mLinking C shared library libudemy_ros2_pkg__rosidl_typesupport_introspection_c.so\x1b[0m\n'}
[8.856183] (-) TimerEvent: {}
[8.944704] (udemy_ros2_pkg) StdoutLine: {'line': b'[ 58%] Built target udemy_ros2_pkg__rosidl_typesupport_introspection_c\n'}
[8.956330] (-) TimerEvent: {}
[9.056788] (-) TimerEvent: {}
[9.116220] (udemy_ros2_pkg) StdoutLine: {'line': b'[ 61%] \x1b[32m\x1b[1mLinking CXX shared library libudemy_ros2_pkg__rosidl_typesupport_fastrtps_c.so\x1b[0m\n'}
[9.157010] (-) TimerEvent: {}
[9.199076] (udemy_ros2_pkg) StdoutLine: {'line': b'[ 64%] \x1b[32mBuilding CXX object CMakeFiles/udemy_ros2_pkg__rosidl_typesupport_c.dir/rosidl_typesupport_c/udemy_ros2_pkg/srv/odd_even_check__type_support.cpp.o\x1b[0m\n'}
[9.258859] (-) TimerEvent: {}
[9.345186] (udemy_ros2_pkg) StdoutLine: {'line': b'[ 66%] \x1b[32m\x1b[1mLinking CXX shared library libudemy_ros2_pkg__rosidl_typesupport_c.so\x1b[0m\n'}
[9.355958] (udemy_ros2_pkg) StdoutLine: {'line': b'[ 66%] Built target udemy_ros2_pkg__rosidl_typesupport_fastrtps_c\n'}
[9.359007] (-) TimerEvent: {}
[9.462868] (-) TimerEvent: {}
[9.473331] (udemy_ros2_pkg) StdoutLine: {'line': b'[ 66%] Built target udemy_ros2_pkg__rosidl_typesupport_c\n'}
[9.533574] (udemy_ros2_pkg) StdoutLine: {'line': b'[ 66%] Built target udemy_ros2_pkg\n'}
[9.564479] (-) TimerEvent: {}
[9.629003] (udemy_ros2_pkg) StdoutLine: {'line': b'[ 69%] \x1b[34m\x1b[1mGenerating Python code for ROS interfaces\x1b[0m\n'}
[9.664584] (-) TimerEvent: {}
[9.764991] (-) TimerEvent: {}
[9.866360] (-) TimerEvent: {}
[9.967289] (-) TimerEvent: {}
[10.069870] (-) TimerEvent: {}
[10.170293] (-) TimerEvent: {}
[10.274711] (-) TimerEvent: {}
[10.375773] (-) TimerEvent: {}
[10.476708] (-) TimerEvent: {}
[10.580233] (-) TimerEvent: {}
[10.681108] (-) TimerEvent: {}
[10.783433] (-) TimerEvent: {}
[10.785528] (udemy_ros2_pkg) StdoutLine: {'line': b'[ 69%] Built target udemy_ros2_pkg__py\n'}
[10.851633] (udemy_ros2_pkg) StdoutLine: {'line': b'[ 71%] \x1b[32mBuilding C object CMakeFiles/udemy_ros2_pkg__rosidl_generator_py.dir/rosidl_generator_py/udemy_ros2_pkg/srv/_odd_even_check_s.c.o\x1b[0m\n'}
[10.883568] (-) TimerEvent: {}
[10.983990] (-) TimerEvent: {}
[11.090712] (-) TimerEvent: {}
[11.191104] (-) TimerEvent: {}
[11.283961] (udemy_ros2_pkg) StdoutLine: {'line': b'[ 74%] \x1b[32m\x1b[1mLinking C shared library rosidl_generator_py/udemy_ros2_pkg/libudemy_ros2_pkg__rosidl_generator_py.so\x1b[0m\n'}
[11.292316] (-) TimerEvent: {}
[11.392892] (-) TimerEvent: {}
[11.407506] (udemy_ros2_pkg) StdoutLine: {'line': b'[ 74%] Built target udemy_ros2_pkg__rosidl_generator_py\n'}
[11.475042] (udemy_ros2_pkg) StdoutLine: {'line': b'[ 76%] \x1b[32mBuilding C object CMakeFiles/udemy_ros2_pkg__rosidl_typesupport_c__pyext.dir/rosidl_generator_py/udemy_ros2_pkg/_udemy_ros2_pkg_s.ep.rosidl_typesupport_c.c.o\x1b[0m\n'}
[11.485402] (udemy_ros2_pkg) StdoutLine: {'line': b'[ 79%] \x1b[32mBuilding C object CMakeFiles/udemy_ros2_pkg__rosidl_typesupport_introspection_c__pyext.dir/rosidl_generator_py/udemy_ros2_pkg/_udemy_ros2_pkg_s.ep.rosidl_typesupport_introspection_c.c.o\x1b[0m\n'}
[11.493007] (-) TimerEvent: {}
[11.508855] (udemy_ros2_pkg) StdoutLine: {'line': b'[ 82%] \x1b[32mBuilding C object CMakeFiles/udemy_ros2_pkg__rosidl_typesupport_fastrtps_c__pyext.dir/rosidl_generator_py/udemy_ros2_pkg/_udemy_ros2_pkg_s.ep.rosidl_typesupport_fastrtps_c.c.o\x1b[0m\n'}
[11.593126] (-) TimerEvent: {}
[11.695682] (-) TimerEvent: {}
[11.800554] (-) TimerEvent: {}
[11.901130] (-) TimerEvent: {}
[11.999794] (udemy_ros2_pkg) StdoutLine: {'line': b'[ 84%] \x1b[32m\x1b[1mLinking C shared library rosidl_generator_py/udemy_ros2_pkg/udemy_ros2_pkg_s__rosidl_typesupport_fastrtps_c.cpython-310-x86_64-linux-gnu.so\x1b[0m\n'}
[12.002755] (-) TimerEvent: {}
[12.037145] (udemy_ros2_pkg) StdoutLine: {'line': b'[ 87%] \x1b[32m\x1b[1mLinking C shared library rosidl_generator_py/udemy_ros2_pkg/udemy_ros2_pkg_s__rosidl_typesupport_introspection_c.cpython-310-x86_64-linux-gnu.so\x1b[0m\n'}
[12.060767] (udemy_ros2_pkg) StdoutLine: {'line': b'[ 89%] \x1b[32m\x1b[1mLinking C shared library rosidl_generator_py/udemy_ros2_pkg/udemy_ros2_pkg_s__rosidl_typesupport_c.cpython-310-x86_64-linux-gnu.so\x1b[0m\n'}
[12.102881] (-) TimerEvent: {}
[12.191321] (udemy_ros2_pkg) StdoutLine: {'line': b'[ 89%] Built target udemy_ros2_pkg__rosidl_typesupport_fastrtps_c__pyext\n'}
[12.203117] (-) TimerEvent: {}
[12.209093] (udemy_ros2_pkg) StdoutLine: {'line': b'[ 89%] Built target udemy_ros2_pkg__rosidl_typesupport_c__pyext\n'}
[12.211746] (udemy_ros2_pkg) StdoutLine: {'line': b'[ 89%] Built target udemy_ros2_pkg__rosidl_typesupport_introspection_c__pyext\n'}
[12.303585] (-) TimerEvent: {}
[12.404114] (-) TimerEvent: {}
[12.504566] (-) TimerEvent: {}
[12.605036] (-) TimerEvent: {}
[12.705594] (-) TimerEvent: {}
[12.808554] (-) TimerEvent: {}
[12.909015] (-) TimerEvent: {}
[13.009593] (-) TimerEvent: {}
[13.110128] (-) TimerEvent: {}
[13.211076] (-) TimerEvent: {}
[13.311497] (-) TimerEvent: {}
[13.411937] (-) TimerEvent: {}
[13.512365] (-) TimerEvent: {}
[13.612813] (-) TimerEvent: {}
[13.713241] (-) TimerEvent: {}
[13.813660] (-) TimerEvent: {}
[13.914400] (-) TimerEvent: {}
[14.014844] (-) TimerEvent: {}
[14.115239] (-) TimerEvent: {}
[14.215655] (-) TimerEvent: {}
[14.316083] (-) TimerEvent: {}
[14.416550] (-) TimerEvent: {}
[14.516973] (-) TimerEvent: {}
[14.617408] (-) TimerEvent: {}
[14.718802] (-) TimerEvent: {}
[14.819302] (-) TimerEvent: {}
[14.919893] (-) TimerEvent: {}
[15.020625] (-) TimerEvent: {}
[15.121065] (-) TimerEvent: {}
[15.221738] (-) TimerEvent: {}
[15.322840] (-) TimerEvent: {}
[15.423479] (-) TimerEvent: {}
[15.525188] (-) TimerEvent: {}
[15.625664] (-) TimerEvent: {}
[15.726105] (-) TimerEvent: {}
[15.826569] (-) TimerEvent: {}
[15.927058] (-) TimerEvent: {}
[16.031510] (-) TimerEvent: {}
[16.131966] (-) TimerEvent: {}
[16.232458] (-) TimerEvent: {}
[16.332861] (-) TimerEvent: {}
[16.433289] (-) TimerEvent: {}
[16.534024] (-) TimerEvent: {}
[16.634834] (-) TimerEvent: {}
[16.735217] (-) TimerEvent: {}
[16.835628] (-) TimerEvent: {}
[16.936043] (-) TimerEvent: {}
[17.036432] (-) TimerEvent: {}
[17.136805] (-) TimerEvent: {}
[17.237301] (-) TimerEvent: {}
[17.337730] (-) TimerEvent: {}
[17.438150] (-) TimerEvent: {}
[17.538568] (-) TimerEvent: {}
[17.639109] (-) TimerEvent: {}
[17.739580] (-) TimerEvent: {}
[17.839991] (-) TimerEvent: {}
[17.940581] (-) TimerEvent: {}
[18.041207] (-) TimerEvent: {}
[18.142770] (-) TimerEvent: {}
[18.243108] (-) TimerEvent: {}
[18.344493] (-) TimerEvent: {}
[18.444946] (-) TimerEvent: {}
[18.545418] (-) TimerEvent: {}
[18.645763] (-) TimerEvent: {}
[18.746133] (-) TimerEvent: {}
[18.846515] (-) TimerEvent: {}
[18.946896] (-) TimerEvent: {}
[19.047276] (-) TimerEvent: {}
[19.147683] (-) TimerEvent: {}
[19.248074] (-) TimerEvent: {}
[19.348483] (-) TimerEvent: {}
[19.448896] (-) TimerEvent: {}
[19.552474] (-) TimerEvent: {}
[19.652959] (-) TimerEvent: {}
[19.753407] (-) TimerEvent: {}
[19.853766] (-) TimerEvent: {}
[19.954165] (-) TimerEvent: {}
[20.054845] (-) TimerEvent: {}
[20.155313] (-) TimerEvent: {}
[20.256634] (-) TimerEvent: {}
[20.357047] (-) TimerEvent: {}
[20.461165] (-) TimerEvent: {}
[20.561560] (-) TimerEvent: {}
[20.661985] (-) TimerEvent: {}
[20.717428] (udemy_ros2_pkg) StdoutLine: {'line': b'[ 92%] \x1b[32m\x1b[1mLinking CXX executable rpm_publisher\x1b[0m\n'}
[20.762121] (-) TimerEvent: {}
[20.862498] (-) TimerEvent: {}
[20.962905] (-) TimerEvent: {}
[21.063343] (-) TimerEvent: {}
[21.114662] (udemy_ros2_pkg) StdoutLine: {'line': b'[ 92%] Built target rpm_publisher\n'}
[21.163447] (-) TimerEvent: {}
[21.263826] (-) TimerEvent: {}
[21.364244] (-) TimerEvent: {}
[21.464600] (-) TimerEvent: {}
[21.565000] (-) TimerEvent: {}
[21.665358] (-) TimerEvent: {}
[21.765731] (-) TimerEvent: {}
[21.866106] (-) TimerEvent: {}
[21.966505] (-) TimerEvent: {}
[22.010405] (udemy_ros2_pkg) StdoutLine: {'line': b'[ 94%] \x1b[32m\x1b[1mLinking CXX executable publisher\x1b[0m\n'}
[22.066647] (-) TimerEvent: {}
[22.166995] (-) TimerEvent: {}
[22.267434] (-) TimerEvent: {}
[22.330715] (udemy_ros2_pkg) StdoutLine: {'line': b'[ 94%] Built target publisher\n'}
[22.367551] (-) TimerEvent: {}
[22.468012] (-) TimerEvent: {}
[22.568516] (-) TimerEvent: {}
[22.669085] (-) TimerEvent: {}
[22.769481] (-) TimerEvent: {}
[22.869867] (-) TimerEvent: {}
[22.970215] (-) TimerEvent: {}
[23.070639] (-) TimerEvent: {}
[23.171035] (-) TimerEvent: {}
[23.271399] (-) TimerEvent: {}
[23.371719] (-) TimerEvent: {}
[23.472106] (-) TimerEvent: {}
[23.572457] (-) TimerEvent: {}
[23.672842] (-) TimerEvent: {}
[23.773256] (-) TimerEvent: {}
[23.873649] (-) TimerEvent: {}
[23.974094] (-) TimerEvent: {}
[24.074513] (-) TimerEvent: {}
[24.174998] (-) TimerEvent: {}
[24.275420] (-) TimerEvent: {}
[24.375785] (-) TimerEvent: {}
[24.476121] (-) TimerEvent: {}
[24.576446] (-) TimerEvent: {}
[24.676729] (-) TimerEvent: {}
[24.777040] (-) TimerEvent: {}
[24.877423] (-) TimerEvent: {}
[24.977792] (-) TimerEvent: {}
[25.078105] (-) TimerEvent: {}
[25.178418] (-) TimerEvent: {}
[25.278789] (-) TimerEvent: {}
[25.379146] (-) TimerEvent: {}
[25.479512] (-) TimerEvent: {}
[25.579839] (-) TimerEvent: {}
[25.680212] (-) TimerEvent: {}
[25.780543] (-) TimerEvent: {}
[25.880856] (-) TimerEvent: {}
[25.981183] (-) TimerEvent: {}
[26.081536] (-) TimerEvent: {}
[26.181898] (-) TimerEvent: {}
[26.282218] (-) TimerEvent: {}
[26.382575] (-) TimerEvent: {}
[26.482976] (-) TimerEvent: {}
[26.583509] (-) TimerEvent: {}
[26.683998] (-) TimerEvent: {}
[26.784445] (-) TimerEvent: {}
[26.884847] (-) TimerEvent: {}
[26.985138] (-) TimerEvent: {}
[27.085465] (-) TimerEvent: {}
[27.185833] (-) TimerEvent: {}
[27.286165] (-) TimerEvent: {}
[27.386535] (-) TimerEvent: {}
[27.486887] (-) TimerEvent: {}
[27.587235] (-) TimerEvent: {}
[27.687571] (-) TimerEvent: {}
[27.787880] (-) TimerEvent: {}
[27.888253] (-) TimerEvent: {}
[27.988583] (-) TimerEvent: {}
[28.088943] (-) TimerEvent: {}
[28.189467] (-) TimerEvent: {}
[28.289910] (-) TimerEvent: {}
[28.390339] (-) TimerEvent: {}
[28.491103] (-) TimerEvent: {}
[28.591622] (-) TimerEvent: {}
[28.692039] (-) TimerEvent: {}
[28.792518] (-) TimerEvent: {}
[28.892899] (-) TimerEvent: {}
[28.993288] (-) TimerEvent: {}
[29.093614] (-) TimerEvent: {}
[29.193932] (-) TimerEvent: {}
[29.294296] (-) TimerEvent: {}
[29.394648] (-) TimerEvent: {}
[29.494978] (-) TimerEvent: {}
[29.595341] (-) TimerEvent: {}
[29.695697] (-) TimerEvent: {}
[29.796086] (-) TimerEvent: {}
[29.896462] (-) TimerEvent: {}
[29.996903] (-) TimerEvent: {}
[30.097461] (-) TimerEvent: {}
[30.198107] (-) TimerEvent: {}
[30.298798] (-) TimerEvent: {}
[30.399190] (-) TimerEvent: {}
[30.500422] (-) TimerEvent: {}
[30.600793] (-) TimerEvent: {}
[30.701173] (-) TimerEvent: {}
[30.801562] (-) TimerEvent: {}
[30.902012] (-) TimerEvent: {}
[31.002457] (-) TimerEvent: {}
[31.102944] (-) TimerEvent: {}
[31.203418] (-) TimerEvent: {}
[31.303765] (-) TimerEvent: {}
[31.404107] (-) TimerEvent: {}
[31.504427] (-) TimerEvent: {}
[31.604745] (-) TimerEvent: {}
[31.705059] (-) TimerEvent: {}
[31.805368] (-) TimerEvent: {}
[31.905750] (-) TimerEvent: {}
[32.006130] (-) TimerEvent: {}
[32.106534] (-) TimerEvent: {}
[32.207051] (-) TimerEvent: {}
[32.307705] (-) TimerEvent: {}
[32.409424] (-) TimerEvent: {}
[32.509892] (-) TimerEvent: {}
[32.610390] (-) TimerEvent: {}
[32.711068] (-) TimerEvent: {}
[32.782963] (udemy_ros2_pkg) StdoutLine: {'line': b'[ 97%] \x1b[32m\x1b[1mLinking CXX executable subscriber\x1b[0m\n'}
[32.811195] (-) TimerEvent: {}
[32.911562] (-) TimerEvent: {}
[33.011949] (-) TimerEvent: {}
[33.112284] (-) TimerEvent: {}
[33.212682] (-) TimerEvent: {}
[33.245445] (udemy_ros2_pkg) StdoutLine: {'line': b'[ 97%] Built target subscriber\n'}
[33.312816] (-) TimerEvent: {}
[33.413253] (-) TimerEvent: {}
[33.513630] (-) TimerEvent: {}
[33.613968] (-) TimerEvent: {}
[33.615850] (udemy_ros2_pkg) StdoutLine: {'line': b'[100%] \x1b[32m\x1b[1mLinking CXX executable calc_speed\x1b[0m\n'}
[33.714130] (-) TimerEvent: {}
[33.814541] (-) TimerEvent: {}
[33.914919] (-) TimerEvent: {}
[34.015305] (-) TimerEvent: {}
[34.067597] (udemy_ros2_pkg) StdoutLine: {'line': b'[100%] Built target calc_speed\n'}
[34.084680] (udemy_ros2_pkg) CommandEnded: {'returncode': 0}
[34.115431] (-) TimerEvent: {}
[34.211308] (udemy_ros2_pkg) JobProgress: {'identifier': 'udemy_ros2_pkg', 'progress': 'install'}
[34.211927] (udemy_ros2_pkg) Command: {'cmd': ['/usr/bin/cmake', '--install', '/home/ubuntu/Desktop/learn/Workspaces/ros2_cpp_ws/build/udemy_ros2_pkg'], 'cwd': '/home/ubuntu/Desktop/learn/Workspaces/ros2_cpp_ws/build/udemy_ros2_pkg', 'env': OrderedDict([('GJS_DEBUG_TOPICS', 'JS ERROR;JS LOG'), ('LESSOPEN', '| /usr/bin/lesspipe %s'), ('LANGUAGE', 'de_DE:en'), ('USER', 'ubuntu'), ('LC_TIME', 'C.UTF-8'), ('GIO_MODULE_DIR', '/home/ubuntu/snap/code/common/.cache/gio-modules'), ('XDG_SESSION_TYPE', 'x11'), ('GIT_ASKPASS', '/snap/code/126/usr/share/code/resources/app/extensions/git/dist/askpass.sh'), ('SHLVL', '0'), ('LD_LIBRARY_PATH', '/home/ubuntu/Desktop/learn/Workspaces/ros2_cpp_ws/install/rplidar_ros/lib:/opt/ros/humble/opt/rviz_ogre_vendor/lib:/opt/ros/humble/lib/x86_64-linux-gnu:/opt/ros/humble/lib'), ('HOME', '/home/ubuntu'), ('CHROME_DESKTOP', 'code-url-handler.desktop'), ('TERM_PROGRAM_VERSION', '1.77.3'), ('DESKTOP_SESSION', 'ubuntu'), ('GTK_PATH', '/snap/code/126/usr/lib/x86_64-linux-gnu/gtk-3.0'), ('GTK_IM_MODULE_FILE', '/home/ubuntu/snap/code/common/.cache/immodules/immodules.cache'), ('GIO_LAUNCHED_DESKTOP_FILE', '/var/lib/snapd/desktop/applications/code_code.desktop'), ('ROS_PYTHON_VERSION', '3'), ('GNOME_SHELL_SESSION_MODE', 'ubuntu'), ('GTK_MODULES', 'gail:atk-bridge'), ('VSCODE_GIT_ASKPASS_MAIN', '/snap/code/126/usr/share/code/resources/app/extensions/git/dist/askpass-main.js'), ('LC_MONETARY', 'C.UTF-8'), ('VSCODE_GIT_ASKPASS_NODE', '/snap/code/126/usr/share/code/code'), ('MANAGERPID', '1991'), ('SYSTEMD_EXEC_PID', '2575'), ('DBUS_SESSION_BUS_ADDRESS', 'unix:path=/run/user/999/bus'), ('COLORTERM', 'truecolor'), ('GIO_LAUNCHED_DESKTOP_FILE_PID', '5470'), ('_colcon_cd_root', '/opt/ros/humble/'), ('IM_CONFIG_PHASE', '1'), ('COLCON_PREFIX_PATH', '/home/ubuntu/Desktop/learn/Workspaces/ros2_cpp_ws/install'), ('ROS_DISTRO', 'humble'), ('GTK_IM_MODULE', 'ibus'), ('LOGNAME', 'ubuntu'), ('JOURNAL_STREAM', '8:33888'), ('_', '/usr/bin/colcon'), ('ROS_VERSION', '2'), ('XDG_SESSION_CLASS', 'user'), ('USERNAME', 'ubuntu'), ('TERM', 'xterm-256color'), ('GNOME_DESKTOP_SESSION_ID', 'this-is-deprecated'), ('ROS_LOCALHOST_ONLY', '0'), ('WINDOWPATH', '2'), ('PATH', '/opt/ros/humble/bin:/usr/local/sbin:/usr/local/bin:/usr/sbin:/usr/bin:/sbin:/bin:/usr/games:/usr/local/games:/snap/bin:/snap/bin'), ('SESSION_MANAGER', 'local/ubuntu:@/tmp/.ICE-unix/2553,unix/ubuntu:/tmp/.ICE-unix/2553'), ('GTK_EXE_PREFIX', '/snap/code/126/usr'), ('INVOCATION_ID', 'e94b54870e714a56a9649c6732573276'), ('PAPERSIZE', 'a4'), ('XDG_MENU_PREFIX', 'gnome-'), ('LC_ADDRESS', 'C.UTF-8'), ('BAMF_DESKTOP_FILE_HINT', '/var/lib/snapd/desktop/applications/code_code.desktop'), ('XDG_RUNTIME_DIR', '/run/user/999'), ('GDK_BACKEND', 'x11'), ('DISPLAY', ':0'), ('LOCPATH', '/snap/code/126/usr/lib/locale'), ('LANG', 'de_DE.UTF-8'), ('XDG_CURRENT_DESKTOP', 'Unity'), ('LC_TELEPHONE', 'C.UTF-8'), ('XMODIFIERS', '@im=ibus'), ('XDG_SESSION_DESKTOP', 'ubuntu'), ('XAUTHORITY', '/run/user/999/gdm/Xauthority'), ('LS_COLORS', ''), ('VSCODE_GIT_IPC_HANDLE', '/run/user/999/vscode-git-a3e758ea92.sock'), ('TERM_PROGRAM', 'vscode'), ('SSH_AGENT_LAUNCHER', 'gnome-keyring'), ('SSH_AUTH_SOCK', '/run/user/999/keyring/ssh'), ('GSETTINGS_SCHEMA_DIR', '/home/ubuntu/snap/code/126/.local/share/glib-2.0/schemas'), ('AMENT_PREFIX_PATH', '/home/ubuntu/Desktop/learn/Workspaces/ros2_cpp_ws/install/udemy_ros2_pkg:/home/ubuntu/Desktop/learn/Workspaces/ros2_cpp_ws/install/rplidar_ros:/opt/ros/humble'), ('ORIGINAL_XDG_CURRENT_DESKTOP', 'ubuntu:GNOME'), ('SHELL', '/bin/bash'), ('LC_NAME', 'C.UTF-8'), ('QT_ACCESSIBILITY', '1'), ('GDMSESSION', 'ubuntu'), ('LESSCLOSE', '/usr/bin/lesspipe %s %s'), ('LC_MEASUREMENT', 'C.UTF-8'), ('GPG_AGENT_INFO', '/run/user/999/gnupg/S.gpg-agent:0:1'), ('GJS_DEBUG_OUTPUT', 'stderr'), ('LC_IDENTIFICATION', 'C.UTF-8'), ('VSCODE_GIT_ASKPASS_EXTRA_ARGS', '--ms-enable-electron-run-as-node'), ('QT_IM_MODULE', 'ibus'), ('PWD', '/home/ubuntu/Desktop/learn/Workspaces/ros2_cpp_ws/build/udemy_ros2_pkg'), ('XDG_CONFIG_DIRS', '/etc/xdg/xdg-ubuntu:/etc/xdg'), ('XDG_DATA_DIRS', '/home/ubuntu/snap/code/126/.local/share:/home/ubuntu/snap/code/126:/snap/code/126/usr/share:/usr/share/ubuntu:/usr/share/gnome:/usr/local/share/:/usr/share/:/var/lib/snapd/desktop'), ('PYTHONPATH', '/opt/ros/humble/lib/python3.10/site-packages:/opt/ros/humble/local/lib/python3.10/dist-packages'), ('LC_NUMERIC', 'C.UTF-8'), ('LC_PAPER', 'C.UTF-8'), ('GTK_USE_PORTAL', '1'), ('COLCON', '1'), ('CMAKE_PREFIX_PATH', '/home/ubuntu/Desktop/learn/Workspaces/ros2_cpp_ws/install/udemy_ros2_pkg:/home/ubuntu/Desktop/learn/Workspaces/ros2_cpp_ws/install/rplidar_ros:/opt/ros/humble')]), 'shell': False}
[34.215535] (-) TimerEvent: {}
[34.225716] (udemy_ros2_pkg) StdoutLine: {'line': b'-- Install configuration: "RelWithDebInfo"\n'}
[34.226994] (udemy_ros2_pkg) StdoutLine: {'line': b'-- Execute custom install script\n'}
[34.227750] (udemy_ros2_pkg) StdoutLine: {'line': b'-- Symlinking: /home/ubuntu/Desktop/learn/Workspaces/ros2_cpp_ws/install/udemy_ros2_pkg/share/ament_index/resource_index/rosidl_interfaces/udemy_ros2_pkg\n'}
[34.244625] (udemy_ros2_pkg) StdoutLine: {'line': b'-- Symlinking: /home/ubuntu/Desktop/learn/Workspaces/ros2_cpp_ws/install/udemy_ros2_pkg/include/udemy_ros2_pkg/udemy_ros2_pkg/msg/rosidl_generator_c__visibility_control.h\n'}
[34.262327] (udemy_ros2_pkg) StdoutLine: {'line': b'-- Symlinking: /home/ubuntu/Desktop/learn/Workspaces/ros2_cpp_ws/install/udemy_ros2_pkg/include/udemy_ros2_pkg/udemy_ros2_pkg/srv/detail/odd_even_check__functions.h\n'}
[34.274223] (udemy_ros2_pkg) StdoutLine: {'line': b'-- Symlinking: /home/ubuntu/Desktop/learn/Workspaces/ros2_cpp_ws/install/udemy_ros2_pkg/include/udemy_ros2_pkg/udemy_ros2_pkg/srv/detail/odd_even_check__struct.h\n'}
[34.285012] (udemy_ros2_pkg) StdoutLine: {'line': b'-- Symlinking: /home/ubuntu/Desktop/learn/Workspaces/ros2_cpp_ws/install/udemy_ros2_pkg/include/udemy_ros2_pkg/udemy_ros2_pkg/srv/detail/odd_even_check__type_support.h\n'}
[34.296276] (udemy_ros2_pkg) StdoutLine: {'line': b'-- Symlinking: /home/ubuntu/Desktop/learn/Workspaces/ros2_cpp_ws/install/udemy_ros2_pkg/include/udemy_ros2_pkg/udemy_ros2_pkg/srv/odd_even_check.h\n'}
[34.307204] (udemy_ros2_pkg) StdoutLine: {'line': b'-- Symlinking: /home/ubuntu/Desktop/learn/Workspaces/ros2_cpp_ws/install/udemy_ros2_pkg/share/udemy_ros2_pkg/environment/library_path.sh\n'}
[34.315687] (-) TimerEvent: {}
[34.318593] (udemy_ros2_pkg) StdoutLine: {'line': b'-- Symlinking: /home/ubuntu/Desktop/learn/Workspaces/ros2_cpp_ws/install/udemy_ros2_pkg/share/udemy_ros2_pkg/environment/library_path.dsv\n'}
[34.330329] (udemy_ros2_pkg) StdoutLine: {'line': b'-- Symlinking: /home/ubuntu/Desktop/learn/Workspaces/ros2_cpp_ws/install/udemy_ros2_pkg/include/udemy_ros2_pkg/udemy_ros2_pkg/msg/rosidl_typesupport_fastrtps_c__visibility_control.h\n'}
[34.342961] (udemy_ros2_pkg) StdoutLine: {'line': b'-- Symlinking: /home/ubuntu/Desktop/learn/Workspaces/ros2_cpp_ws/install/udemy_ros2_pkg/include/udemy_ros2_pkg/udemy_ros2_pkg/srv/detail/odd_even_check__rosidl_typesupport_fastrtps_c.h\n'}
[34.355405] (udemy_ros2_pkg) StdoutLine: {'line': b'-- Symlinking: /home/ubuntu/Desktop/learn/Workspaces/ros2_cpp_ws/install/udemy_ros2_pkg/include/udemy_ros2_pkg/udemy_ros2_pkg/srv/detail/odd_even_check__builder.hpp\n'}
[34.366709] (udemy_ros2_pkg) StdoutLine: {'line': b'-- Symlinking: /home/ubuntu/Desktop/learn/Workspaces/ros2_cpp_ws/install/udemy_ros2_pkg/include/udemy_ros2_pkg/udemy_ros2_pkg/srv/detail/odd_even_check__struct.hpp\n'}
[34.379255] (udemy_ros2_pkg) StdoutLine: {'line': b'-- Symlinking: /home/ubuntu/Desktop/learn/Workspaces/ros2_cpp_ws/install/udemy_ros2_pkg/include/udemy_ros2_pkg/udemy_ros2_pkg/srv/detail/odd_even_check__traits.hpp\n'}
[34.391200] (udemy_ros2_pkg) StdoutLine: {'line': b'-- Symlinking: /home/ubuntu/Desktop/learn/Workspaces/ros2_cpp_ws/install/udemy_ros2_pkg/include/udemy_ros2_pkg/udemy_ros2_pkg/srv/odd_even_check.hpp\n'}
[34.402441] (udemy_ros2_pkg) StdoutLine: {'line': b'-- Symlinking: /home/ubuntu/Desktop/learn/Workspaces/ros2_cpp_ws/install/udemy_ros2_pkg/include/udemy_ros2_pkg/udemy_ros2_pkg/msg/rosidl_typesupport_fastrtps_cpp__visibility_control.h\n'}
[34.413502] (udemy_ros2_pkg) StdoutLine: {'line': b'-- Symlinking: /home/ubuntu/Desktop/learn/Workspaces/ros2_cpp_ws/install/udemy_ros2_pkg/include/udemy_ros2_pkg/udemy_ros2_pkg/srv/detail/odd_even_check__rosidl_typesupport_fastrtps_cpp.hpp\n'}
[34.415808] (-) TimerEvent: {}
[34.426271] (udemy_ros2_pkg) StdoutLine: {'line': b'-- Symlinking: /home/ubuntu/Desktop/learn/Workspaces/ros2_cpp_ws/install/udemy_ros2_pkg/include/udemy_ros2_pkg/udemy_ros2_pkg/msg/rosidl_typesupport_introspection_c__visibility_control.h\n'}
[34.437609] (udemy_ros2_pkg) StdoutLine: {'line': b'-- Symlinking: /home/ubuntu/Desktop/learn/Workspaces/ros2_cpp_ws/install/udemy_ros2_pkg/include/udemy_ros2_pkg/udemy_ros2_pkg/srv/detail/odd_even_check__rosidl_typesupport_introspection_c.h\n'}
[34.452298] (udemy_ros2_pkg) StdoutLine: {'line': b'-- Symlinking: /home/ubuntu/Desktop/learn/Workspaces/ros2_cpp_ws/install/udemy_ros2_pkg/include/udemy_ros2_pkg/udemy_ros2_pkg/srv/detail/odd_even_check__rosidl_typesupport_introspection_cpp.hpp\n'}
[34.463456] (udemy_ros2_pkg) StdoutLine: {'line': b'-- Symlinking: /home/ubuntu/Desktop/learn/Workspaces/ros2_cpp_ws/install/udemy_ros2_pkg/share/udemy_ros2_pkg/environment/pythonpath.sh\n'}
[34.475029] (udemy_ros2_pkg) StdoutLine: {'line': b'-- Symlinking: /home/ubuntu/Desktop/learn/Workspaces/ros2_cpp_ws/install/udemy_ros2_pkg/share/udemy_ros2_pkg/environment/pythonpath.dsv\n'}
[34.486274] (udemy_ros2_pkg) StdoutLine: {'line': b'-- Symlinking: /home/ubuntu/Desktop/learn/Workspaces/ros2_cpp_ws/install/udemy_ros2_pkg/local/lib/python3.10/dist-packages/udemy_ros2_pkg-0.0.0-py3.10.egg-info/PKG-INFO\n'}
[34.498173] (udemy_ros2_pkg) StdoutLine: {'line': b'-- Symlinking: /home/ubuntu/Desktop/learn/Workspaces/ros2_cpp_ws/install/udemy_ros2_pkg/local/lib/python3.10/dist-packages/udemy_ros2_pkg-0.0.0-py3.10.egg-info/SOURCES.txt\n'}
[34.510169] (udemy_ros2_pkg) StdoutLine: {'line': b'-- Symlinking: /home/ubuntu/Desktop/learn/Workspaces/ros2_cpp_ws/install/udemy_ros2_pkg/local/lib/python3.10/dist-packages/udemy_ros2_pkg-0.0.0-py3.10.egg-info/dependency_links.txt\n'}
[34.515967] (-) TimerEvent: {}
[34.522796] (udemy_ros2_pkg) StdoutLine: {'line': b'-- Symlinking: /home/ubuntu/Desktop/learn/Workspaces/ros2_cpp_ws/install/udemy_ros2_pkg/local/lib/python3.10/dist-packages/udemy_ros2_pkg-0.0.0-py3.10.egg-info/top_level.txt\n'}
[34.539271] (udemy_ros2_pkg) StdoutLine: {'line': b'-- Symlinking: /home/ubuntu/Desktop/learn/Workspaces/ros2_cpp_ws/install/udemy_ros2_pkg/local/lib/python3.10/dist-packages/udemy_ros2_pkg/__init__.py\n'}
[34.555253] (udemy_ros2_pkg) StdoutLine: {'line': b'-- Symlinking: /home/ubuntu/Desktop/learn/Workspaces/ros2_cpp_ws/install/udemy_ros2_pkg/local/lib/python3.10/dist-packages/udemy_ros2_pkg/_udemy_ros2_pkg_s.ep.rosidl_typesupport_c.c\n'}
[34.569336] (udemy_ros2_pkg) StdoutLine: {'line': b'-- Symlinking: /home/ubuntu/Desktop/learn/Workspaces/ros2_cpp_ws/install/udemy_ros2_pkg/local/lib/python3.10/dist-packages/udemy_ros2_pkg/_udemy_ros2_pkg_s.ep.rosidl_typesupport_fastrtps_c.c\n'}
[34.583372] (udemy_ros2_pkg) StdoutLine: {'line': b'-- Symlinking: /home/ubuntu/Desktop/learn/Workspaces/ros2_cpp_ws/install/udemy_ros2_pkg/local/lib/python3.10/dist-packages/udemy_ros2_pkg/_udemy_ros2_pkg_s.ep.rosidl_typesupport_introspection_c.c\n'}
[34.597996] (udemy_ros2_pkg) StdoutLine: {'line': b'-- Symlinking: /home/ubuntu/Desktop/learn/Workspaces/ros2_cpp_ws/install/udemy_ros2_pkg/local/lib/python3.10/dist-packages/udemy_ros2_pkg/libudemy_ros2_pkg__rosidl_generator_py.so\n'}
[34.612312] (udemy_ros2_pkg) StdoutLine: {'line': b'-- Symlinking: /home/ubuntu/Desktop/learn/Workspaces/ros2_cpp_ws/install/udemy_ros2_pkg/local/lib/python3.10/dist-packages/udemy_ros2_pkg/srv/__init__.py\n'}
[34.616161] (-) TimerEvent: {}
[34.626278] (udemy_ros2_pkg) StdoutLine: {'line': b'-- Symlinking: /home/ubuntu/Desktop/learn/Workspaces/ros2_cpp_ws/install/udemy_ros2_pkg/local/lib/python3.10/dist-packages/udemy_ros2_pkg/srv/_odd_even_check.py\n'}
[34.640934] (udemy_ros2_pkg) StdoutLine: {'line': b'-- Symlinking: /home/ubuntu/Desktop/learn/Workspaces/ros2_cpp_ws/install/udemy_ros2_pkg/local/lib/python3.10/dist-packages/udemy_ros2_pkg/srv/_odd_even_check_s.c\n'}
[34.657498] (udemy_ros2_pkg) StdoutLine: {'line': b'-- Symlinking: /home/ubuntu/Desktop/learn/Workspaces/ros2_cpp_ws/install/udemy_ros2_pkg/local/lib/python3.10/dist-packages/udemy_ros2_pkg/udemy_ros2_pkg_s__rosidl_typesupport_c.cpython-310-x86_64-linux-gnu.so\n'}
[34.671233] (udemy_ros2_pkg) StdoutLine: {'line': b'-- Symlinking: /home/ubuntu/Desktop/learn/Workspaces/ros2_cpp_ws/install/udemy_ros2_pkg/local/lib/python3.10/dist-packages/udemy_ros2_pkg/udemy_ros2_pkg_s__rosidl_typesupport_fastrtps_c.cpython-310-x86_64-linux-gnu.so\n'}
[34.684494] (udemy_ros2_pkg) StdoutLine: {'line': b'-- Symlinking: /home/ubuntu/Desktop/learn/Workspaces/ros2_cpp_ws/install/udemy_ros2_pkg/local/lib/python3.10/dist-packages/udemy_ros2_pkg/udemy_ros2_pkg_s__rosidl_typesupport_introspection_c.cpython-310-x86_64-linux-gnu.so\n'}
[34.698301] (udemy_ros2_pkg) StdoutLine: {'line': b'-- Up-to-date symlink: /home/ubuntu/Desktop/learn/Workspaces/ros2_cpp_ws/install/udemy_ros2_pkg/local/lib/python3.10/dist-packages/udemy_ros2_pkg/udemy_ros2_pkg_s__rosidl_typesupport_fastrtps_c.cpython-310-x86_64-linux-gnu.so\n'}
[34.698747] (udemy_ros2_pkg) StdoutLine: {'line': b'-- Up-to-date symlink: /home/ubuntu/Desktop/learn/Workspaces/ros2_cpp_ws/install/udemy_ros2_pkg/local/lib/python3.10/dist-packages/udemy_ros2_pkg/udemy_ros2_pkg_s__rosidl_typesupport_introspection_c.cpython-310-x86_64-linux-gnu.so\n'}
[34.699244] (udemy_ros2_pkg) StdoutLine: {'line': b'-- Up-to-date symlink: /home/ubuntu/Desktop/learn/Workspaces/ros2_cpp_ws/install/udemy_ros2_pkg/local/lib/python3.10/dist-packages/udemy_ros2_pkg/udemy_ros2_pkg_s__rosidl_typesupport_c.cpython-310-x86_64-linux-gnu.so\n'}
[34.699555] (udemy_ros2_pkg) StdoutLine: {'line': b'-- Symlinking: /home/ubuntu/Desktop/learn/Workspaces/ros2_cpp_ws/install/udemy_ros2_pkg/share/udemy_ros2_pkg/srv/OddEvenCheck.idl\n'}
[34.712621] (udemy_ros2_pkg) StdoutLine: {'line': b'-- Symlinking: /home/ubuntu/Desktop/learn/Workspaces/ros2_cpp_ws/install/udemy_ros2_pkg/share/udemy_ros2_pkg/srv/OddEvenCheck.srv\n'}
[34.716284] (-) TimerEvent: {}
[34.726205] (udemy_ros2_pkg) StdoutLine: {'line': b'-- Symlinking: /home/ubuntu/Desktop/learn/Workspaces/ros2_cpp_ws/install/udemy_ros2_pkg/share/udemy_ros2_pkg/srv/OddEvenCheck_Request.msg\n'}
[34.740771] (udemy_ros2_pkg) StdoutLine: {'line': b'-- Symlinking: /home/ubuntu/Desktop/learn/Workspaces/ros2_cpp_ws/install/udemy_ros2_pkg/share/udemy_ros2_pkg/srv/OddEvenCheck_Response.msg\n'}
[34.757877] (udemy_ros2_pkg) StdoutLine: {'line': b'-- Up-to-date symlink: /home/ubuntu/Desktop/learn/Workspaces/ros2_cpp_ws/install/udemy_ros2_pkg/lib/udemy_ros2_pkg/publisher\n'}
[34.758965] (udemy_ros2_pkg) StdoutLine: {'line': b'-- Up-to-date symlink: /home/ubuntu/Desktop/learn/Workspaces/ros2_cpp_ws/install/udemy_ros2_pkg/lib/udemy_ros2_pkg/subscriber\n'}
[34.759386] (udemy_ros2_pkg) StdoutLine: {'line': b'-- Up-to-date symlink: /home/ubuntu/Desktop/learn/Workspaces/ros2_cpp_ws/install/udemy_ros2_pkg/lib/udemy_ros2_pkg/rpm_publisher\n'}
[34.759644] (udemy_ros2_pkg) StdoutLine: {'line': b'-- Up-to-date symlink: /home/ubuntu/Desktop/learn/Workspaces/ros2_cpp_ws/install/udemy_ros2_pkg/lib/udemy_ros2_pkg/calc_speed\n'}
[34.760156] (udemy_ros2_pkg) StdoutLine: {'line': b'-- Up-to-date symlink: /home/ubuntu/Desktop/learn/Workspaces/ros2_cpp_ws/install/udemy_ros2_pkg/share/udemy_ros2_pkg//launch/rpm_calc_speed_node.launch.py\n'}
[34.760558] (udemy_ros2_pkg) StdoutLine: {'line': b'-- Up-to-date symlink: /home/ubuntu/Desktop/learn/Workspaces/ros2_cpp_ws/install/udemy_ros2_pkg/share/udemy_ros2_pkg//launch/rpm_node.launch.py\n'}
[34.761160] (udemy_ros2_pkg) StdoutLine: {'line': b'-- Up-to-date symlink: /home/ubuntu/Desktop/learn/Workspaces/ros2_cpp_ws/install/udemy_ros2_pkg/share/ament_index/resource_index/package_run_dependencies/udemy_ros2_pkg\n'}
[34.761654] (udemy_ros2_pkg) StdoutLine: {'line': b'-- Up-to-date symlink: /home/ubuntu/Desktop/learn/Workspaces/ros2_cpp_ws/install/udemy_ros2_pkg/share/ament_index/resource_index/parent_prefix_path/udemy_ros2_pkg\n'}
[34.762087] (udemy_ros2_pkg) StdoutLine: {'line': b'-- Up-to-date symlink: /home/ubuntu/Desktop/learn/Workspaces/ros2_cpp_ws/install/udemy_ros2_pkg/share/udemy_ros2_pkg/environment/ament_prefix_path.sh\n'}
[34.762574] (udemy_ros2_pkg) StdoutLine: {'line': b'-- Up-to-date symlink: /home/ubuntu/Desktop/learn/Workspaces/ros2_cpp_ws/install/udemy_ros2_pkg/share/udemy_ros2_pkg/environment/ament_prefix_path.dsv\n'}
[34.763065] (udemy_ros2_pkg) StdoutLine: {'line': b'-- Up-to-date symlink: /home/ubuntu/Desktop/learn/Workspaces/ros2_cpp_ws/install/udemy_ros2_pkg/share/udemy_ros2_pkg/environment/path.sh\n'}
[34.763600] (udemy_ros2_pkg) StdoutLine: {'line': b'-- Up-to-date symlink: /home/ubuntu/Desktop/learn/Workspaces/ros2_cpp_ws/install/udemy_ros2_pkg/share/udemy_ros2_pkg/environment/path.dsv\n'}
[34.764154] (udemy_ros2_pkg) StdoutLine: {'line': b'-- Up-to-date symlink: /home/ubuntu/Desktop/learn/Workspaces/ros2_cpp_ws/install/udemy_ros2_pkg/share/udemy_ros2_pkg/local_setup.bash\n'}
[34.764671] (udemy_ros2_pkg) StdoutLine: {'line': b'-- Up-to-date symlink: /home/ubuntu/Desktop/learn/Workspaces/ros2_cpp_ws/install/udemy_ros2_pkg/share/udemy_ros2_pkg/local_setup.sh\n'}
[34.765125] (udemy_ros2_pkg) StdoutLine: {'line': b'-- Up-to-date symlink: /home/ubuntu/Desktop/learn/Workspaces/ros2_cpp_ws/install/udemy_ros2_pkg/share/udemy_ros2_pkg/local_setup.zsh\n'}
[34.765603] (udemy_ros2_pkg) StdoutLine: {'line': b'-- Up-to-date symlink: /home/ubuntu/Desktop/learn/Workspaces/ros2_cpp_ws/install/udemy_ros2_pkg/share/udemy_ros2_pkg/local_setup.dsv\n'}
[34.765936] (udemy_ros2_pkg) StdoutLine: {'line': b'-- Symlinking: /home/ubuntu/Desktop/learn/Workspaces/ros2_cpp_ws/install/udemy_ros2_pkg/share/udemy_ros2_pkg/package.dsv\n'}
[34.780465] (udemy_ros2_pkg) StdoutLine: {'line': b'-- Up-to-date symlink: /home/ubuntu/Desktop/learn/Workspaces/ros2_cpp_ws/install/udemy_ros2_pkg/share/ament_index/resource_index/packages/udemy_ros2_pkg\n'}
[34.780824] (udemy_ros2_pkg) StdoutLine: {'line': b'-- Symlinking: /home/ubuntu/Desktop/learn/Workspaces/ros2_cpp_ws/install/udemy_ros2_pkg/share/udemy_ros2_pkg/cmake/rosidl_cmake-extras.cmake\n'}
[34.794629] (udemy_ros2_pkg) StdoutLine: {'line': b'-- Symlinking: /home/ubuntu/Desktop/learn/Workspaces/ros2_cpp_ws/install/udemy_ros2_pkg/share/udemy_ros2_pkg/cmake/ament_cmake_export_dependencies-extras.cmake\n'}
[34.807411] (udemy_ros2_pkg) StdoutLine: {'line': b'-- Symlinking: /home/ubuntu/Desktop/learn/Workspaces/ros2_cpp_ws/install/udemy_ros2_pkg/share/udemy_ros2_pkg/cmake/ament_cmake_export_include_directories-extras.cmake\n'}
[34.816448] (-) TimerEvent: {}
[34.820439] (udemy_ros2_pkg) StdoutLine: {'line': b'-- Symlinking: /home/ubuntu/Desktop/learn/Workspaces/ros2_cpp_ws/install/udemy_ros2_pkg/share/udemy_ros2_pkg/cmake/ament_cmake_export_libraries-extras.cmake\n'}
[34.833918] (udemy_ros2_pkg) StdoutLine: {'line': b'-- Symlinking: /home/ubuntu/Desktop/learn/Workspaces/ros2_cpp_ws/install/udemy_ros2_pkg/share/udemy_ros2_pkg/cmake/ament_cmake_export_targets-extras.cmake\n'}
[34.852340] (udemy_ros2_pkg) StdoutLine: {'line': b'-- Symlinking: /home/ubuntu/Desktop/learn/Workspaces/ros2_cpp_ws/install/udemy_ros2_pkg/share/udemy_ros2_pkg/cmake/rosidl_cmake_export_typesupport_targets-extras.cmake\n'}
[34.866274] (udemy_ros2_pkg) StdoutLine: {'line': b'-- Symlinking: /home/ubuntu/Desktop/learn/Workspaces/ros2_cpp_ws/install/udemy_ros2_pkg/share/udemy_ros2_pkg/cmake/rosidl_cmake_export_typesupport_libraries-extras.cmake\n'}
[34.879870] (udemy_ros2_pkg) StdoutLine: {'line': b'-- Up-to-date symlink: /home/ubuntu/Desktop/learn/Workspaces/ros2_cpp_ws/install/udemy_ros2_pkg/share/udemy_ros2_pkg/cmake/udemy_ros2_pkgConfig.cmake\n'}
[34.880179] (udemy_ros2_pkg) StdoutLine: {'line': b'-- Up-to-date symlink: /home/ubuntu/Desktop/learn/Workspaces/ros2_cpp_ws/install/udemy_ros2_pkg/share/udemy_ros2_pkg/cmake/udemy_ros2_pkgConfig-version.cmake\n'}
[34.880637] (udemy_ros2_pkg) StdoutLine: {'line': b'-- Up-to-date symlink: /home/ubuntu/Desktop/learn/Workspaces/ros2_cpp_ws/install/udemy_ros2_pkg/share/udemy_ros2_pkg/package.xml\n'}
[34.880939] (udemy_ros2_pkg) StdoutLine: {'line': b'-- Installing: /home/ubuntu/Desktop/learn/Workspaces/ros2_cpp_ws/install/udemy_ros2_pkg/lib/libudemy_ros2_pkg__rosidl_generator_c.so\n'}
[34.882206] (udemy_ros2_pkg) StdoutLine: {'line': b'-- Set runtime path of "/home/ubuntu/Desktop/learn/Workspaces/ros2_cpp_ws/install/udemy_ros2_pkg/lib/libudemy_ros2_pkg__rosidl_generator_c.so" to ""\n'}
[34.882443] (udemy_ros2_pkg) StdoutLine: {'line': b'-- Installing: /home/ubuntu/Desktop/learn/Workspaces/ros2_cpp_ws/install/udemy_ros2_pkg/lib/libudemy_ros2_pkg__rosidl_typesupport_fastrtps_c.so\n'}
[34.884030] (udemy_ros2_pkg) StdoutLine: {'line': b'-- Set runtime path of "/home/ubuntu/Desktop/learn/Workspaces/ros2_cpp_ws/install/udemy_ros2_pkg/lib/libudemy_ros2_pkg__rosidl_typesupport_fastrtps_c.so" to ""\n'}
[34.884365] (udemy_ros2_pkg) StdoutLine: {'line': b'-- Installing: /home/ubuntu/Desktop/learn/Workspaces/ros2_cpp_ws/install/udemy_ros2_pkg/lib/libudemy_ros2_pkg__rosidl_typesupport_fastrtps_cpp.so\n'}
[34.885838] (udemy_ros2_pkg) StdoutLine: {'line': b'-- Set runtime path of "/home/ubuntu/Desktop/learn/Workspaces/ros2_cpp_ws/install/udemy_ros2_pkg/lib/libudemy_ros2_pkg__rosidl_typesupport_fastrtps_cpp.so" to ""\n'}
[34.886061] (udemy_ros2_pkg) StdoutLine: {'line': b'-- Installing: /home/ubuntu/Desktop/learn/Workspaces/ros2_cpp_ws/install/udemy_ros2_pkg/lib/libudemy_ros2_pkg__rosidl_typesupport_introspection_c.so\n'}
[34.887135] (udemy_ros2_pkg) StdoutLine: {'line': b'-- Set runtime path of "/home/ubuntu/Desktop/learn/Workspaces/ros2_cpp_ws/install/udemy_ros2_pkg/lib/libudemy_ros2_pkg__rosidl_typesupport_introspection_c.so" to ""\n'}
[34.887395] (udemy_ros2_pkg) StdoutLine: {'line': b'-- Installing: /home/ubuntu/Desktop/learn/Workspaces/ros2_cpp_ws/install/udemy_ros2_pkg/lib/libudemy_ros2_pkg__rosidl_typesupport_c.so\n'}
[34.888336] (udemy_ros2_pkg) StdoutLine: {'line': b'-- Set runtime path of "/home/ubuntu/Desktop/learn/Workspaces/ros2_cpp_ws/install/udemy_ros2_pkg/lib/libudemy_ros2_pkg__rosidl_typesupport_c.so" to ""\n'}
[34.888580] (udemy_ros2_pkg) StdoutLine: {'line': b'-- Installing: /home/ubuntu/Desktop/learn/Workspaces/ros2_cpp_ws/install/udemy_ros2_pkg/lib/libudemy_ros2_pkg__rosidl_typesupport_introspection_cpp.so\n'}
[34.890334] (udemy_ros2_pkg) StdoutLine: {'line': b'-- Set runtime path of "/home/ubuntu/Desktop/learn/Workspaces/ros2_cpp_ws/install/udemy_ros2_pkg/lib/libudemy_ros2_pkg__rosidl_typesupport_introspection_cpp.so" to ""\n'}
[34.890689] (udemy_ros2_pkg) StdoutLine: {'line': b'-- Installing: /home/ubuntu/Desktop/learn/Workspaces/ros2_cpp_ws/install/udemy_ros2_pkg/lib/libudemy_ros2_pkg__rosidl_typesupport_cpp.so\n'}
[34.891772] (udemy_ros2_pkg) StdoutLine: {'line': b'-- Set runtime path of "/home/ubuntu/Desktop/learn/Workspaces/ros2_cpp_ws/install/udemy_ros2_pkg/lib/libudemy_ros2_pkg__rosidl_typesupport_cpp.so" to ""\n'}
[34.916544] (-) TimerEvent: {}
[34.964695] (udemy_ros2_pkg) StdoutLine: {'line': b"Listing '/home/ubuntu/Desktop/learn/Workspaces/ros2_cpp_ws/install/udemy_ros2_pkg/local/lib/python3.10/dist-packages/udemy_ros2_pkg'...\n"}
[34.964932] (udemy_ros2_pkg) StdoutLine: {'line': b"Compiling '/home/ubuntu/Desktop/learn/Workspaces/ros2_cpp_ws/install/udemy_ros2_pkg/local/lib/python3.10/dist-packages/udemy_ros2_pkg/__init__.py'...\n"}
[34.965048] (udemy_ros2_pkg) StdoutLine: {'line': b"Listing '/home/ubuntu/Desktop/learn/Workspaces/ros2_cpp_ws/install/udemy_ros2_pkg/local/lib/python3.10/dist-packages/udemy_ros2_pkg/srv'...\n"}
[34.965186] (udemy_ros2_pkg) StdoutLine: {'line': b"Compiling '/home/ubuntu/Desktop/learn/Workspaces/ros2_cpp_ws/install/udemy_ros2_pkg/local/lib/python3.10/dist-packages/udemy_ros2_pkg/srv/__init__.py'...\n"}
[34.965291] (udemy_ros2_pkg) StdoutLine: {'line': b"Compiling '/home/ubuntu/Desktop/learn/Workspaces/ros2_cpp_ws/install/udemy_ros2_pkg/local/lib/python3.10/dist-packages/udemy_ros2_pkg/srv/_odd_even_check.py'...\n"}
[34.973233] (udemy_ros2_pkg) StdoutLine: {'line': b'-- Installing: /home/ubuntu/Desktop/learn/Workspaces/ros2_cpp_ws/install/udemy_ros2_pkg/lib/libudemy_ros2_pkg__rosidl_generator_py.so\n'}
[34.974316] (udemy_ros2_pkg) StdoutLine: {'line': b'-- Set runtime path of "/home/ubuntu/Desktop/learn/Workspaces/ros2_cpp_ws/install/udemy_ros2_pkg/lib/libudemy_ros2_pkg__rosidl_generator_py.so" to ""\n'}
[34.974686] (udemy_ros2_pkg) StdoutLine: {'line': b'-- Installing: /home/ubuntu/Desktop/learn/Workspaces/ros2_cpp_ws/install/udemy_ros2_pkg/share/udemy_ros2_pkg/cmake/export_udemy_ros2_pkg__rosidl_generator_cExport.cmake\n'}
[34.974964] (udemy_ros2_pkg) StdoutLine: {'line': b'-- Installing: /home/ubuntu/Desktop/learn/Workspaces/ros2_cpp_ws/install/udemy_ros2_pkg/share/udemy_ros2_pkg/cmake/export_udemy_ros2_pkg__rosidl_generator_cExport-relwithdebinfo.cmake\n'}
[34.975385] (udemy_ros2_pkg) StdoutLine: {'line': b'-- Installing: /home/ubuntu/Desktop/learn/Workspaces/ros2_cpp_ws/install/udemy_ros2_pkg/share/udemy_ros2_pkg/cmake/export_udemy_ros2_pkg__rosidl_typesupport_fastrtps_cExport.cmake\n'}
[34.975996] (udemy_ros2_pkg) StdoutLine: {'line': b'-- Installing: /home/ubuntu/Desktop/learn/Workspaces/ros2_cpp_ws/install/udemy_ros2_pkg/share/udemy_ros2_pkg/cmake/export_udemy_ros2_pkg__rosidl_typesupport_fastrtps_cExport-relwithdebinfo.cmake\n'}
[34.976575] (udemy_ros2_pkg) StdoutLine: {'line': b'-- Installing: /home/ubuntu/Desktop/learn/Workspaces/ros2_cpp_ws/install/udemy_ros2_pkg/share/udemy_ros2_pkg/cmake/export_udemy_ros2_pkg__rosidl_generator_cppExport.cmake\n'}
[34.976935] (udemy_ros2_pkg) StdoutLine: {'line': b'-- Installing: /home/ubuntu/Desktop/learn/Workspaces/ros2_cpp_ws/install/udemy_ros2_pkg/share/udemy_ros2_pkg/cmake/export_udemy_ros2_pkg__rosidl_typesupport_fastrtps_cppExport.cmake\n'}
[34.977332] (udemy_ros2_pkg) StdoutLine: {'line': b'-- Installing: /home/ubuntu/Desktop/learn/Workspaces/ros2_cpp_ws/install/udemy_ros2_pkg/share/udemy_ros2_pkg/cmake/export_udemy_ros2_pkg__rosidl_typesupport_fastrtps_cppExport-relwithdebinfo.cmake\n'}
[34.977721] (udemy_ros2_pkg) StdoutLine: {'line': b'-- Installing: /home/ubuntu/Desktop/learn/Workspaces/ros2_cpp_ws/install/udemy_ros2_pkg/share/udemy_ros2_pkg/cmake/udemy_ros2_pkg__rosidl_typesupport_introspection_cExport.cmake\n'}
[34.978189] (udemy_ros2_pkg) StdoutLine: {'line': b'-- Installing: /home/ubuntu/Desktop/learn/Workspaces/ros2_cpp_ws/install/udemy_ros2_pkg/share/udemy_ros2_pkg/cmake/udemy_ros2_pkg__rosidl_typesupport_introspection_cExport-relwithdebinfo.cmake\n'}
[34.978660] (udemy_ros2_pkg) StdoutLine: {'line': b'-- Installing: /home/ubuntu/Desktop/learn/Workspaces/ros2_cpp_ws/install/udemy_ros2_pkg/share/udemy_ros2_pkg/cmake/udemy_ros2_pkg__rosidl_typesupport_cExport.cmake\n'}
[34.979023] (udemy_ros2_pkg) StdoutLine: {'line': b'-- Installing: /home/ubuntu/Desktop/learn/Workspaces/ros2_cpp_ws/install/udemy_ros2_pkg/share/udemy_ros2_pkg/cmake/udemy_ros2_pkg__rosidl_typesupport_cExport-relwithdebinfo.cmake\n'}
[34.979394] (udemy_ros2_pkg) StdoutLine: {'line': b'-- Installing: /home/ubuntu/Desktop/learn/Workspaces/ros2_cpp_ws/install/udemy_ros2_pkg/share/udemy_ros2_pkg/cmake/udemy_ros2_pkg__rosidl_typesupport_introspection_cppExport.cmake\n'}
[34.979764] (udemy_ros2_pkg) StdoutLine: {'line': b'-- Installing: /home/ubuntu/Desktop/learn/Workspaces/ros2_cpp_ws/install/udemy_ros2_pkg/share/udemy_ros2_pkg/cmake/udemy_ros2_pkg__rosidl_typesupport_introspection_cppExport-relwithdebinfo.cmake\n'}
[34.980264] (udemy_ros2_pkg) StdoutLine: {'line': b'-- Installing: /home/ubuntu/Desktop/learn/Workspaces/ros2_cpp_ws/install/udemy_ros2_pkg/share/udemy_ros2_pkg/cmake/udemy_ros2_pkg__rosidl_typesupport_cppExport.cmake\n'}
[34.980759] (udemy_ros2_pkg) StdoutLine: {'line': b'-- Installing: /home/ubuntu/Desktop/learn/Workspaces/ros2_cpp_ws/install/udemy_ros2_pkg/share/udemy_ros2_pkg/cmake/udemy_ros2_pkg__rosidl_typesupport_cppExport-relwithdebinfo.cmake\n'}
[34.981167] (udemy_ros2_pkg) StdoutLine: {'line': b'-- Installing: /home/ubuntu/Desktop/learn/Workspaces/ros2_cpp_ws/install/udemy_ros2_pkg/share/udemy_ros2_pkg/cmake/export_udemy_ros2_pkg__rosidl_generator_pyExport.cmake\n'}
[34.981550] (udemy_ros2_pkg) StdoutLine: {'line': b'-- Installing: /home/ubuntu/Desktop/learn/Workspaces/ros2_cpp_ws/install/udemy_ros2_pkg/share/udemy_ros2_pkg/cmake/export_udemy_ros2_pkg__rosidl_generator_pyExport-relwithdebinfo.cmake\n'}
[34.985516] (udemy_ros2_pkg) CommandEnded: {'returncode': 0}
[35.016654] (-) TimerEvent: {}
[35.117026] (-) TimerEvent: {}
[35.183541] (udemy_ros2_pkg) JobEnded: {'identifier': 'udemy_ros2_pkg', 'rc': 0}
[35.185297] (-) EventReactorShutdown: {}
