[0.482s] DEBUG:colcon:Command line arguments: ['/usr/bin/colcon', 'build', '--symlink-install', '--event-handlers', 'console_cohesion+', '--base-paths', '/home/ubuntu/Desktop/learn/Workspaces/ros2_cpp_ws', '--cmake-args', '-DCMAKE_BUILD_TYPE=RelWithDebInfo']
[0.482s] DEBUG:colcon:Parsed command line arguments: Namespace(log_base=None, log_level=None, verb_name='build', build_base='build', install_base='install', merge_install=False, symlink_install=True, test_result_base=None, continue_on_error=False, executor='parallel', parallel_workers=8, event_handlers=['console_cohesion+'], ignore_user_meta=False, metas=['./colcon.meta'], base_paths=['/home/ubuntu/Desktop/learn/Workspaces/ros2_cpp_ws'], packages_ignore=None, packages_ignore_regex=None, paths=None, packages_up_to=None, packages_up_to_regex=None, packages_above=None, packages_above_and_dependencies=None, packages_above_depth=None, packages_select_by_dep=None, packages_skip_by_dep=None, packages_skip_up_to=None, packages_select_build_failed=False, packages_skip_build_finished=False, packages_select_test_failures=False, packages_skip_test_passed=False, packages_select=None, packages_skip=None, packages_select_regex=None, packages_skip_regex=None, packages_start=None, packages_end=None, allow_overriding=[], cmake_args=['-DCMAKE_BUILD_TYPE=RelWithDebInfo'], cmake_target=None, cmake_target_skip_unavailable=False, cmake_clean_cache=False, cmake_clean_first=False, cmake_force_configure=False, ament_cmake_args=None, catkin_cmake_args=None, catkin_skip_building_tests=False, verb_parser=<colcon_defaults.argument_parser.defaults.DefaultArgumentsDecorator object at 0x7fc213f9c5e0>, verb_extension=<colcon_core.verb.build.BuildVerb object at 0x7fc21470c5b0>, main=<bound method BuildVerb.main of <colcon_core.verb.build.BuildVerb object at 0x7fc21470c5b0>>)
[0.523s] Level 1:colcon.colcon_core.package_discovery:discover_packages(colcon_meta) check parameters
[0.523s] Level 1:colcon.colcon_core.package_discovery:discover_packages(recursive) check parameters
[0.523s] Level 1:colcon.colcon_core.package_discovery:discover_packages(ignore) check parameters
[0.523s] Level 1:colcon.colcon_core.package_discovery:discover_packages(path) check parameters
[0.523s] Level 1:colcon.colcon_core.package_discovery:discover_packages(recursive) discover
[0.523s] INFO:colcon.colcon_core.package_discovery:Crawling recursively for packages in '/home/ubuntu/Desktop/learn/Workspaces/ros2_cpp_ws'
[0.523s] Level 1:colcon.colcon_core.package_identification:_identify(/home/ubuntu/Desktop/learn/Workspaces/ros2_cpp_ws) by extensions ['ignore', 'ignore_ament_install']
[0.524s] Level 1:colcon.colcon_core.package_identification:_identify(/home/ubuntu/Desktop/learn/Workspaces/ros2_cpp_ws) by extension 'ignore'
[0.524s] Level 1:colcon.colcon_core.package_identification:_identify(/home/ubuntu/Desktop/learn/Workspaces/ros2_cpp_ws) by extension 'ignore_ament_install'
[0.524s] Level 1:colcon.colcon_core.package_identification:_identify(/home/ubuntu/Desktop/learn/Workspaces/ros2_cpp_ws) by extensions ['colcon_pkg']
[0.524s] Level 1:colcon.colcon_core.package_identification:_identify(/home/ubuntu/Desktop/learn/Workspaces/ros2_cpp_ws) by extension 'colcon_pkg'
[0.524s] Level 1:colcon.colcon_core.package_identification:_identify(/home/ubuntu/Desktop/learn/Workspaces/ros2_cpp_ws) by extensions ['colcon_meta']
[0.524s] Level 1:colcon.colcon_core.package_identification:_identify(/home/ubuntu/Desktop/learn/Workspaces/ros2_cpp_ws) by extension 'colcon_meta'
[0.524s] Level 1:colcon.colcon_core.package_identification:_identify(/home/ubuntu/Desktop/learn/Workspaces/ros2_cpp_ws) by extensions ['ros']
[0.524s] Level 1:colcon.colcon_core.package_identification:_identify(/home/ubuntu/Desktop/learn/Workspaces/ros2_cpp_ws) by extension 'ros'
[0.539s] Level 1:colcon.colcon_core.package_identification:_identify(/home/ubuntu/Desktop/learn/Workspaces/ros2_cpp_ws) by extensions ['cmake', 'python']
[0.539s] Level 1:colcon.colcon_core.package_identification:_identify(/home/ubuntu/Desktop/learn/Workspaces/ros2_cpp_ws) by extension 'cmake'
[0.540s] Level 1:colcon.colcon_core.package_identification:_identify(/home/ubuntu/Desktop/learn/Workspaces/ros2_cpp_ws) by extension 'python'
[0.540s] Level 1:colcon.colcon_core.package_identification:_identify(/home/ubuntu/Desktop/learn/Workspaces/ros2_cpp_ws) by extensions ['python_setup_py']
[0.540s] Level 1:colcon.colcon_core.package_identification:_identify(/home/ubuntu/Desktop/learn/Workspaces/ros2_cpp_ws) by extension 'python_setup_py'
[0.540s] Level 1:colcon.colcon_core.package_identification:_identify(/home/ubuntu/Desktop/learn/Workspaces/ros2_cpp_ws/build) by extensions ['ignore', 'ignore_ament_install']
[0.540s] Level 1:colcon.colcon_core.package_identification:_identify(/home/ubuntu/Desktop/learn/Workspaces/ros2_cpp_ws/build) by extension 'ignore'
[0.540s] Level 1:colcon.colcon_core.package_identification:_identify(/home/ubuntu/Desktop/learn/Workspaces/ros2_cpp_ws/build) ignored
[0.541s] Level 1:colcon.colcon_core.package_identification:_identify(/home/ubuntu/Desktop/learn/Workspaces/ros2_cpp_ws/install) by extensions ['ignore', 'ignore_ament_install']
[0.541s] Level 1:colcon.colcon_core.package_identification:_identify(/home/ubuntu/Desktop/learn/Workspaces/ros2_cpp_ws/install) by extension 'ignore'
[0.541s] Level 1:colcon.colcon_core.package_identification:_identify(/home/ubuntu/Desktop/learn/Workspaces/ros2_cpp_ws/install) ignored
[0.541s] Level 1:colcon.colcon_core.package_identification:_identify(/home/ubuntu/Desktop/learn/Workspaces/ros2_cpp_ws/log) by extensions ['ignore', 'ignore_ament_install']
[0.541s] Level 1:colcon.colcon_core.package_identification:_identify(/home/ubuntu/Desktop/learn/Workspaces/ros2_cpp_ws/log) by extension 'ignore'
[0.541s] Level 1:colcon.colcon_core.package_identification:_identify(/home/ubuntu/Desktop/learn/Workspaces/ros2_cpp_ws/log) ignored
[0.542s] Level 1:colcon.colcon_core.package_identification:_identify(/home/ubuntu/Desktop/learn/Workspaces/ros2_cpp_ws/src) by extensions ['ignore', 'ignore_ament_install']
[0.542s] Level 1:colcon.colcon_core.package_identification:_identify(/home/ubuntu/Desktop/learn/Workspaces/ros2_cpp_ws/src) by extension 'ignore'
[0.542s] Level 1:colcon.colcon_core.package_identification:_identify(/home/ubuntu/Desktop/learn/Workspaces/ros2_cpp_ws/src) by extension 'ignore_ament_install'
[0.542s] Level 1:colcon.colcon_core.package_identification:_identify(/home/ubuntu/Desktop/learn/Workspaces/ros2_cpp_ws/src) by extensions ['colcon_pkg']
[0.542s] Level 1:colcon.colcon_core.package_identification:_identify(/home/ubuntu/Desktop/learn/Workspaces/ros2_cpp_ws/src) by extension 'colcon_pkg'
[0.542s] Level 1:colcon.colcon_core.package_identification:_identify(/home/ubuntu/Desktop/learn/Workspaces/ros2_cpp_ws/src) by extensions ['colcon_meta']
[0.542s] Level 1:colcon.colcon_core.package_identification:_identify(/home/ubuntu/Desktop/learn/Workspaces/ros2_cpp_ws/src) by extension 'colcon_meta'
[0.542s] Level 1:colcon.colcon_core.package_identification:_identify(/home/ubuntu/Desktop/learn/Workspaces/ros2_cpp_ws/src) by extensions ['ros']
[0.542s] Level 1:colcon.colcon_core.package_identification:_identify(/home/ubuntu/Desktop/learn/Workspaces/ros2_cpp_ws/src) by extension 'ros'
[0.543s] Level 1:colcon.colcon_core.package_identification:_identify(/home/ubuntu/Desktop/learn/Workspaces/ros2_cpp_ws/src) by extensions ['cmake', 'python']
[0.543s] Level 1:colcon.colcon_core.package_identification:_identify(/home/ubuntu/Desktop/learn/Workspaces/ros2_cpp_ws/src) by extension 'cmake'
[0.543s] Level 1:colcon.colcon_core.package_identification:_identify(/home/ubuntu/Desktop/learn/Workspaces/ros2_cpp_ws/src) by extension 'python'
[0.543s] Level 1:colcon.colcon_core.package_identification:_identify(/home/ubuntu/Desktop/learn/Workspaces/ros2_cpp_ws/src) by extensions ['python_setup_py']
[0.543s] Level 1:colcon.colcon_core.package_identification:_identify(/home/ubuntu/Desktop/learn/Workspaces/ros2_cpp_ws/src) by extension 'python_setup_py'
[0.543s] Level 1:colcon.colcon_core.package_identification:_identify(/home/ubuntu/Desktop/learn/Workspaces/ros2_cpp_ws/src/ros2_rp_lidar) by extensions ['ignore', 'ignore_ament_install']
[0.543s] Level 1:colcon.colcon_core.package_identification:_identify(/home/ubuntu/Desktop/learn/Workspaces/ros2_cpp_ws/src/ros2_rp_lidar) by extension 'ignore'
[0.543s] Level 1:colcon.colcon_core.package_identification:_identify(/home/ubuntu/Desktop/learn/Workspaces/ros2_cpp_ws/src/ros2_rp_lidar) by extension 'ignore_ament_install'
[0.544s] Level 1:colcon.colcon_core.package_identification:_identify(/home/ubuntu/Desktop/learn/Workspaces/ros2_cpp_ws/src/ros2_rp_lidar) by extensions ['colcon_pkg']
[0.544s] Level 1:colcon.colcon_core.package_identification:_identify(/home/ubuntu/Desktop/learn/Workspaces/ros2_cpp_ws/src/ros2_rp_lidar) by extension 'colcon_pkg'
[0.544s] Level 1:colcon.colcon_core.package_identification:_identify(/home/ubuntu/Desktop/learn/Workspaces/ros2_cpp_ws/src/ros2_rp_lidar) by extensions ['colcon_meta']
[0.544s] Level 1:colcon.colcon_core.package_identification:_identify(/home/ubuntu/Desktop/learn/Workspaces/ros2_cpp_ws/src/ros2_rp_lidar) by extension 'colcon_meta'
[0.544s] Level 1:colcon.colcon_core.package_identification:_identify(/home/ubuntu/Desktop/learn/Workspaces/ros2_cpp_ws/src/ros2_rp_lidar) by extensions ['ros']
[0.544s] Level 1:colcon.colcon_core.package_identification:_identify(/home/ubuntu/Desktop/learn/Workspaces/ros2_cpp_ws/src/ros2_rp_lidar) by extension 'ros'
[0.544s] Level 1:colcon.colcon_core.package_identification:_identify(/home/ubuntu/Desktop/learn/Workspaces/ros2_cpp_ws/src/ros2_rp_lidar) by extensions ['cmake', 'python']
[0.544s] Level 1:colcon.colcon_core.package_identification:_identify(/home/ubuntu/Desktop/learn/Workspaces/ros2_cpp_ws/src/ros2_rp_lidar) by extension 'cmake'
[0.544s] Level 1:colcon.colcon_core.package_identification:_identify(/home/ubuntu/Desktop/learn/Workspaces/ros2_cpp_ws/src/ros2_rp_lidar) by extension 'python'
[0.544s] Level 1:colcon.colcon_core.package_identification:_identify(/home/ubuntu/Desktop/learn/Workspaces/ros2_cpp_ws/src/ros2_rp_lidar) by extensions ['python_setup_py']
[0.544s] Level 1:colcon.colcon_core.package_identification:_identify(/home/ubuntu/Desktop/learn/Workspaces/ros2_cpp_ws/src/ros2_rp_lidar) by extension 'python_setup_py'
[0.545s] Level 1:colcon.colcon_core.package_identification:_identify(/home/ubuntu/Desktop/learn/Workspaces/ros2_cpp_ws/src/ros2_rp_lidar/src) by extensions ['ignore', 'ignore_ament_install']
[0.545s] Level 1:colcon.colcon_core.package_identification:_identify(/home/ubuntu/Desktop/learn/Workspaces/ros2_cpp_ws/src/ros2_rp_lidar/src) by extension 'ignore'
[0.545s] Level 1:colcon.colcon_core.package_identification:_identify(/home/ubuntu/Desktop/learn/Workspaces/ros2_cpp_ws/src/ros2_rp_lidar/src) by extension 'ignore_ament_install'
[0.545s] Level 1:colcon.colcon_core.package_identification:_identify(/home/ubuntu/Desktop/learn/Workspaces/ros2_cpp_ws/src/ros2_rp_lidar/src) by extensions ['colcon_pkg']
[0.545s] Level 1:colcon.colcon_core.package_identification:_identify(/home/ubuntu/Desktop/learn/Workspaces/ros2_cpp_ws/src/ros2_rp_lidar/src) by extension 'colcon_pkg'
[0.545s] Level 1:colcon.colcon_core.package_identification:_identify(/home/ubuntu/Desktop/learn/Workspaces/ros2_cpp_ws/src/ros2_rp_lidar/src) by extensions ['colcon_meta']
[0.545s] Level 1:colcon.colcon_core.package_identification:_identify(/home/ubuntu/Desktop/learn/Workspaces/ros2_cpp_ws/src/ros2_rp_lidar/src) by extension 'colcon_meta'
[0.545s] Level 1:colcon.colcon_core.package_identification:_identify(/home/ubuntu/Desktop/learn/Workspaces/ros2_cpp_ws/src/ros2_rp_lidar/src) by extensions ['ros']
[0.546s] Level 1:colcon.colcon_core.package_identification:_identify(/home/ubuntu/Desktop/learn/Workspaces/ros2_cpp_ws/src/ros2_rp_lidar/src) by extension 'ros'
[0.546s] Level 1:colcon.colcon_core.package_identification:_identify(/home/ubuntu/Desktop/learn/Workspaces/ros2_cpp_ws/src/ros2_rp_lidar/src) by extensions ['cmake', 'python']
[0.546s] Level 1:colcon.colcon_core.package_identification:_identify(/home/ubuntu/Desktop/learn/Workspaces/ros2_cpp_ws/src/ros2_rp_lidar/src) by extension 'cmake'
[0.546s] Level 1:colcon.colcon_core.package_identification:_identify(/home/ubuntu/Desktop/learn/Workspaces/ros2_cpp_ws/src/ros2_rp_lidar/src) by extension 'python'
[0.546s] Level 1:colcon.colcon_core.package_identification:_identify(/home/ubuntu/Desktop/learn/Workspaces/ros2_cpp_ws/src/ros2_rp_lidar/src) by extensions ['python_setup_py']
[0.546s] Level 1:colcon.colcon_core.package_identification:_identify(/home/ubuntu/Desktop/learn/Workspaces/ros2_cpp_ws/src/ros2_rp_lidar/src) by extension 'python_setup_py'
[0.546s] Level 1:colcon.colcon_core.package_identification:_identify(/home/ubuntu/Desktop/learn/Workspaces/ros2_cpp_ws/src/ros2_rp_lidar/src/build) by extensions ['ignore', 'ignore_ament_install']
[0.547s] Level 1:colcon.colcon_core.package_identification:_identify(/home/ubuntu/Desktop/learn/Workspaces/ros2_cpp_ws/src/ros2_rp_lidar/src/build) by extension 'ignore'
[0.547s] Level 1:colcon.colcon_core.package_identification:_identify(/home/ubuntu/Desktop/learn/Workspaces/ros2_cpp_ws/src/ros2_rp_lidar/src/build) ignored
[0.547s] Level 1:colcon.colcon_core.package_identification:_identify(/home/ubuntu/Desktop/learn/Workspaces/ros2_cpp_ws/src/ros2_rp_lidar/src/install) by extensions ['ignore', 'ignore_ament_install']
[0.547s] Level 1:colcon.colcon_core.package_identification:_identify(/home/ubuntu/Desktop/learn/Workspaces/ros2_cpp_ws/src/ros2_rp_lidar/src/install) by extension 'ignore'
[0.547s] Level 1:colcon.colcon_core.package_identification:_identify(/home/ubuntu/Desktop/learn/Workspaces/ros2_cpp_ws/src/ros2_rp_lidar/src/install) ignored
[0.547s] Level 1:colcon.colcon_core.package_identification:_identify(/home/ubuntu/Desktop/learn/Workspaces/ros2_cpp_ws/src/ros2_rp_lidar/src/log) by extensions ['ignore', 'ignore_ament_install']
[0.548s] Level 1:colcon.colcon_core.package_identification:_identify(/home/ubuntu/Desktop/learn/Workspaces/ros2_cpp_ws/src/ros2_rp_lidar/src/log) by extension 'ignore'
[0.548s] Level 1:colcon.colcon_core.package_identification:_identify(/home/ubuntu/Desktop/learn/Workspaces/ros2_cpp_ws/src/ros2_rp_lidar/src/log) ignored
[0.548s] Level 1:colcon.colcon_core.package_identification:_identify(/home/ubuntu/Desktop/learn/Workspaces/ros2_cpp_ws/src/ros2_rp_lidar/src/rplidar_ros2) by extensions ['ignore', 'ignore_ament_install']
[0.548s] Level 1:colcon.colcon_core.package_identification:_identify(/home/ubuntu/Desktop/learn/Workspaces/ros2_cpp_ws/src/ros2_rp_lidar/src/rplidar_ros2) by extension 'ignore'
[0.548s] Level 1:colcon.colcon_core.package_identification:_identify(/home/ubuntu/Desktop/learn/Workspaces/ros2_cpp_ws/src/ros2_rp_lidar/src/rplidar_ros2) by extension 'ignore_ament_install'
[0.548s] Level 1:colcon.colcon_core.package_identification:_identify(/home/ubuntu/Desktop/learn/Workspaces/ros2_cpp_ws/src/ros2_rp_lidar/src/rplidar_ros2) by extensions ['colcon_pkg']
[0.548s] Level 1:colcon.colcon_core.package_identification:_identify(/home/ubuntu/Desktop/learn/Workspaces/ros2_cpp_ws/src/ros2_rp_lidar/src/rplidar_ros2) by extension 'colcon_pkg'
[0.548s] Level 1:colcon.colcon_core.package_identification:_identify(/home/ubuntu/Desktop/learn/Workspaces/ros2_cpp_ws/src/ros2_rp_lidar/src/rplidar_ros2) by extensions ['colcon_meta']
[0.549s] Level 1:colcon.colcon_core.package_identification:_identify(/home/ubuntu/Desktop/learn/Workspaces/ros2_cpp_ws/src/ros2_rp_lidar/src/rplidar_ros2) by extension 'colcon_meta'
[0.549s] Level 1:colcon.colcon_core.package_identification:_identify(/home/ubuntu/Desktop/learn/Workspaces/ros2_cpp_ws/src/ros2_rp_lidar/src/rplidar_ros2) by extensions ['ros']
[0.549s] Level 1:colcon.colcon_core.package_identification:_identify(/home/ubuntu/Desktop/learn/Workspaces/ros2_cpp_ws/src/ros2_rp_lidar/src/rplidar_ros2) by extension 'ros'
[0.554s] DEBUG:colcon.colcon_core.package_identification:Package '/home/ubuntu/Desktop/learn/Workspaces/ros2_cpp_ws/src/ros2_rp_lidar/src/rplidar_ros2' with type 'ros.ament_cmake' and name 'rplidar_ros'
[0.554s] Level 1:colcon.colcon_core.package_identification:_identify(/home/ubuntu/Desktop/learn/Workspaces/ros2_cpp_ws/src/udemy_ros2_pkg) by extensions ['ignore', 'ignore_ament_install']
[0.554s] Level 1:colcon.colcon_core.package_identification:_identify(/home/ubuntu/Desktop/learn/Workspaces/ros2_cpp_ws/src/udemy_ros2_pkg) by extension 'ignore'
[0.554s] Level 1:colcon.colcon_core.package_identification:_identify(/home/ubuntu/Desktop/learn/Workspaces/ros2_cpp_ws/src/udemy_ros2_pkg) by extension 'ignore_ament_install'
[0.554s] Level 1:colcon.colcon_core.package_identification:_identify(/home/ubuntu/Desktop/learn/Workspaces/ros2_cpp_ws/src/udemy_ros2_pkg) by extensions ['colcon_pkg']
[0.554s] Level 1:colcon.colcon_core.package_identification:_identify(/home/ubuntu/Desktop/learn/Workspaces/ros2_cpp_ws/src/udemy_ros2_pkg) by extension 'colcon_pkg'
[0.554s] Level 1:colcon.colcon_core.package_identification:_identify(/home/ubuntu/Desktop/learn/Workspaces/ros2_cpp_ws/src/udemy_ros2_pkg) by extensions ['colcon_meta']
[0.554s] Level 1:colcon.colcon_core.package_identification:_identify(/home/ubuntu/Desktop/learn/Workspaces/ros2_cpp_ws/src/udemy_ros2_pkg) by extension 'colcon_meta'
[0.554s] Level 1:colcon.colcon_core.package_identification:_identify(/home/ubuntu/Desktop/learn/Workspaces/ros2_cpp_ws/src/udemy_ros2_pkg) by extensions ['ros']
[0.554s] Level 1:colcon.colcon_core.package_identification:_identify(/home/ubuntu/Desktop/learn/Workspaces/ros2_cpp_ws/src/udemy_ros2_pkg) by extension 'ros'
[0.555s] DEBUG:colcon.colcon_core.package_identification:Package '/home/ubuntu/Desktop/learn/Workspaces/ros2_cpp_ws/src/udemy_ros2_pkg' with type 'ros.ament_cmake' and name 'udemy_ros2_pkg'
[0.556s] Level 1:colcon.colcon_core.package_discovery:discover_packages(recursive) using defaults
[0.587s] Level 1:colcon.colcon_core.package_discovery:discover_packages(prefix_path) check parameters
[0.587s] Level 1:colcon.colcon_core.package_discovery:discover_packages(prefix_path) discover
[0.592s] DEBUG:colcon.colcon_installed_package_information.package_discovery:Found 2 installed packages in /home/ubuntu/Desktop/learn/Workspaces/ros2_cpp_ws/install
[0.595s] DEBUG:colcon.colcon_installed_package_information.package_discovery:Found 270 installed packages in /opt/ros/humble
[0.597s] Level 1:colcon.colcon_core.package_discovery:discover_packages(prefix_path) using defaults
[0.669s] Level 5:colcon.colcon_core.verb:set package 'rplidar_ros' build argument 'cmake_args' from command line to '['-DCMAKE_BUILD_TYPE=RelWithDebInfo']'
[0.669s] Level 5:colcon.colcon_core.verb:set package 'rplidar_ros' build argument 'cmake_target' from command line to 'None'
[0.669s] Level 5:colcon.colcon_core.verb:set package 'rplidar_ros' build argument 'cmake_target_skip_unavailable' from command line to 'False'
[0.669s] Level 5:colcon.colcon_core.verb:set package 'rplidar_ros' build argument 'cmake_clean_cache' from command line to 'False'
[0.669s] Level 5:colcon.colcon_core.verb:set package 'rplidar_ros' build argument 'cmake_clean_first' from command line to 'False'
[0.669s] Level 5:colcon.colcon_core.verb:set package 'rplidar_ros' build argument 'cmake_force_configure' from command line to 'False'
[0.669s] Level 5:colcon.colcon_core.verb:set package 'rplidar_ros' build argument 'ament_cmake_args' from command line to 'None'
[0.669s] Level 5:colcon.colcon_core.verb:set package 'rplidar_ros' build argument 'catkin_cmake_args' from command line to 'None'
[0.669s] Level 5:colcon.colcon_core.verb:set package 'rplidar_ros' build argument 'catkin_skip_building_tests' from command line to 'False'
[0.669s] DEBUG:colcon.colcon_core.verb:Building package 'rplidar_ros' with the following arguments: {'ament_cmake_args': None, 'build_base': '/home/ubuntu/Desktop/learn/Workspaces/ros2_cpp_ws/build/rplidar_ros', 'catkin_cmake_args': None, 'catkin_skip_building_tests': False, 'cmake_args': ['-DCMAKE_BUILD_TYPE=RelWithDebInfo'], 'cmake_clean_cache': False, 'cmake_clean_first': False, 'cmake_force_configure': False, 'cmake_target': None, 'cmake_target_skip_unavailable': False, 'install_base': '/home/ubuntu/Desktop/learn/Workspaces/ros2_cpp_ws/install/rplidar_ros', 'merge_install': False, 'path': '/home/ubuntu/Desktop/learn/Workspaces/ros2_cpp_ws/src/ros2_rp_lidar/src/rplidar_ros2', 'symlink_install': True, 'test_result_base': None}
[0.670s] Level 5:colcon.colcon_core.verb:set package 'udemy_ros2_pkg' build argument 'cmake_args' from command line to '['-DCMAKE_BUILD_TYPE=RelWithDebInfo']'
[0.670s] Level 5:colcon.colcon_core.verb:set package 'udemy_ros2_pkg' build argument 'cmake_target' from command line to 'None'
[0.670s] Level 5:colcon.colcon_core.verb:set package 'udemy_ros2_pkg' build argument 'cmake_target_skip_unavailable' from command line to 'False'
[0.670s] Level 5:colcon.colcon_core.verb:set package 'udemy_ros2_pkg' build argument 'cmake_clean_cache' from command line to 'False'
[0.670s] Level 5:colcon.colcon_core.verb:set package 'udemy_ros2_pkg' build argument 'cmake_clean_first' from command line to 'False'
[0.670s] Level 5:colcon.colcon_core.verb:set package 'udemy_ros2_pkg' build argument 'cmake_force_configure' from command line to 'False'
[0.670s] Level 5:colcon.colcon_core.verb:set package 'udemy_ros2_pkg' build argument 'ament_cmake_args' from command line to 'None'
[0.670s] Level 5:colcon.colcon_core.verb:set package 'udemy_ros2_pkg' build argument 'catkin_cmake_args' from command line to 'None'
[0.670s] Level 5:colcon.colcon_core.verb:set package 'udemy_ros2_pkg' build argument 'catkin_skip_building_tests' from command line to 'False'
[0.670s] DEBUG:colcon.colcon_core.verb:Building package 'udemy_ros2_pkg' with the following arguments: {'ament_cmake_args': None, 'build_base': '/home/ubuntu/Desktop/learn/Workspaces/ros2_cpp_ws/build/udemy_ros2_pkg', 'catkin_cmake_args': None, 'catkin_skip_building_tests': False, 'cmake_args': ['-DCMAKE_BUILD_TYPE=RelWithDebInfo'], 'cmake_clean_cache': False, 'cmake_clean_first': False, 'cmake_force_configure': False, 'cmake_target': None, 'cmake_target_skip_unavailable': False, 'install_base': '/home/ubuntu/Desktop/learn/Workspaces/ros2_cpp_ws/install/udemy_ros2_pkg', 'merge_install': False, 'path': '/home/ubuntu/Desktop/learn/Workspaces/ros2_cpp_ws/src/udemy_ros2_pkg', 'symlink_install': True, 'test_result_base': None}
[0.671s] INFO:colcon.colcon_core.executor:Executing jobs using 'parallel' executor
[0.674s] DEBUG:colcon.colcon_parallel_executor.executor.parallel:run_until_complete
[0.675s] INFO:colcon.colcon_ros.task.ament_cmake.build:Building ROS package in '/home/ubuntu/Desktop/learn/Workspaces/ros2_cpp_ws/src/ros2_rp_lidar/src/rplidar_ros2' with build type 'ament_cmake'
[0.675s] INFO:colcon.colcon_cmake.task.cmake.build:Building CMake package in '/home/ubuntu/Desktop/learn/Workspaces/ros2_cpp_ws/src/ros2_rp_lidar/src/rplidar_ros2'
[0.685s] INFO:colcon.colcon_core.plugin_system:Skipping extension 'colcon_core.shell.bat': Not used on non-Windows systems
[0.685s] INFO:colcon.colcon_core.shell:Skip shell extension 'powershell' for command environment: Not usable outside of PowerShell
[0.685s] DEBUG:colcon.colcon_core.shell:Skip shell extension 'dsv' for command environment
[0.690s] INFO:colcon.colcon_ros.task.ament_cmake.build:Building ROS package in '/home/ubuntu/Desktop/learn/Workspaces/ros2_cpp_ws/src/udemy_ros2_pkg' with build type 'ament_cmake'
[0.691s] INFO:colcon.colcon_cmake.task.cmake.build:Building CMake package in '/home/ubuntu/Desktop/learn/Workspaces/ros2_cpp_ws/src/udemy_ros2_pkg'
[0.693s] INFO:colcon.colcon_core.shell:Skip shell extension 'powershell' for command environment: Not usable outside of PowerShell
[0.693s] DEBUG:colcon.colcon_core.shell:Skip shell extension 'dsv' for command environment
[0.709s] DEBUG:colcon.colcon_core.event_handler.log_command:Invoking command in '/home/ubuntu/Desktop/learn/Workspaces/ros2_cpp_ws/build/rplidar_ros': CMAKE_PREFIX_PATH=${CMAKE_PREFIX_PATH}:/opt/ros/humble /usr/bin/cmake /home/ubuntu/Desktop/learn/Workspaces/ros2_cpp_ws/src/ros2_rp_lidar/src/rplidar_ros2 -DCMAKE_BUILD_TYPE=RelWithDebInfo -DAMENT_CMAKE_SYMLINK_INSTALL=1 -DCMAKE_INSTALL_PREFIX=/home/ubuntu/Desktop/learn/Workspaces/ros2_cpp_ws/install/rplidar_ros
[0.720s] DEBUG:colcon.colcon_core.event_handler.log_command:Invoking command in '/home/ubuntu/Desktop/learn/Workspaces/ros2_cpp_ws/build/udemy_ros2_pkg': CMAKE_PREFIX_PATH=${CMAKE_PREFIX_PATH}:/opt/ros/humble /usr/bin/cmake /home/ubuntu/Desktop/learn/Workspaces/ros2_cpp_ws/src/udemy_ros2_pkg -DCMAKE_BUILD_TYPE=RelWithDebInfo -DAMENT_CMAKE_SYMLINK_INSTALL=1 -DCMAKE_INSTALL_PREFIX=/home/ubuntu/Desktop/learn/Workspaces/ros2_cpp_ws/install/udemy_ros2_pkg
[2.188s] DEBUG:colcon.colcon_core.event_handler.log_command:Invoked command in '/home/ubuntu/Desktop/learn/Workspaces/ros2_cpp_ws/build/udemy_ros2_pkg' returned '0': CMAKE_PREFIX_PATH=${CMAKE_PREFIX_PATH}:/opt/ros/humble /usr/bin/cmake /home/ubuntu/Desktop/learn/Workspaces/ros2_cpp_ws/src/udemy_ros2_pkg -DCMAKE_BUILD_TYPE=RelWithDebInfo -DAMENT_CMAKE_SYMLINK_INSTALL=1 -DCMAKE_INSTALL_PREFIX=/home/ubuntu/Desktop/learn/Workspaces/ros2_cpp_ws/install/udemy_ros2_pkg
[2.192s] DEBUG:colcon.colcon_core.event_handler.log_command:Invoking command in '/home/ubuntu/Desktop/learn/Workspaces/ros2_cpp_ws/build/udemy_ros2_pkg': CMAKE_PREFIX_PATH=${CMAKE_PREFIX_PATH}:/opt/ros/humble /usr/bin/cmake --build /home/ubuntu/Desktop/learn/Workspaces/ros2_cpp_ws/build/udemy_ros2_pkg -- -j8 -l8
[2.270s] DEBUG:colcon.colcon_core.event_handler.log_command:Invoked command in '/home/ubuntu/Desktop/learn/Workspaces/ros2_cpp_ws/build/rplidar_ros' returned '0': CMAKE_PREFIX_PATH=${CMAKE_PREFIX_PATH}:/opt/ros/humble /usr/bin/cmake /home/ubuntu/Desktop/learn/Workspaces/ros2_cpp_ws/src/ros2_rp_lidar/src/rplidar_ros2 -DCMAKE_BUILD_TYPE=RelWithDebInfo -DAMENT_CMAKE_SYMLINK_INSTALL=1 -DCMAKE_INSTALL_PREFIX=/home/ubuntu/Desktop/learn/Workspaces/ros2_cpp_ws/install/rplidar_ros
[2.271s] DEBUG:colcon.colcon_core.event_handler.log_command:Invoking command in '/home/ubuntu/Desktop/learn/Workspaces/ros2_cpp_ws/build/rplidar_ros': CMAKE_PREFIX_PATH=${CMAKE_PREFIX_PATH}:/opt/ros/humble /usr/bin/cmake --build /home/ubuntu/Desktop/learn/Workspaces/ros2_cpp_ws/build/rplidar_ros -- -j8 -l8
[25.180s] DEBUG:colcon.colcon_core.event_handler.log_command:Invoked command in '/home/ubuntu/Desktop/learn/Workspaces/ros2_cpp_ws/build/rplidar_ros' returned '0': CMAKE_PREFIX_PATH=${CMAKE_PREFIX_PATH}:/opt/ros/humble /usr/bin/cmake --build /home/ubuntu/Desktop/learn/Workspaces/ros2_cpp_ws/build/rplidar_ros -- -j8 -l8
[25.252s] DEBUG:colcon.colcon_core.event_handler.log_command:Invoking command in '/home/ubuntu/Desktop/learn/Workspaces/ros2_cpp_ws/build/rplidar_ros': CMAKE_PREFIX_PATH=${CMAKE_PREFIX_PATH}:/opt/ros/humble /usr/bin/cmake --install /home/ubuntu/Desktop/learn/Workspaces/ros2_cpp_ws/build/rplidar_ros
[25.295s] Level 1:colcon.colcon_core.environment:create_environment_scripts_only(rplidar_ros)
[25.297s] DEBUG:colcon.colcon_core.event_handler.log_command:Invoked command in '/home/ubuntu/Desktop/learn/Workspaces/ros2_cpp_ws/build/rplidar_ros' returned '0': CMAKE_PREFIX_PATH=${CMAKE_PREFIX_PATH}:/opt/ros/humble /usr/bin/cmake --install /home/ubuntu/Desktop/learn/Workspaces/ros2_cpp_ws/build/rplidar_ros
[25.313s] Level 1:colcon.colcon_core.environment:checking '/home/ubuntu/Desktop/learn/Workspaces/ros2_cpp_ws/install/rplidar_ros' for CMake module files
[25.314s] Level 1:colcon.colcon_core.environment:checking '/home/ubuntu/Desktop/learn/Workspaces/ros2_cpp_ws/install/rplidar_ros' for CMake config files
[25.315s] Level 1:colcon.colcon_core.shell:create_environment_hook('rplidar_ros', 'cmake_prefix_path')
[25.318s] INFO:colcon.colcon_core.shell:Creating environment hook '/home/ubuntu/Desktop/learn/Workspaces/ros2_cpp_ws/install/rplidar_ros/share/rplidar_ros/hook/cmake_prefix_path.ps1'
[25.320s] INFO:colcon.colcon_core.shell:Creating environment descriptor '/home/ubuntu/Desktop/learn/Workspaces/ros2_cpp_ws/install/rplidar_ros/share/rplidar_ros/hook/cmake_prefix_path.dsv'
[25.321s] INFO:colcon.colcon_core.shell:Creating environment hook '/home/ubuntu/Desktop/learn/Workspaces/ros2_cpp_ws/install/rplidar_ros/share/rplidar_ros/hook/cmake_prefix_path.sh'
[25.323s] Level 1:colcon.colcon_core.environment:checking '/home/ubuntu/Desktop/learn/Workspaces/ros2_cpp_ws/install/rplidar_ros/lib'
[25.324s] Level 1:colcon.colcon_core.shell:create_environment_hook('rplidar_ros', 'ld_library_path_lib')
[25.326s] INFO:colcon.colcon_core.shell:Creating environment hook '/home/ubuntu/Desktop/learn/Workspaces/ros2_cpp_ws/install/rplidar_ros/share/rplidar_ros/hook/ld_library_path_lib.ps1'
[25.327s] INFO:colcon.colcon_core.shell:Creating environment descriptor '/home/ubuntu/Desktop/learn/Workspaces/ros2_cpp_ws/install/rplidar_ros/share/rplidar_ros/hook/ld_library_path_lib.dsv'
[25.328s] INFO:colcon.colcon_core.shell:Creating environment hook '/home/ubuntu/Desktop/learn/Workspaces/ros2_cpp_ws/install/rplidar_ros/share/rplidar_ros/hook/ld_library_path_lib.sh'
[25.328s] Level 1:colcon.colcon_core.environment:checking '/home/ubuntu/Desktop/learn/Workspaces/ros2_cpp_ws/install/rplidar_ros/bin'
[25.328s] Level 1:colcon.colcon_core.environment:checking '/home/ubuntu/Desktop/learn/Workspaces/ros2_cpp_ws/install/rplidar_ros/lib/pkgconfig/rplidar_ros.pc'
[25.329s] Level 1:colcon.colcon_core.environment:checking '/home/ubuntu/Desktop/learn/Workspaces/ros2_cpp_ws/install/rplidar_ros/lib/python3.10/site-packages'
[25.329s] Level 1:colcon.colcon_core.environment:checking '/home/ubuntu/Desktop/learn/Workspaces/ros2_cpp_ws/install/rplidar_ros/bin'
[25.332s] INFO:colcon.colcon_core.shell:Creating package script '/home/ubuntu/Desktop/learn/Workspaces/ros2_cpp_ws/install/rplidar_ros/share/rplidar_ros/package.ps1'
[25.334s] INFO:colcon.colcon_core.shell:Creating package descriptor '/home/ubuntu/Desktop/learn/Workspaces/ros2_cpp_ws/install/rplidar_ros/share/rplidar_ros/package.dsv'
[25.335s] INFO:colcon.colcon_core.shell:Creating package script '/home/ubuntu/Desktop/learn/Workspaces/ros2_cpp_ws/install/rplidar_ros/share/rplidar_ros/package.sh'
[25.337s] INFO:colcon.colcon_core.shell:Creating package script '/home/ubuntu/Desktop/learn/Workspaces/ros2_cpp_ws/install/rplidar_ros/share/rplidar_ros/package.bash'
[25.338s] INFO:colcon.colcon_core.shell:Creating package script '/home/ubuntu/Desktop/learn/Workspaces/ros2_cpp_ws/install/rplidar_ros/share/rplidar_ros/package.zsh'
[25.341s] Level 1:colcon.colcon_core.environment:create_file_with_runtime_dependencies(/home/ubuntu/Desktop/learn/Workspaces/ros2_cpp_ws/install/rplidar_ros/share/colcon-core/packages/rplidar_ros)
[25.398s] Level 1:colcon.colcon_core.environment:create_environment_scripts_only(rplidar_ros)
[25.401s] Level 1:colcon.colcon_core.environment:checking '/home/ubuntu/Desktop/learn/Workspaces/ros2_cpp_ws/install/rplidar_ros' for CMake module files
[25.402s] Level 1:colcon.colcon_core.environment:checking '/home/ubuntu/Desktop/learn/Workspaces/ros2_cpp_ws/install/rplidar_ros' for CMake config files
[25.403s] Level 1:colcon.colcon_core.shell:create_environment_hook('rplidar_ros', 'cmake_prefix_path')
[25.405s] INFO:colcon.colcon_core.shell:Creating environment hook '/home/ubuntu/Desktop/learn/Workspaces/ros2_cpp_ws/install/rplidar_ros/share/rplidar_ros/hook/cmake_prefix_path.ps1'
[25.406s] INFO:colcon.colcon_core.shell:Creating environment descriptor '/home/ubuntu/Desktop/learn/Workspaces/ros2_cpp_ws/install/rplidar_ros/share/rplidar_ros/hook/cmake_prefix_path.dsv'
[25.407s] INFO:colcon.colcon_core.shell:Creating environment hook '/home/ubuntu/Desktop/learn/Workspaces/ros2_cpp_ws/install/rplidar_ros/share/rplidar_ros/hook/cmake_prefix_path.sh'
[25.408s] Level 1:colcon.colcon_core.environment:checking '/home/ubuntu/Desktop/learn/Workspaces/ros2_cpp_ws/install/rplidar_ros/lib'
[25.408s] Level 1:colcon.colcon_core.shell:create_environment_hook('rplidar_ros', 'ld_library_path_lib')
[25.410s] INFO:colcon.colcon_core.shell:Creating environment hook '/home/ubuntu/Desktop/learn/Workspaces/ros2_cpp_ws/install/rplidar_ros/share/rplidar_ros/hook/ld_library_path_lib.ps1'
[25.411s] INFO:colcon.colcon_core.shell:Creating environment descriptor '/home/ubuntu/Desktop/learn/Workspaces/ros2_cpp_ws/install/rplidar_ros/share/rplidar_ros/hook/ld_library_path_lib.dsv'
[25.412s] INFO:colcon.colcon_core.shell:Creating environment hook '/home/ubuntu/Desktop/learn/Workspaces/ros2_cpp_ws/install/rplidar_ros/share/rplidar_ros/hook/ld_library_path_lib.sh'
[25.413s] Level 1:colcon.colcon_core.environment:checking '/home/ubuntu/Desktop/learn/Workspaces/ros2_cpp_ws/install/rplidar_ros/bin'
[25.413s] Level 1:colcon.colcon_core.environment:checking '/home/ubuntu/Desktop/learn/Workspaces/ros2_cpp_ws/install/rplidar_ros/lib/pkgconfig/rplidar_ros.pc'
[25.413s] Level 1:colcon.colcon_core.environment:checking '/home/ubuntu/Desktop/learn/Workspaces/ros2_cpp_ws/install/rplidar_ros/lib/python3.10/site-packages'
[25.414s] Level 1:colcon.colcon_core.environment:checking '/home/ubuntu/Desktop/learn/Workspaces/ros2_cpp_ws/install/rplidar_ros/bin'
[25.417s] INFO:colcon.colcon_core.shell:Creating package script '/home/ubuntu/Desktop/learn/Workspaces/ros2_cpp_ws/install/rplidar_ros/share/rplidar_ros/package.ps1'
[25.418s] INFO:colcon.colcon_core.shell:Creating package descriptor '/home/ubuntu/Desktop/learn/Workspaces/ros2_cpp_ws/install/rplidar_ros/share/rplidar_ros/package.dsv'
[25.419s] INFO:colcon.colcon_core.shell:Creating package script '/home/ubuntu/Desktop/learn/Workspaces/ros2_cpp_ws/install/rplidar_ros/share/rplidar_ros/package.sh'
[25.420s] INFO:colcon.colcon_core.shell:Creating package script '/home/ubuntu/Desktop/learn/Workspaces/ros2_cpp_ws/install/rplidar_ros/share/rplidar_ros/package.bash'
[25.420s] INFO:colcon.colcon_core.shell:Creating package script '/home/ubuntu/Desktop/learn/Workspaces/ros2_cpp_ws/install/rplidar_ros/share/rplidar_ros/package.zsh'
[25.421s] Level 1:colcon.colcon_core.environment:create_file_with_runtime_dependencies(/home/ubuntu/Desktop/learn/Workspaces/ros2_cpp_ws/install/rplidar_ros/share/colcon-core/packages/rplidar_ros)
[27.960s] DEBUG:colcon.colcon_core.event_handler.log_command:Invoked command in '/home/ubuntu/Desktop/learn/Workspaces/ros2_cpp_ws/build/udemy_ros2_pkg' returned '0': CMAKE_PREFIX_PATH=${CMAKE_PREFIX_PATH}:/opt/ros/humble /usr/bin/cmake --build /home/ubuntu/Desktop/learn/Workspaces/ros2_cpp_ws/build/udemy_ros2_pkg -- -j8 -l8
[27.999s] DEBUG:colcon.colcon_core.event_handler.log_command:Invoking command in '/home/ubuntu/Desktop/learn/Workspaces/ros2_cpp_ws/build/udemy_ros2_pkg': CMAKE_PREFIX_PATH=${CMAKE_PREFIX_PATH}:/opt/ros/humble /usr/bin/cmake --install /home/ubuntu/Desktop/learn/Workspaces/ros2_cpp_ws/build/udemy_ros2_pkg
[28.058s] Level 1:colcon.colcon_core.environment:create_environment_scripts_only(udemy_ros2_pkg)
[28.062s] Level 1:colcon.colcon_core.environment:checking '/home/ubuntu/Desktop/learn/Workspaces/ros2_cpp_ws/install/udemy_ros2_pkg' for CMake module files
[28.063s] DEBUG:colcon.colcon_core.event_handler.log_command:Invoked command in '/home/ubuntu/Desktop/learn/Workspaces/ros2_cpp_ws/build/udemy_ros2_pkg' returned '0': CMAKE_PREFIX_PATH=${CMAKE_PREFIX_PATH}:/opt/ros/humble /usr/bin/cmake --install /home/ubuntu/Desktop/learn/Workspaces/ros2_cpp_ws/build/udemy_ros2_pkg
[28.063s] Level 1:colcon.colcon_core.environment:checking '/home/ubuntu/Desktop/learn/Workspaces/ros2_cpp_ws/install/udemy_ros2_pkg' for CMake config files
[28.064s] Level 1:colcon.colcon_core.shell:create_environment_hook('udemy_ros2_pkg', 'cmake_prefix_path')
[28.065s] INFO:colcon.colcon_core.shell:Creating environment hook '/home/ubuntu/Desktop/learn/Workspaces/ros2_cpp_ws/install/udemy_ros2_pkg/share/udemy_ros2_pkg/hook/cmake_prefix_path.ps1'
[28.066s] INFO:colcon.colcon_core.shell:Creating environment descriptor '/home/ubuntu/Desktop/learn/Workspaces/ros2_cpp_ws/install/udemy_ros2_pkg/share/udemy_ros2_pkg/hook/cmake_prefix_path.dsv'
[28.066s] INFO:colcon.colcon_core.shell:Creating environment hook '/home/ubuntu/Desktop/learn/Workspaces/ros2_cpp_ws/install/udemy_ros2_pkg/share/udemy_ros2_pkg/hook/cmake_prefix_path.sh'
[28.067s] Level 1:colcon.colcon_core.environment:checking '/home/ubuntu/Desktop/learn/Workspaces/ros2_cpp_ws/install/udemy_ros2_pkg/lib'
[28.067s] Level 1:colcon.colcon_core.environment:checking '/home/ubuntu/Desktop/learn/Workspaces/ros2_cpp_ws/install/udemy_ros2_pkg/bin'
[28.067s] Level 1:colcon.colcon_core.environment:checking '/home/ubuntu/Desktop/learn/Workspaces/ros2_cpp_ws/install/udemy_ros2_pkg/lib/pkgconfig/udemy_ros2_pkg.pc'
[28.067s] Level 1:colcon.colcon_core.environment:checking '/home/ubuntu/Desktop/learn/Workspaces/ros2_cpp_ws/install/udemy_ros2_pkg/lib/python3.10/site-packages'
[28.068s] Level 1:colcon.colcon_core.environment:checking '/home/ubuntu/Desktop/learn/Workspaces/ros2_cpp_ws/install/udemy_ros2_pkg/bin'
[28.069s] INFO:colcon.colcon_core.shell:Creating package script '/home/ubuntu/Desktop/learn/Workspaces/ros2_cpp_ws/install/udemy_ros2_pkg/share/udemy_ros2_pkg/package.ps1'
[28.070s] INFO:colcon.colcon_core.shell:Creating package descriptor '/home/ubuntu/Desktop/learn/Workspaces/ros2_cpp_ws/install/udemy_ros2_pkg/share/udemy_ros2_pkg/package.dsv'
[28.070s] INFO:colcon.colcon_core.shell:Creating package script '/home/ubuntu/Desktop/learn/Workspaces/ros2_cpp_ws/install/udemy_ros2_pkg/share/udemy_ros2_pkg/package.sh'
[28.071s] INFO:colcon.colcon_core.shell:Creating package script '/home/ubuntu/Desktop/learn/Workspaces/ros2_cpp_ws/install/udemy_ros2_pkg/share/udemy_ros2_pkg/package.bash'
[28.071s] INFO:colcon.colcon_core.shell:Creating package script '/home/ubuntu/Desktop/learn/Workspaces/ros2_cpp_ws/install/udemy_ros2_pkg/share/udemy_ros2_pkg/package.zsh'
[28.071s] Level 1:colcon.colcon_core.environment:create_file_with_runtime_dependencies(/home/ubuntu/Desktop/learn/Workspaces/ros2_cpp_ws/install/udemy_ros2_pkg/share/colcon-core/packages/udemy_ros2_pkg)
[28.118s] Level 1:colcon.colcon_core.environment:create_environment_scripts_only(udemy_ros2_pkg)
[28.120s] Level 1:colcon.colcon_core.environment:checking '/home/ubuntu/Desktop/learn/Workspaces/ros2_cpp_ws/install/udemy_ros2_pkg' for CMake module files
[28.122s] Level 1:colcon.colcon_core.environment:checking '/home/ubuntu/Desktop/learn/Workspaces/ros2_cpp_ws/install/udemy_ros2_pkg' for CMake config files
[28.123s] Level 1:colcon.colcon_core.shell:create_environment_hook('udemy_ros2_pkg', 'cmake_prefix_path')
[28.125s] INFO:colcon.colcon_core.shell:Creating environment hook '/home/ubuntu/Desktop/learn/Workspaces/ros2_cpp_ws/install/udemy_ros2_pkg/share/udemy_ros2_pkg/hook/cmake_prefix_path.ps1'
[28.126s] INFO:colcon.colcon_core.shell:Creating environment descriptor '/home/ubuntu/Desktop/learn/Workspaces/ros2_cpp_ws/install/udemy_ros2_pkg/share/udemy_ros2_pkg/hook/cmake_prefix_path.dsv'
[28.126s] INFO:colcon.colcon_core.shell:Creating environment hook '/home/ubuntu/Desktop/learn/Workspaces/ros2_cpp_ws/install/udemy_ros2_pkg/share/udemy_ros2_pkg/hook/cmake_prefix_path.sh'
[28.127s] Level 1:colcon.colcon_core.environment:checking '/home/ubuntu/Desktop/learn/Workspaces/ros2_cpp_ws/install/udemy_ros2_pkg/lib'
[28.127s] Level 1:colcon.colcon_core.environment:checking '/home/ubuntu/Desktop/learn/Workspaces/ros2_cpp_ws/install/udemy_ros2_pkg/bin'
[28.127s] Level 1:colcon.colcon_core.environment:checking '/home/ubuntu/Desktop/learn/Workspaces/ros2_cpp_ws/install/udemy_ros2_pkg/lib/pkgconfig/udemy_ros2_pkg.pc'
[28.127s] Level 1:colcon.colcon_core.environment:checking '/home/ubuntu/Desktop/learn/Workspaces/ros2_cpp_ws/install/udemy_ros2_pkg/lib/python3.10/site-packages'
[28.127s] Level 1:colcon.colcon_core.environment:checking '/home/ubuntu/Desktop/learn/Workspaces/ros2_cpp_ws/install/udemy_ros2_pkg/bin'
[28.129s] INFO:colcon.colcon_core.shell:Creating package script '/home/ubuntu/Desktop/learn/Workspaces/ros2_cpp_ws/install/udemy_ros2_pkg/share/udemy_ros2_pkg/package.ps1'
[28.130s] INFO:colcon.colcon_core.shell:Creating package descriptor '/home/ubuntu/Desktop/learn/Workspaces/ros2_cpp_ws/install/udemy_ros2_pkg/share/udemy_ros2_pkg/package.dsv'
[28.130s] INFO:colcon.colcon_core.shell:Creating package script '/home/ubuntu/Desktop/learn/Workspaces/ros2_cpp_ws/install/udemy_ros2_pkg/share/udemy_ros2_pkg/package.sh'
[28.131s] INFO:colcon.colcon_core.shell:Creating package script '/home/ubuntu/Desktop/learn/Workspaces/ros2_cpp_ws/install/udemy_ros2_pkg/share/udemy_ros2_pkg/package.bash'
[28.132s] INFO:colcon.colcon_core.shell:Creating package script '/home/ubuntu/Desktop/learn/Workspaces/ros2_cpp_ws/install/udemy_ros2_pkg/share/udemy_ros2_pkg/package.zsh'
[28.132s] Level 1:colcon.colcon_core.environment:create_file_with_runtime_dependencies(/home/ubuntu/Desktop/learn/Workspaces/ros2_cpp_ws/install/udemy_ros2_pkg/share/colcon-core/packages/udemy_ros2_pkg)
[28.133s] DEBUG:colcon.colcon_parallel_executor.executor.parallel:closing loop
[28.133s] DEBUG:colcon.colcon_parallel_executor.executor.parallel:loop closed
[28.133s] DEBUG:colcon.colcon_parallel_executor.executor.parallel:run_until_complete finished with '0'
[28.133s] DEBUG:colcon.colcon_core.event_reactor:joining thread
[28.152s] INFO:colcon.colcon_core.plugin_system:Skipping extension 'colcon_notification.desktop_notification.terminal_notifier': Not used on non-Darwin systems
[28.153s] INFO:colcon.colcon_core.plugin_system:Skipping extension 'colcon_notification.desktop_notification.win32': Not used on non-Windows systems
[28.153s] INFO:colcon.colcon_notification.desktop_notification:Sending desktop notification using 'notify2'
[28.219s] DEBUG:colcon.colcon_core.event_reactor:joined thread
[28.222s] INFO:colcon.colcon_core.shell:Creating prefix script '/home/ubuntu/Desktop/learn/Workspaces/ros2_cpp_ws/install/local_setup.ps1'
[28.224s] INFO:colcon.colcon_core.shell:Creating prefix util module '/home/ubuntu/Desktop/learn/Workspaces/ros2_cpp_ws/install/_local_setup_util_ps1.py'
[28.227s] INFO:colcon.colcon_core.shell:Creating prefix chain script '/home/ubuntu/Desktop/learn/Workspaces/ros2_cpp_ws/install/setup.ps1'
[28.231s] INFO:colcon.colcon_core.shell:Creating prefix script '/home/ubuntu/Desktop/learn/Workspaces/ros2_cpp_ws/install/local_setup.sh'
[28.232s] INFO:colcon.colcon_core.shell:Creating prefix util module '/home/ubuntu/Desktop/learn/Workspaces/ros2_cpp_ws/install/_local_setup_util_sh.py'
[28.232s] INFO:colcon.colcon_core.shell:Creating prefix chain script '/home/ubuntu/Desktop/learn/Workspaces/ros2_cpp_ws/install/setup.sh'
[28.234s] INFO:colcon.colcon_core.shell:Creating prefix script '/home/ubuntu/Desktop/learn/Workspaces/ros2_cpp_ws/install/local_setup.bash'
[28.235s] INFO:colcon.colcon_core.shell:Creating prefix chain script '/home/ubuntu/Desktop/learn/Workspaces/ros2_cpp_ws/install/setup.bash'
[28.236s] INFO:colcon.colcon_core.shell:Creating prefix script '/home/ubuntu/Desktop/learn/Workspaces/ros2_cpp_ws/install/local_setup.zsh'
[28.237s] INFO:colcon.colcon_core.shell:Creating prefix chain script '/home/ubuntu/Desktop/learn/Workspaces/ros2_cpp_ws/install/setup.zsh'
