[0.023s] Invoking command in '/home/ubuntu/Desktop/learn/Workspaces/ros2_cpp_ws/build/udemy_ros2_pkg': CMAKE_PREFIX_PATH=${CMAKE_PREFIX_PATH}:/opt/ros/humble /usr/bin/cmake /home/ubuntu/Desktop/learn/Workspaces/ros2_cpp_ws/src/udemy_ros2_pkg -DAMENT_CMAKE_SYMLINK_INSTALL=1 -DCMAKE_INSTALL_PREFIX=/home/ubuntu/Desktop/learn/Workspaces/ros2_cpp_ws/install/udemy_ros2_pkg
[0.061s] -- Found ament_cmake: 1.3.3 (/opt/ros/humble/share/ament_cmake/cmake)
[0.346s] -- Override CMake install command with custom implementation using symlinks instead of copying resources
[0.394s] -- Found std_msgs: 4.2.3 (/opt/ros/humble/share/std_msgs/cmake)
[0.464s] -- Found rosidl_generator_c: 3.1.4 (/opt/ros/humble/share/rosidl_generator_c/cmake)
[0.470s] -- Found rosidl_adapter: 3.1.4 (/opt/ros/humble/share/rosidl_adapter/cmake)
[0.485s] -- Found rosidl_generator_cpp: 3.1.4 (/opt/ros/humble/share/rosidl_generator_cpp/cmake)
[0.517s] -- Using all available rosidl_typesupport_c: rosidl_typesupport_fastrtps_c;rosidl_typesupport_introspection_c
[0.551s] -- Using all available rosidl_typesupport_cpp: rosidl_typesupport_fastrtps_cpp;rosidl_typesupport_introspection_cpp
[0.655s] -- Found rclcpp: 16.0.3 (/opt/ros/humble/share/rclcpp/cmake)
[0.780s] -- Found rmw_implementation_cmake: 6.1.1 (/opt/ros/humble/share/rmw_implementation_cmake/cmake)
[0.784s] -- Found rmw_fastrtps_cpp: 6.2.2 (/opt/ros/humble/share/rmw_fastrtps_cpp/cmake)
[1.010s] -- Using RMW implementation 'rmw_fastrtps_cpp' as default
[1.237s] -- Found ament_lint_auto: 0.12.5 (/opt/ros/humble/share/ament_lint_auto/cmake)
[1.332s] -- Added test 'cppcheck' to perform static code analysis on C / C++ code
[1.332s] -- Configured cppcheck include dirs: 
[1.332s] -- Configured cppcheck exclude dirs and/or files: 
[1.333s] -- Added test 'lint_cmake' to check CMake code style
[1.335s] -- Added test 'uncrustify' to check C / C++ code style
[1.336s] -- Configured uncrustify additional arguments: 
[1.336s] -- Added test 'xmllint' to check XML markup files
[1.341s] -- Configuring done
[1.368s] -- Generating done
[1.370s] -- Build files have been written to: /home/ubuntu/Desktop/learn/Workspaces/ros2_cpp_ws/build/udemy_ros2_pkg
[1.378s] Invoked command in '/home/ubuntu/Desktop/learn/Workspaces/ros2_cpp_ws/build/udemy_ros2_pkg' returned '0': CMAKE_PREFIX_PATH=${CMAKE_PREFIX_PATH}:/opt/ros/humble /usr/bin/cmake /home/ubuntu/Desktop/learn/Workspaces/ros2_cpp_ws/src/udemy_ros2_pkg -DAMENT_CMAKE_SYMLINK_INSTALL=1 -DCMAKE_INSTALL_PREFIX=/home/ubuntu/Desktop/learn/Workspaces/ros2_cpp_ws/install/udemy_ros2_pkg
[1.381s] Invoking command in '/home/ubuntu/Desktop/learn/Workspaces/ros2_cpp_ws/build/udemy_ros2_pkg': CMAKE_PREFIX_PATH=${CMAKE_PREFIX_PATH}:/opt/ros/humble /usr/bin/cmake --build /home/ubuntu/Desktop/learn/Workspaces/ros2_cpp_ws/build/udemy_ros2_pkg -- -j8 -l8
[1.427s] [35m[1mConsolidate compiler generated dependencies of target publisher[0m
[1.436s] [ 25%] [32mBuilding CXX object CMakeFiles/subscriber.dir/src/subscriber.cpp.o[0m
[1.449s] [ 75%] Built target publisher
[22.019s] [100%] [32m[1mLinking CXX executable subscriber[0m
[22.366s] [100%] Built target subscriber
[22.380s] Invoked command in '/home/ubuntu/Desktop/learn/Workspaces/ros2_cpp_ws/build/udemy_ros2_pkg' returned '0': CMAKE_PREFIX_PATH=${CMAKE_PREFIX_PATH}:/opt/ros/humble /usr/bin/cmake --build /home/ubuntu/Desktop/learn/Workspaces/ros2_cpp_ws/build/udemy_ros2_pkg -- -j8 -l8
[22.440s] Invoking command in '/home/ubuntu/Desktop/learn/Workspaces/ros2_cpp_ws/build/udemy_ros2_pkg': CMAKE_PREFIX_PATH=${CMAKE_PREFIX_PATH}:/opt/ros/humble /usr/bin/cmake --install /home/ubuntu/Desktop/learn/Workspaces/ros2_cpp_ws/build/udemy_ros2_pkg
[22.454s] -- Install configuration: "RelWithDebInfo"
[22.457s] -- Execute custom install script
[22.458s] -- Up-to-date symlink: /home/ubuntu/Desktop/learn/Workspaces/ros2_cpp_ws/install/udemy_ros2_pkg/lib/udemy_ros2_pkg/publisher
[22.458s] -- Symlinking: /home/ubuntu/Desktop/learn/Workspaces/ros2_cpp_ws/install/udemy_ros2_pkg/lib/udemy_ros2_pkg/subscriber
[22.473s] -- Up-to-date symlink: /home/ubuntu/Desktop/learn/Workspaces/ros2_cpp_ws/install/udemy_ros2_pkg/share/ament_index/resource_index/package_run_dependencies/udemy_ros2_pkg
[22.474s] -- Up-to-date symlink: /home/ubuntu/Desktop/learn/Workspaces/ros2_cpp_ws/install/udemy_ros2_pkg/share/ament_index/resource_index/parent_prefix_path/udemy_ros2_pkg
[22.475s] -- Up-to-date symlink: /home/ubuntu/Desktop/learn/Workspaces/ros2_cpp_ws/install/udemy_ros2_pkg/share/udemy_ros2_pkg/environment/ament_prefix_path.sh
[22.475s] -- Up-to-date symlink: /home/ubuntu/Desktop/learn/Workspaces/ros2_cpp_ws/install/udemy_ros2_pkg/share/udemy_ros2_pkg/environment/ament_prefix_path.dsv
[22.476s] -- Up-to-date symlink: /home/ubuntu/Desktop/learn/Workspaces/ros2_cpp_ws/install/udemy_ros2_pkg/share/udemy_ros2_pkg/environment/path.sh
[22.476s] -- Up-to-date symlink: /home/ubuntu/Desktop/learn/Workspaces/ros2_cpp_ws/install/udemy_ros2_pkg/share/udemy_ros2_pkg/environment/path.dsv
[22.476s] -- Up-to-date symlink: /home/ubuntu/Desktop/learn/Workspaces/ros2_cpp_ws/install/udemy_ros2_pkg/share/udemy_ros2_pkg/local_setup.bash
[22.476s] -- Up-to-date symlink: /home/ubuntu/Desktop/learn/Workspaces/ros2_cpp_ws/install/udemy_ros2_pkg/share/udemy_ros2_pkg/local_setup.sh
[22.477s] -- Up-to-date symlink: /home/ubuntu/Desktop/learn/Workspaces/ros2_cpp_ws/install/udemy_ros2_pkg/share/udemy_ros2_pkg/local_setup.zsh
[22.477s] -- Up-to-date symlink: /home/ubuntu/Desktop/learn/Workspaces/ros2_cpp_ws/install/udemy_ros2_pkg/share/udemy_ros2_pkg/local_setup.dsv
[22.477s] -- Symlinking: /home/ubuntu/Desktop/learn/Workspaces/ros2_cpp_ws/install/udemy_ros2_pkg/share/udemy_ros2_pkg/package.dsv
[22.490s] -- Up-to-date symlink: /home/ubuntu/Desktop/learn/Workspaces/ros2_cpp_ws/install/udemy_ros2_pkg/share/ament_index/resource_index/packages/udemy_ros2_pkg
[22.491s] -- Up-to-date symlink: /home/ubuntu/Desktop/learn/Workspaces/ros2_cpp_ws/install/udemy_ros2_pkg/share/udemy_ros2_pkg/cmake/udemy_ros2_pkgConfig.cmake
[22.491s] -- Up-to-date symlink: /home/ubuntu/Desktop/learn/Workspaces/ros2_cpp_ws/install/udemy_ros2_pkg/share/udemy_ros2_pkg/cmake/udemy_ros2_pkgConfig-version.cmake
[22.491s] -- Up-to-date symlink: /home/ubuntu/Desktop/learn/Workspaces/ros2_cpp_ws/install/udemy_ros2_pkg/share/udemy_ros2_pkg/package.xml
[22.499s] Invoked command in '/home/ubuntu/Desktop/learn/Workspaces/ros2_cpp_ws/build/udemy_ros2_pkg' returned '0': CMAKE_PREFIX_PATH=${CMAKE_PREFIX_PATH}:/opt/ros/humble /usr/bin/cmake --install /home/ubuntu/Desktop/learn/Workspaces/ros2_cpp_ws/build/udemy_ros2_pkg
