[0.028s] Invoking command in '/home/ubuntu/Desktop/learn/Workspaces/ros2_cpp_ws/build/rplidar_ros': CMAKE_PREFIX_PATH=${CMAKE_PREFIX_PATH}:/opt/ros/humble /usr/bin/cmake /home/ubuntu/Desktop/learn/Workspaces/ros2_cpp_ws/src/ros2_rp_lidar/src/rplidar_ros2 -DAMENT_CMAKE_SYMLINK_INSTALL=1 -DCMAKE_INSTALL_PREFIX=/home/ubuntu/Desktop/learn/Workspaces/ros2_cpp_ws/install/rplidar_ros
[0.088s] -- Found ament_cmake_auto: 1.3.3 (/opt/ros/humble/share/ament_cmake_auto/cmake)
[0.317s] -- Override CMake install command with custom implementation using symlinks instead of copying resources
[0.355s] -- Found ament_cmake_ros: 0.10.0 (/opt/ros/humble/share/ament_cmake_ros/cmake)
[0.540s] -- Found rosidl_generator_c: 3.1.4 (/opt/ros/humble/share/rosidl_generator_c/cmake)
[0.545s] -- Found rosidl_adapter: 3.1.4 (/opt/ros/humble/share/rosidl_adapter/cmake)
[0.554s] -- Found rosidl_generator_cpp: 3.1.4 (/opt/ros/humble/share/rosidl_generator_cpp/cmake)
[0.569s] -- Using all available rosidl_typesupport_c: rosidl_typesupport_fastrtps_c;rosidl_typesupport_introspection_c
[0.589s] -- Using all available rosidl_typesupport_cpp: rosidl_typesupport_fastrtps_cpp;rosidl_typesupport_introspection_cpp
[0.694s] -- Found rmw_implementation_cmake: 6.1.1 (/opt/ros/humble/share/rmw_implementation_cmake/cmake)
[0.699s] -- Found rmw_fastrtps_cpp: 6.2.2 (/opt/ros/humble/share/rmw_fastrtps_cpp/cmake)
[0.935s] -- Using RMW implementation 'rmw_fastrtps_cpp' as default
[1.524s] -- Configuring done
[1.561s] -- Generating done
[1.564s] -- Build files have been written to: /home/ubuntu/Desktop/learn/Workspaces/ros2_cpp_ws/build/rplidar_ros
[1.575s] Invoked command in '/home/ubuntu/Desktop/learn/Workspaces/ros2_cpp_ws/build/rplidar_ros' returned '0': CMAKE_PREFIX_PATH=${CMAKE_PREFIX_PATH}:/opt/ros/humble /usr/bin/cmake /home/ubuntu/Desktop/learn/Workspaces/ros2_cpp_ws/src/ros2_rp_lidar/src/rplidar_ros2 -DAMENT_CMAKE_SYMLINK_INSTALL=1 -DCMAKE_INSTALL_PREFIX=/home/ubuntu/Desktop/learn/Workspaces/ros2_cpp_ws/install/rplidar_ros
[1.577s] Invoking command in '/home/ubuntu/Desktop/learn/Workspaces/ros2_cpp_ws/build/rplidar_ros': CMAKE_PREFIX_PATH=${CMAKE_PREFIX_PATH}:/opt/ros/humble /usr/bin/cmake --build /home/ubuntu/Desktop/learn/Workspaces/ros2_cpp_ws/build/rplidar_ros -- -j8 -l8
[1.635s] [35m[1mConsolidate compiler generated dependencies of target rplidar_composition_node[0m
[1.679s] [ 77%] Built target rplidar_composition_node
[1.697s] [35m[1mConsolidate compiler generated dependencies of target rplidar_composition[0m
[1.737s] [100%] Built target rplidar_composition
[1.751s] Invoked command in '/home/ubuntu/Desktop/learn/Workspaces/ros2_cpp_ws/build/rplidar_ros' returned '0': CMAKE_PREFIX_PATH=${CMAKE_PREFIX_PATH}:/opt/ros/humble /usr/bin/cmake --build /home/ubuntu/Desktop/learn/Workspaces/ros2_cpp_ws/build/rplidar_ros -- -j8 -l8
[1.827s] Invoking command in '/home/ubuntu/Desktop/learn/Workspaces/ros2_cpp_ws/build/rplidar_ros': CMAKE_PREFIX_PATH=${CMAKE_PREFIX_PATH}:/opt/ros/humble /usr/bin/cmake --install /home/ubuntu/Desktop/learn/Workspaces/ros2_cpp_ws/build/rplidar_ros
[1.835s] -- Install configuration: "RelWithDebInfo"
[1.835s] -- Execute custom install script
[1.836s] -- Up-to-date symlink: /home/ubuntu/Desktop/learn/Workspaces/ros2_cpp_ws/install/rplidar_ros/lib/rplidar_ros/rplidar_composition
[1.837s] -- Up-to-date symlink: /home/ubuntu/Desktop/learn/Workspaces/ros2_cpp_ws/install/rplidar_ros/share/rplidar_ros/launch/rplidar.launch.py
[1.837s] -- Up-to-date symlink: /home/ubuntu/Desktop/learn/Workspaces/ros2_cpp_ws/install/rplidar_ros/share/rplidar_ros/launch/rplidar_a3.launch.py
[1.837s] -- Up-to-date symlink: /home/ubuntu/Desktop/learn/Workspaces/ros2_cpp_ws/install/rplidar_ros/share/rplidar_ros/launch/rplidar_s1.launch.py
[1.837s] -- Up-to-date symlink: /home/ubuntu/Desktop/learn/Workspaces/ros2_cpp_ws/install/rplidar_ros/share/rplidar_ros/launch/rplidar_s1_tcp.launch.py
[1.838s] -- Up-to-date symlink: /home/ubuntu/Desktop/learn/Workspaces/ros2_cpp_ws/install/rplidar_ros/share/rplidar_ros/launch/test_rplidar_a3.launch.py
[1.838s] -- Up-to-date symlink: /home/ubuntu/Desktop/learn/Workspaces/ros2_cpp_ws/install/rplidar_ros/share/rplidar_ros/launch/view_rplidar.launch.py
[1.838s] -- Up-to-date symlink: /home/ubuntu/Desktop/learn/Workspaces/ros2_cpp_ws/install/rplidar_ros/share/rplidar_ros/launch/view_rplidar_a3.launch.py
[1.838s] -- Up-to-date symlink: /home/ubuntu/Desktop/learn/Workspaces/ros2_cpp_ws/install/rplidar_ros/share/rplidar_ros/launch/view_rplidar_s1.launch.py
[1.839s] -- Up-to-date symlink: /home/ubuntu/Desktop/learn/Workspaces/ros2_cpp_ws/install/rplidar_ros/share/rplidar_ros/launch/view_rplidar_s1_tcp.launch.py
[1.839s] -- Up-to-date symlink: /home/ubuntu/Desktop/learn/Workspaces/ros2_cpp_ws/install/rplidar_ros/share/rplidar_ros/rviz/rplidar.rviz
[1.839s] -- Up-to-date symlink: /home/ubuntu/Desktop/learn/Workspaces/ros2_cpp_ws/install/rplidar_ros/lib/librplidar_composition_node.so
[1.840s] -- Up-to-date symlink: /home/ubuntu/Desktop/learn/Workspaces/ros2_cpp_ws/install/rplidar_ros/include/rplidar_node.hpp
[1.840s] -- Up-to-date symlink: /home/ubuntu/Desktop/learn/Workspaces/ros2_cpp_ws/install/rplidar_ros/include/visibility.h
[1.840s] -- Up-to-date symlink: /home/ubuntu/Desktop/learn/Workspaces/ros2_cpp_ws/install/rplidar_ros/lib/rplidar_ros/rplidar_composition
[1.841s] -- Up-to-date symlink: /home/ubuntu/Desktop/learn/Workspaces/ros2_cpp_ws/install/rplidar_ros/share/ament_index/resource_index/package_run_dependencies/rplidar_ros
[1.841s] -- Up-to-date symlink: /home/ubuntu/Desktop/learn/Workspaces/ros2_cpp_ws/install/rplidar_ros/share/ament_index/resource_index/parent_prefix_path/rplidar_ros
[1.841s] -- Up-to-date symlink: /home/ubuntu/Desktop/learn/Workspaces/ros2_cpp_ws/install/rplidar_ros/share/rplidar_ros/environment/ament_prefix_path.sh
[1.841s] -- Up-to-date symlink: /home/ubuntu/Desktop/learn/Workspaces/ros2_cpp_ws/install/rplidar_ros/share/rplidar_ros/environment/ament_prefix_path.dsv
[1.842s] -- Up-to-date symlink: /home/ubuntu/Desktop/learn/Workspaces/ros2_cpp_ws/install/rplidar_ros/share/rplidar_ros/environment/path.sh
[1.842s] -- Up-to-date symlink: /home/ubuntu/Desktop/learn/Workspaces/ros2_cpp_ws/install/rplidar_ros/share/rplidar_ros/environment/path.dsv
[1.842s] -- Up-to-date symlink: /home/ubuntu/Desktop/learn/Workspaces/ros2_cpp_ws/install/rplidar_ros/share/rplidar_ros/local_setup.bash
[1.843s] -- Up-to-date symlink: /home/ubuntu/Desktop/learn/Workspaces/ros2_cpp_ws/install/rplidar_ros/share/rplidar_ros/local_setup.sh
[1.843s] -- Up-to-date symlink: /home/ubuntu/Desktop/learn/Workspaces/ros2_cpp_ws/install/rplidar_ros/share/rplidar_ros/local_setup.zsh
[1.844s] -- Up-to-date symlink: /home/ubuntu/Desktop/learn/Workspaces/ros2_cpp_ws/install/rplidar_ros/share/rplidar_ros/local_setup.dsv
[1.844s] -- Symlinking: /home/ubuntu/Desktop/learn/Workspaces/ros2_cpp_ws/install/rplidar_ros/share/rplidar_ros/package.dsv
[1.853s] -- Up-to-date symlink: /home/ubuntu/Desktop/learn/Workspaces/ros2_cpp_ws/install/rplidar_ros/share/ament_index/resource_index/packages/rplidar_ros
[1.853s] -- Up-to-date symlink: /home/ubuntu/Desktop/learn/Workspaces/ros2_cpp_ws/install/rplidar_ros/share/ament_index/resource_index/rclcpp_components/rplidar_ros
[1.853s] -- Up-to-date symlink: /home/ubuntu/Desktop/learn/Workspaces/ros2_cpp_ws/install/rplidar_ros/share/rplidar_ros/cmake/ament_cmake_export_dependencies-extras.cmake
[1.853s] -- Up-to-date symlink: /home/ubuntu/Desktop/learn/Workspaces/ros2_cpp_ws/install/rplidar_ros/share/rplidar_ros/cmake/ament_cmake_export_include_directories-extras.cmake
[1.854s] -- Up-to-date symlink: /home/ubuntu/Desktop/learn/Workspaces/ros2_cpp_ws/install/rplidar_ros/share/rplidar_ros/cmake/rplidar_rosConfig.cmake
[1.854s] -- Up-to-date symlink: /home/ubuntu/Desktop/learn/Workspaces/ros2_cpp_ws/install/rplidar_ros/share/rplidar_ros/cmake/rplidar_rosConfig-version.cmake
[1.854s] -- Up-to-date symlink: /home/ubuntu/Desktop/learn/Workspaces/ros2_cpp_ws/install/rplidar_ros/share/rplidar_ros/package.xml
[1.856s] Invoked command in '/home/ubuntu/Desktop/learn/Workspaces/ros2_cpp_ws/build/rplidar_ros' returned '0': CMAKE_PREFIX_PATH=${CMAKE_PREFIX_PATH}:/opt/ros/humble /usr/bin/cmake --install /home/ubuntu/Desktop/learn/Workspaces/ros2_cpp_ws/build/rplidar_ros
