[0.383s] DEBUG:colcon:Command line arguments: ['/usr/bin/colcon', 'list', '-p', '--base-paths', '/home/ubuntu/Desktop/learn/Workspaces/ros2_cpp_ws']
[0.383s] DEBUG:colcon:Parsed command line arguments: Namespace(log_base=None, log_level=None, verb_name='list', build_base='build', ignore_user_meta=False, metas=['./colcon.meta'], base_paths=['/home/ubuntu/Desktop/learn/Workspaces/ros2_cpp_ws'], packages_ignore=None, packages_ignore_regex=None, paths=None, packages_up_to=None, packages_up_to_regex=None, packages_above=None, packages_above_and_dependencies=None, packages_above_depth=None, packages_select_by_dep=None, packages_skip_by_dep=None, packages_skip_up_to=None, packages_select_build_failed=False, packages_skip_build_finished=False, packages_select_test_failures=False, packages_skip_test_passed=False, packages_select=None, packages_skip=None, packages_select_regex=None, packages_skip_regex=None, packages_start=None, packages_end=None, allow_overriding=[], topological_order=False, names_only=False, paths_only=True, topological_graph=False, topological_graph_dot=False, topological_graph_density=False, topological_graph_legend=False, topological_graph_dot_cluster=False, topological_graph_dot_include_skipped=False, verb_parser=<colcon_defaults.argument_parser.defaults.DefaultArgumentsDecorator object at 0x7f8a6d22ca60>, verb_extension=<colcon_package_information.verb.list.ListVerb object at 0x7f8a6d19b460>, main=<bound method ListVerb.main of <colcon_package_information.verb.list.ListVerb object at 0x7f8a6d19b460>>)
[0.416s] Level 1:colcon.colcon_core.package_discovery:discover_packages(colcon_meta) check parameters
[0.416s] Level 1:colcon.colcon_core.package_discovery:discover_packages(recursive) check parameters
[0.416s] Level 1:colcon.colcon_core.package_discovery:discover_packages(ignore) check parameters
[0.416s] Level 1:colcon.colcon_core.package_discovery:discover_packages(path) check parameters
[0.416s] Level 1:colcon.colcon_core.package_discovery:discover_packages(recursive) discover
[0.416s] INFO:colcon.colcon_core.package_discovery:Crawling recursively for packages in '/home/ubuntu/Desktop/learn/Workspaces/ros2_cpp_ws'
[0.416s] Level 1:colcon.colcon_core.package_identification:_identify(/home/ubuntu/Desktop/learn/Workspaces/ros2_cpp_ws) by extensions ['ignore', 'ignore_ament_install']
[0.417s] Level 1:colcon.colcon_core.package_identification:_identify(/home/ubuntu/Desktop/learn/Workspaces/ros2_cpp_ws) by extension 'ignore'
[0.417s] Level 1:colcon.colcon_core.package_identification:_identify(/home/ubuntu/Desktop/learn/Workspaces/ros2_cpp_ws) by extension 'ignore_ament_install'
[0.417s] Level 1:colcon.colcon_core.package_identification:_identify(/home/ubuntu/Desktop/learn/Workspaces/ros2_cpp_ws) by extensions ['colcon_pkg']
[0.417s] Level 1:colcon.colcon_core.package_identification:_identify(/home/ubuntu/Desktop/learn/Workspaces/ros2_cpp_ws) by extension 'colcon_pkg'
[0.417s] Level 1:colcon.colcon_core.package_identification:_identify(/home/ubuntu/Desktop/learn/Workspaces/ros2_cpp_ws) by extensions ['colcon_meta']
[0.417s] Level 1:colcon.colcon_core.package_identification:_identify(/home/ubuntu/Desktop/learn/Workspaces/ros2_cpp_ws) by extension 'colcon_meta'
[0.417s] Level 1:colcon.colcon_core.package_identification:_identify(/home/ubuntu/Desktop/learn/Workspaces/ros2_cpp_ws) by extensions ['ros']
[0.417s] Level 1:colcon.colcon_core.package_identification:_identify(/home/ubuntu/Desktop/learn/Workspaces/ros2_cpp_ws) by extension 'ros'
[0.445s] Level 1:colcon.colcon_core.package_identification:_identify(/home/ubuntu/Desktop/learn/Workspaces/ros2_cpp_ws) by extensions ['cmake', 'python']
[0.445s] Level 1:colcon.colcon_core.package_identification:_identify(/home/ubuntu/Desktop/learn/Workspaces/ros2_cpp_ws) by extension 'cmake'
[0.445s] Level 1:colcon.colcon_core.package_identification:_identify(/home/ubuntu/Desktop/learn/Workspaces/ros2_cpp_ws) by extension 'python'
[0.446s] Level 1:colcon.colcon_core.package_identification:_identify(/home/ubuntu/Desktop/learn/Workspaces/ros2_cpp_ws) by extensions ['python_setup_py']
[0.446s] Level 1:colcon.colcon_core.package_identification:_identify(/home/ubuntu/Desktop/learn/Workspaces/ros2_cpp_ws) by extension 'python_setup_py'
[0.446s] Level 1:colcon.colcon_core.package_identification:_identify(/home/ubuntu/Desktop/learn/Workspaces/ros2_cpp_ws/build) by extensions ['ignore', 'ignore_ament_install']
[0.446s] Level 1:colcon.colcon_core.package_identification:_identify(/home/ubuntu/Desktop/learn/Workspaces/ros2_cpp_ws/build) by extension 'ignore'
[0.446s] Level 1:colcon.colcon_core.package_identification:_identify(/home/ubuntu/Desktop/learn/Workspaces/ros2_cpp_ws/build) ignored
[0.446s] Level 1:colcon.colcon_core.package_identification:_identify(/home/ubuntu/Desktop/learn/Workspaces/ros2_cpp_ws/install) by extensions ['ignore', 'ignore_ament_install']
[0.446s] Level 1:colcon.colcon_core.package_identification:_identify(/home/ubuntu/Desktop/learn/Workspaces/ros2_cpp_ws/install) by extension 'ignore'
[0.447s] Level 1:colcon.colcon_core.package_identification:_identify(/home/ubuntu/Desktop/learn/Workspaces/ros2_cpp_ws/install) ignored
[0.447s] Level 1:colcon.colcon_core.package_identification:_identify(/home/ubuntu/Desktop/learn/Workspaces/ros2_cpp_ws/log) by extensions ['ignore', 'ignore_ament_install']
[0.447s] Level 1:colcon.colcon_core.package_identification:_identify(/home/ubuntu/Desktop/learn/Workspaces/ros2_cpp_ws/log) by extension 'ignore'
[0.447s] Level 1:colcon.colcon_core.package_identification:_identify(/home/ubuntu/Desktop/learn/Workspaces/ros2_cpp_ws/log) ignored
[0.447s] Level 1:colcon.colcon_core.package_identification:_identify(/home/ubuntu/Desktop/learn/Workspaces/ros2_cpp_ws/src) by extensions ['ignore', 'ignore_ament_install']
[0.447s] Level 1:colcon.colcon_core.package_identification:_identify(/home/ubuntu/Desktop/learn/Workspaces/ros2_cpp_ws/src) by extension 'ignore'
[0.447s] Level 1:colcon.colcon_core.package_identification:_identify(/home/ubuntu/Desktop/learn/Workspaces/ros2_cpp_ws/src) by extension 'ignore_ament_install'
[0.447s] Level 1:colcon.colcon_core.package_identification:_identify(/home/ubuntu/Desktop/learn/Workspaces/ros2_cpp_ws/src) by extensions ['colcon_pkg']
[0.447s] Level 1:colcon.colcon_core.package_identification:_identify(/home/ubuntu/Desktop/learn/Workspaces/ros2_cpp_ws/src) by extension 'colcon_pkg'
[0.448s] Level 1:colcon.colcon_core.package_identification:_identify(/home/ubuntu/Desktop/learn/Workspaces/ros2_cpp_ws/src) by extensions ['colcon_meta']
[0.448s] Level 1:colcon.colcon_core.package_identification:_identify(/home/ubuntu/Desktop/learn/Workspaces/ros2_cpp_ws/src) by extension 'colcon_meta'
[0.448s] Level 1:colcon.colcon_core.package_identification:_identify(/home/ubuntu/Desktop/learn/Workspaces/ros2_cpp_ws/src) by extensions ['ros']
[0.448s] Level 1:colcon.colcon_core.package_identification:_identify(/home/ubuntu/Desktop/learn/Workspaces/ros2_cpp_ws/src) by extension 'ros'
[0.448s] Level 1:colcon.colcon_core.package_identification:_identify(/home/ubuntu/Desktop/learn/Workspaces/ros2_cpp_ws/src) by extensions ['cmake', 'python']
[0.448s] Level 1:colcon.colcon_core.package_identification:_identify(/home/ubuntu/Desktop/learn/Workspaces/ros2_cpp_ws/src) by extension 'cmake'
[0.448s] Level 1:colcon.colcon_core.package_identification:_identify(/home/ubuntu/Desktop/learn/Workspaces/ros2_cpp_ws/src) by extension 'python'
[0.448s] Level 1:colcon.colcon_core.package_identification:_identify(/home/ubuntu/Desktop/learn/Workspaces/ros2_cpp_ws/src) by extensions ['python_setup_py']
[0.448s] Level 1:colcon.colcon_core.package_identification:_identify(/home/ubuntu/Desktop/learn/Workspaces/ros2_cpp_ws/src) by extension 'python_setup_py'
[0.448s] Level 1:colcon.colcon_core.package_identification:_identify(/home/ubuntu/Desktop/learn/Workspaces/ros2_cpp_ws/src/ros2_rp_lidar) by extensions ['ignore', 'ignore_ament_install']
[0.449s] Level 1:colcon.colcon_core.package_identification:_identify(/home/ubuntu/Desktop/learn/Workspaces/ros2_cpp_ws/src/ros2_rp_lidar) by extension 'ignore'
[0.449s] Level 1:colcon.colcon_core.package_identification:_identify(/home/ubuntu/Desktop/learn/Workspaces/ros2_cpp_ws/src/ros2_rp_lidar) by extension 'ignore_ament_install'
[0.449s] Level 1:colcon.colcon_core.package_identification:_identify(/home/ubuntu/Desktop/learn/Workspaces/ros2_cpp_ws/src/ros2_rp_lidar) by extensions ['colcon_pkg']
[0.449s] Level 1:colcon.colcon_core.package_identification:_identify(/home/ubuntu/Desktop/learn/Workspaces/ros2_cpp_ws/src/ros2_rp_lidar) by extension 'colcon_pkg'
[0.449s] Level 1:colcon.colcon_core.package_identification:_identify(/home/ubuntu/Desktop/learn/Workspaces/ros2_cpp_ws/src/ros2_rp_lidar) by extensions ['colcon_meta']
[0.449s] Level 1:colcon.colcon_core.package_identification:_identify(/home/ubuntu/Desktop/learn/Workspaces/ros2_cpp_ws/src/ros2_rp_lidar) by extension 'colcon_meta'
[0.449s] Level 1:colcon.colcon_core.package_identification:_identify(/home/ubuntu/Desktop/learn/Workspaces/ros2_cpp_ws/src/ros2_rp_lidar) by extensions ['ros']
[0.449s] Level 1:colcon.colcon_core.package_identification:_identify(/home/ubuntu/Desktop/learn/Workspaces/ros2_cpp_ws/src/ros2_rp_lidar) by extension 'ros'
[0.449s] Level 1:colcon.colcon_core.package_identification:_identify(/home/ubuntu/Desktop/learn/Workspaces/ros2_cpp_ws/src/ros2_rp_lidar) by extensions ['cmake', 'python']
[0.449s] Level 1:colcon.colcon_core.package_identification:_identify(/home/ubuntu/Desktop/learn/Workspaces/ros2_cpp_ws/src/ros2_rp_lidar) by extension 'cmake'
[0.449s] Level 1:colcon.colcon_core.package_identification:_identify(/home/ubuntu/Desktop/learn/Workspaces/ros2_cpp_ws/src/ros2_rp_lidar) by extension 'python'
[0.449s] Level 1:colcon.colcon_core.package_identification:_identify(/home/ubuntu/Desktop/learn/Workspaces/ros2_cpp_ws/src/ros2_rp_lidar) by extensions ['python_setup_py']
[0.449s] Level 1:colcon.colcon_core.package_identification:_identify(/home/ubuntu/Desktop/learn/Workspaces/ros2_cpp_ws/src/ros2_rp_lidar) by extension 'python_setup_py'
[0.450s] Level 1:colcon.colcon_core.package_identification:_identify(/home/ubuntu/Desktop/learn/Workspaces/ros2_cpp_ws/src/ros2_rp_lidar/src) by extensions ['ignore', 'ignore_ament_install']
[0.450s] Level 1:colcon.colcon_core.package_identification:_identify(/home/ubuntu/Desktop/learn/Workspaces/ros2_cpp_ws/src/ros2_rp_lidar/src) by extension 'ignore'
[0.450s] Level 1:colcon.colcon_core.package_identification:_identify(/home/ubuntu/Desktop/learn/Workspaces/ros2_cpp_ws/src/ros2_rp_lidar/src) by extension 'ignore_ament_install'
[0.450s] Level 1:colcon.colcon_core.package_identification:_identify(/home/ubuntu/Desktop/learn/Workspaces/ros2_cpp_ws/src/ros2_rp_lidar/src) by extensions ['colcon_pkg']
[0.450s] Level 1:colcon.colcon_core.package_identification:_identify(/home/ubuntu/Desktop/learn/Workspaces/ros2_cpp_ws/src/ros2_rp_lidar/src) by extension 'colcon_pkg'
[0.450s] Level 1:colcon.colcon_core.package_identification:_identify(/home/ubuntu/Desktop/learn/Workspaces/ros2_cpp_ws/src/ros2_rp_lidar/src) by extensions ['colcon_meta']
[0.450s] Level 1:colcon.colcon_core.package_identification:_identify(/home/ubuntu/Desktop/learn/Workspaces/ros2_cpp_ws/src/ros2_rp_lidar/src) by extension 'colcon_meta'
[0.450s] Level 1:colcon.colcon_core.package_identification:_identify(/home/ubuntu/Desktop/learn/Workspaces/ros2_cpp_ws/src/ros2_rp_lidar/src) by extensions ['ros']
[0.450s] Level 1:colcon.colcon_core.package_identification:_identify(/home/ubuntu/Desktop/learn/Workspaces/ros2_cpp_ws/src/ros2_rp_lidar/src) by extension 'ros'
[0.450s] Level 1:colcon.colcon_core.package_identification:_identify(/home/ubuntu/Desktop/learn/Workspaces/ros2_cpp_ws/src/ros2_rp_lidar/src) by extensions ['cmake', 'python']
[0.450s] Level 1:colcon.colcon_core.package_identification:_identify(/home/ubuntu/Desktop/learn/Workspaces/ros2_cpp_ws/src/ros2_rp_lidar/src) by extension 'cmake'
[0.450s] Level 1:colcon.colcon_core.package_identification:_identify(/home/ubuntu/Desktop/learn/Workspaces/ros2_cpp_ws/src/ros2_rp_lidar/src) by extension 'python'
[0.451s] Level 1:colcon.colcon_core.package_identification:_identify(/home/ubuntu/Desktop/learn/Workspaces/ros2_cpp_ws/src/ros2_rp_lidar/src) by extensions ['python_setup_py']
[0.451s] Level 1:colcon.colcon_core.package_identification:_identify(/home/ubuntu/Desktop/learn/Workspaces/ros2_cpp_ws/src/ros2_rp_lidar/src) by extension 'python_setup_py'
[0.451s] Level 1:colcon.colcon_core.package_identification:_identify(/home/ubuntu/Desktop/learn/Workspaces/ros2_cpp_ws/src/ros2_rp_lidar/src/build) by extensions ['ignore', 'ignore_ament_install']
[0.451s] Level 1:colcon.colcon_core.package_identification:_identify(/home/ubuntu/Desktop/learn/Workspaces/ros2_cpp_ws/src/ros2_rp_lidar/src/build) by extension 'ignore'
[0.451s] Level 1:colcon.colcon_core.package_identification:_identify(/home/ubuntu/Desktop/learn/Workspaces/ros2_cpp_ws/src/ros2_rp_lidar/src/build) ignored
[0.451s] Level 1:colcon.colcon_core.package_identification:_identify(/home/ubuntu/Desktop/learn/Workspaces/ros2_cpp_ws/src/ros2_rp_lidar/src/install) by extensions ['ignore', 'ignore_ament_install']
[0.451s] Level 1:colcon.colcon_core.package_identification:_identify(/home/ubuntu/Desktop/learn/Workspaces/ros2_cpp_ws/src/ros2_rp_lidar/src/install) by extension 'ignore'
[0.451s] Level 1:colcon.colcon_core.package_identification:_identify(/home/ubuntu/Desktop/learn/Workspaces/ros2_cpp_ws/src/ros2_rp_lidar/src/install) ignored
[0.452s] Level 1:colcon.colcon_core.package_identification:_identify(/home/ubuntu/Desktop/learn/Workspaces/ros2_cpp_ws/src/ros2_rp_lidar/src/log) by extensions ['ignore', 'ignore_ament_install']
[0.452s] Level 1:colcon.colcon_core.package_identification:_identify(/home/ubuntu/Desktop/learn/Workspaces/ros2_cpp_ws/src/ros2_rp_lidar/src/log) by extension 'ignore'
[0.452s] Level 1:colcon.colcon_core.package_identification:_identify(/home/ubuntu/Desktop/learn/Workspaces/ros2_cpp_ws/src/ros2_rp_lidar/src/log) ignored
[0.452s] Level 1:colcon.colcon_core.package_identification:_identify(/home/ubuntu/Desktop/learn/Workspaces/ros2_cpp_ws/src/ros2_rp_lidar/src/rplidar_ros2) by extensions ['ignore', 'ignore_ament_install']
[0.452s] Level 1:colcon.colcon_core.package_identification:_identify(/home/ubuntu/Desktop/learn/Workspaces/ros2_cpp_ws/src/ros2_rp_lidar/src/rplidar_ros2) by extension 'ignore'
[0.452s] Level 1:colcon.colcon_core.package_identification:_identify(/home/ubuntu/Desktop/learn/Workspaces/ros2_cpp_ws/src/ros2_rp_lidar/src/rplidar_ros2) by extension 'ignore_ament_install'
[0.452s] Level 1:colcon.colcon_core.package_identification:_identify(/home/ubuntu/Desktop/learn/Workspaces/ros2_cpp_ws/src/ros2_rp_lidar/src/rplidar_ros2) by extensions ['colcon_pkg']
[0.452s] Level 1:colcon.colcon_core.package_identification:_identify(/home/ubuntu/Desktop/learn/Workspaces/ros2_cpp_ws/src/ros2_rp_lidar/src/rplidar_ros2) by extension 'colcon_pkg'
[0.452s] Level 1:colcon.colcon_core.package_identification:_identify(/home/ubuntu/Desktop/learn/Workspaces/ros2_cpp_ws/src/ros2_rp_lidar/src/rplidar_ros2) by extensions ['colcon_meta']
[0.452s] Level 1:colcon.colcon_core.package_identification:_identify(/home/ubuntu/Desktop/learn/Workspaces/ros2_cpp_ws/src/ros2_rp_lidar/src/rplidar_ros2) by extension 'colcon_meta'
[0.453s] Level 1:colcon.colcon_core.package_identification:_identify(/home/ubuntu/Desktop/learn/Workspaces/ros2_cpp_ws/src/ros2_rp_lidar/src/rplidar_ros2) by extensions ['ros']
[0.453s] Level 1:colcon.colcon_core.package_identification:_identify(/home/ubuntu/Desktop/learn/Workspaces/ros2_cpp_ws/src/ros2_rp_lidar/src/rplidar_ros2) by extension 'ros'
[0.456s] DEBUG:colcon.colcon_core.package_identification:Package '/home/ubuntu/Desktop/learn/Workspaces/ros2_cpp_ws/src/ros2_rp_lidar/src/rplidar_ros2' with type 'ros.ament_cmake' and name 'rplidar_ros'
[0.456s] Level 1:colcon.colcon_core.package_identification:_identify(/home/ubuntu/Desktop/learn/Workspaces/ros2_cpp_ws/src/udemy_ros2_pkg) by extensions ['ignore', 'ignore_ament_install']
[0.457s] Level 1:colcon.colcon_core.package_identification:_identify(/home/ubuntu/Desktop/learn/Workspaces/ros2_cpp_ws/src/udemy_ros2_pkg) by extension 'ignore'
[0.457s] Level 1:colcon.colcon_core.package_identification:_identify(/home/ubuntu/Desktop/learn/Workspaces/ros2_cpp_ws/src/udemy_ros2_pkg) by extension 'ignore_ament_install'
[0.457s] Level 1:colcon.colcon_core.package_identification:_identify(/home/ubuntu/Desktop/learn/Workspaces/ros2_cpp_ws/src/udemy_ros2_pkg) by extensions ['colcon_pkg']
[0.457s] Level 1:colcon.colcon_core.package_identification:_identify(/home/ubuntu/Desktop/learn/Workspaces/ros2_cpp_ws/src/udemy_ros2_pkg) by extension 'colcon_pkg'
[0.457s] Level 1:colcon.colcon_core.package_identification:_identify(/home/ubuntu/Desktop/learn/Workspaces/ros2_cpp_ws/src/udemy_ros2_pkg) by extensions ['colcon_meta']
[0.457s] Level 1:colcon.colcon_core.package_identification:_identify(/home/ubuntu/Desktop/learn/Workspaces/ros2_cpp_ws/src/udemy_ros2_pkg) by extension 'colcon_meta'
[0.457s] Level 1:colcon.colcon_core.package_identification:_identify(/home/ubuntu/Desktop/learn/Workspaces/ros2_cpp_ws/src/udemy_ros2_pkg) by extensions ['ros']
[0.457s] Level 1:colcon.colcon_core.package_identification:_identify(/home/ubuntu/Desktop/learn/Workspaces/ros2_cpp_ws/src/udemy_ros2_pkg) by extension 'ros'
[0.459s] DEBUG:colcon.colcon_core.package_identification:Package '/home/ubuntu/Desktop/learn/Workspaces/ros2_cpp_ws/src/udemy_ros2_pkg' with type 'ros.ament_cmake' and name 'udemy_ros2_pkg'
[0.459s] Level 1:colcon.colcon_core.package_discovery:discover_packages(recursive) using defaults
