[0.432s] DEBUG:colcon:Command line arguments: ['/usr/bin/colcon', 'build', '--symlink-install', '--event-handlers', 'console_cohesion+', '--base-paths', '/home/ubuntu/Desktop/learn/Workspaces/ros2_cpp_ws', '--cmake-args', '-DCMAKE_BUILD_TYPE=RelWithDebInfo']
[0.432s] DEBUG:colcon:Parsed command line arguments: Namespace(log_base=None, log_level=None, verb_name='build', build_base='build', install_base='install', merge_install=False, symlink_install=True, test_result_base=None, continue_on_error=False, executor='parallel', parallel_workers=8, event_handlers=['console_cohesion+'], ignore_user_meta=False, metas=['./colcon.meta'], base_paths=['/home/ubuntu/Desktop/learn/Workspaces/ros2_cpp_ws'], packages_ignore=None, packages_ignore_regex=None, paths=None, packages_up_to=None, packages_up_to_regex=None, packages_above=None, packages_above_and_dependencies=None, packages_above_depth=None, packages_select_by_dep=None, packages_skip_by_dep=None, packages_skip_up_to=None, packages_select_build_failed=False, packages_skip_build_finished=False, packages_select_test_failures=False, packages_skip_test_passed=False, packages_select=None, packages_skip=None, packages_select_regex=None, packages_skip_regex=None, packages_start=None, packages_end=None, allow_overriding=[], cmake_args=['-DCMAKE_BUILD_TYPE=RelWithDebInfo'], cmake_target=None, cmake_target_skip_unavailable=False, cmake_clean_cache=False, cmake_clean_first=False, cmake_force_configure=False, ament_cmake_args=None, catkin_cmake_args=None, catkin_skip_building_tests=False, verb_parser=<colcon_defaults.argument_parser.defaults.DefaultArgumentsDecorator object at 0x7f547c464400>, verb_extension=<colcon_core.verb.build.BuildVerb object at 0x7f547cc59660>, main=<bound method BuildVerb.main of <colcon_core.verb.build.BuildVerb object at 0x7f547cc59660>>)
[0.472s] Level 1:colcon.colcon_core.package_discovery:discover_packages(colcon_meta) check parameters
[0.472s] Level 1:colcon.colcon_core.package_discovery:discover_packages(recursive) check parameters
[0.472s] Level 1:colcon.colcon_core.package_discovery:discover_packages(ignore) check parameters
[0.472s] Level 1:colcon.colcon_core.package_discovery:discover_packages(path) check parameters
[0.472s] Level 1:colcon.colcon_core.package_discovery:discover_packages(recursive) discover
[0.472s] INFO:colcon.colcon_core.package_discovery:Crawling recursively for packages in '/home/ubuntu/Desktop/learn/Workspaces/ros2_cpp_ws'
[0.472s] Level 1:colcon.colcon_core.package_identification:_identify(/home/ubuntu/Desktop/learn/Workspaces/ros2_cpp_ws) by extensions ['ignore', 'ignore_ament_install']
[0.473s] Level 1:colcon.colcon_core.package_identification:_identify(/home/ubuntu/Desktop/learn/Workspaces/ros2_cpp_ws) by extension 'ignore'
[0.473s] Level 1:colcon.colcon_core.package_identification:_identify(/home/ubuntu/Desktop/learn/Workspaces/ros2_cpp_ws) by extension 'ignore_ament_install'
[0.473s] Level 1:colcon.colcon_core.package_identification:_identify(/home/ubuntu/Desktop/learn/Workspaces/ros2_cpp_ws) by extensions ['colcon_pkg']
[0.473s] Level 1:colcon.colcon_core.package_identification:_identify(/home/ubuntu/Desktop/learn/Workspaces/ros2_cpp_ws) by extension 'colcon_pkg'
[0.473s] Level 1:colcon.colcon_core.package_identification:_identify(/home/ubuntu/Desktop/learn/Workspaces/ros2_cpp_ws) by extensions ['colcon_meta']
[0.473s] Level 1:colcon.colcon_core.package_identification:_identify(/home/ubuntu/Desktop/learn/Workspaces/ros2_cpp_ws) by extension 'colcon_meta'
[0.473s] Level 1:colcon.colcon_core.package_identification:_identify(/home/ubuntu/Desktop/learn/Workspaces/ros2_cpp_ws) by extensions ['ros']
[0.473s] Level 1:colcon.colcon_core.package_identification:_identify(/home/ubuntu/Desktop/learn/Workspaces/ros2_cpp_ws) by extension 'ros'
[0.487s] Level 1:colcon.colcon_core.package_identification:_identify(/home/ubuntu/Desktop/learn/Workspaces/ros2_cpp_ws) by extensions ['cmake', 'python']
[0.487s] Level 1:colcon.colcon_core.package_identification:_identify(/home/ubuntu/Desktop/learn/Workspaces/ros2_cpp_ws) by extension 'cmake'
[0.487s] Level 1:colcon.colcon_core.package_identification:_identify(/home/ubuntu/Desktop/learn/Workspaces/ros2_cpp_ws) by extension 'python'
[0.487s] Level 1:colcon.colcon_core.package_identification:_identify(/home/ubuntu/Desktop/learn/Workspaces/ros2_cpp_ws) by extensions ['python_setup_py']
[0.487s] Level 1:colcon.colcon_core.package_identification:_identify(/home/ubuntu/Desktop/learn/Workspaces/ros2_cpp_ws) by extension 'python_setup_py'
[0.487s] Level 1:colcon.colcon_core.package_identification:_identify(/home/ubuntu/Desktop/learn/Workspaces/ros2_cpp_ws/build) by extensions ['ignore', 'ignore_ament_install']
[0.487s] Level 1:colcon.colcon_core.package_identification:_identify(/home/ubuntu/Desktop/learn/Workspaces/ros2_cpp_ws/build) by extension 'ignore'
[0.488s] Level 1:colcon.colcon_core.package_identification:_identify(/home/ubuntu/Desktop/learn/Workspaces/ros2_cpp_ws/build) ignored
[0.488s] Level 1:colcon.colcon_core.package_identification:_identify(/home/ubuntu/Desktop/learn/Workspaces/ros2_cpp_ws/install) by extensions ['ignore', 'ignore_ament_install']
[0.488s] Level 1:colcon.colcon_core.package_identification:_identify(/home/ubuntu/Desktop/learn/Workspaces/ros2_cpp_ws/install) by extension 'ignore'
[0.488s] Level 1:colcon.colcon_core.package_identification:_identify(/home/ubuntu/Desktop/learn/Workspaces/ros2_cpp_ws/install) ignored
[0.488s] Level 1:colcon.colcon_core.package_identification:_identify(/home/ubuntu/Desktop/learn/Workspaces/ros2_cpp_ws/log) by extensions ['ignore', 'ignore_ament_install']
[0.488s] Level 1:colcon.colcon_core.package_identification:_identify(/home/ubuntu/Desktop/learn/Workspaces/ros2_cpp_ws/log) by extension 'ignore'
[0.488s] Level 1:colcon.colcon_core.package_identification:_identify(/home/ubuntu/Desktop/learn/Workspaces/ros2_cpp_ws/log) ignored
[0.488s] Level 1:colcon.colcon_core.package_identification:_identify(/home/ubuntu/Desktop/learn/Workspaces/ros2_cpp_ws/src) by extensions ['ignore', 'ignore_ament_install']
[0.489s] Level 1:colcon.colcon_core.package_identification:_identify(/home/ubuntu/Desktop/learn/Workspaces/ros2_cpp_ws/src) by extension 'ignore'
[0.489s] Level 1:colcon.colcon_core.package_identification:_identify(/home/ubuntu/Desktop/learn/Workspaces/ros2_cpp_ws/src) by extension 'ignore_ament_install'
[0.489s] Level 1:colcon.colcon_core.package_identification:_identify(/home/ubuntu/Desktop/learn/Workspaces/ros2_cpp_ws/src) by extensions ['colcon_pkg']
[0.489s] Level 1:colcon.colcon_core.package_identification:_identify(/home/ubuntu/Desktop/learn/Workspaces/ros2_cpp_ws/src) by extension 'colcon_pkg'
[0.489s] Level 1:colcon.colcon_core.package_identification:_identify(/home/ubuntu/Desktop/learn/Workspaces/ros2_cpp_ws/src) by extensions ['colcon_meta']
[0.489s] Level 1:colcon.colcon_core.package_identification:_identify(/home/ubuntu/Desktop/learn/Workspaces/ros2_cpp_ws/src) by extension 'colcon_meta'
[0.489s] Level 1:colcon.colcon_core.package_identification:_identify(/home/ubuntu/Desktop/learn/Workspaces/ros2_cpp_ws/src) by extensions ['ros']
[0.489s] Level 1:colcon.colcon_core.package_identification:_identify(/home/ubuntu/Desktop/learn/Workspaces/ros2_cpp_ws/src) by extension 'ros'
[0.489s] Level 1:colcon.colcon_core.package_identification:_identify(/home/ubuntu/Desktop/learn/Workspaces/ros2_cpp_ws/src) by extensions ['cmake', 'python']
[0.489s] Level 1:colcon.colcon_core.package_identification:_identify(/home/ubuntu/Desktop/learn/Workspaces/ros2_cpp_ws/src) by extension 'cmake'
[0.489s] Level 1:colcon.colcon_core.package_identification:_identify(/home/ubuntu/Desktop/learn/Workspaces/ros2_cpp_ws/src) by extension 'python'
[0.489s] Level 1:colcon.colcon_core.package_identification:_identify(/home/ubuntu/Desktop/learn/Workspaces/ros2_cpp_ws/src) by extensions ['python_setup_py']
[0.489s] Level 1:colcon.colcon_core.package_identification:_identify(/home/ubuntu/Desktop/learn/Workspaces/ros2_cpp_ws/src) by extension 'python_setup_py'
[0.489s] Level 1:colcon.colcon_core.package_identification:_identify(/home/ubuntu/Desktop/learn/Workspaces/ros2_cpp_ws/src/ros2_rp_lidar) by extensions ['ignore', 'ignore_ament_install']
[0.490s] Level 1:colcon.colcon_core.package_identification:_identify(/home/ubuntu/Desktop/learn/Workspaces/ros2_cpp_ws/src/ros2_rp_lidar) by extension 'ignore'
[0.490s] Level 1:colcon.colcon_core.package_identification:_identify(/home/ubuntu/Desktop/learn/Workspaces/ros2_cpp_ws/src/ros2_rp_lidar) by extension 'ignore_ament_install'
[0.490s] Level 1:colcon.colcon_core.package_identification:_identify(/home/ubuntu/Desktop/learn/Workspaces/ros2_cpp_ws/src/ros2_rp_lidar) by extensions ['colcon_pkg']
[0.490s] Level 1:colcon.colcon_core.package_identification:_identify(/home/ubuntu/Desktop/learn/Workspaces/ros2_cpp_ws/src/ros2_rp_lidar) by extension 'colcon_pkg'
[0.490s] Level 1:colcon.colcon_core.package_identification:_identify(/home/ubuntu/Desktop/learn/Workspaces/ros2_cpp_ws/src/ros2_rp_lidar) by extensions ['colcon_meta']
[0.490s] Level 1:colcon.colcon_core.package_identification:_identify(/home/ubuntu/Desktop/learn/Workspaces/ros2_cpp_ws/src/ros2_rp_lidar) by extension 'colcon_meta'
[0.490s] Level 1:colcon.colcon_core.package_identification:_identify(/home/ubuntu/Desktop/learn/Workspaces/ros2_cpp_ws/src/ros2_rp_lidar) by extensions ['ros']
[0.490s] Level 1:colcon.colcon_core.package_identification:_identify(/home/ubuntu/Desktop/learn/Workspaces/ros2_cpp_ws/src/ros2_rp_lidar) by extension 'ros'
[0.490s] Level 1:colcon.colcon_core.package_identification:_identify(/home/ubuntu/Desktop/learn/Workspaces/ros2_cpp_ws/src/ros2_rp_lidar) by extensions ['cmake', 'python']
[0.490s] Level 1:colcon.colcon_core.package_identification:_identify(/home/ubuntu/Desktop/learn/Workspaces/ros2_cpp_ws/src/ros2_rp_lidar) by extension 'cmake'
[0.490s] Level 1:colcon.colcon_core.package_identification:_identify(/home/ubuntu/Desktop/learn/Workspaces/ros2_cpp_ws/src/ros2_rp_lidar) by extension 'python'
[0.490s] Level 1:colcon.colcon_core.package_identification:_identify(/home/ubuntu/Desktop/learn/Workspaces/ros2_cpp_ws/src/ros2_rp_lidar) by extensions ['python_setup_py']
[0.490s] Level 1:colcon.colcon_core.package_identification:_identify(/home/ubuntu/Desktop/learn/Workspaces/ros2_cpp_ws/src/ros2_rp_lidar) by extension 'python_setup_py'
[0.491s] Level 1:colcon.colcon_core.package_identification:_identify(/home/ubuntu/Desktop/learn/Workspaces/ros2_cpp_ws/src/ros2_rp_lidar/src) by extensions ['ignore', 'ignore_ament_install']
[0.491s] Level 1:colcon.colcon_core.package_identification:_identify(/home/ubuntu/Desktop/learn/Workspaces/ros2_cpp_ws/src/ros2_rp_lidar/src) by extension 'ignore'
[0.491s] Level 1:colcon.colcon_core.package_identification:_identify(/home/ubuntu/Desktop/learn/Workspaces/ros2_cpp_ws/src/ros2_rp_lidar/src) by extension 'ignore_ament_install'
[0.491s] Level 1:colcon.colcon_core.package_identification:_identify(/home/ubuntu/Desktop/learn/Workspaces/ros2_cpp_ws/src/ros2_rp_lidar/src) by extensions ['colcon_pkg']
[0.491s] Level 1:colcon.colcon_core.package_identification:_identify(/home/ubuntu/Desktop/learn/Workspaces/ros2_cpp_ws/src/ros2_rp_lidar/src) by extension 'colcon_pkg'
[0.491s] Level 1:colcon.colcon_core.package_identification:_identify(/home/ubuntu/Desktop/learn/Workspaces/ros2_cpp_ws/src/ros2_rp_lidar/src) by extensions ['colcon_meta']
[0.491s] Level 1:colcon.colcon_core.package_identification:_identify(/home/ubuntu/Desktop/learn/Workspaces/ros2_cpp_ws/src/ros2_rp_lidar/src) by extension 'colcon_meta'
[0.491s] Level 1:colcon.colcon_core.package_identification:_identify(/home/ubuntu/Desktop/learn/Workspaces/ros2_cpp_ws/src/ros2_rp_lidar/src) by extensions ['ros']
[0.491s] Level 1:colcon.colcon_core.package_identification:_identify(/home/ubuntu/Desktop/learn/Workspaces/ros2_cpp_ws/src/ros2_rp_lidar/src) by extension 'ros'
[0.492s] Level 1:colcon.colcon_core.package_identification:_identify(/home/ubuntu/Desktop/learn/Workspaces/ros2_cpp_ws/src/ros2_rp_lidar/src) by extensions ['cmake', 'python']
[0.492s] Level 1:colcon.colcon_core.package_identification:_identify(/home/ubuntu/Desktop/learn/Workspaces/ros2_cpp_ws/src/ros2_rp_lidar/src) by extension 'cmake'
[0.492s] Level 1:colcon.colcon_core.package_identification:_identify(/home/ubuntu/Desktop/learn/Workspaces/ros2_cpp_ws/src/ros2_rp_lidar/src) by extension 'python'
[0.492s] Level 1:colcon.colcon_core.package_identification:_identify(/home/ubuntu/Desktop/learn/Workspaces/ros2_cpp_ws/src/ros2_rp_lidar/src) by extensions ['python_setup_py']
[0.492s] Level 1:colcon.colcon_core.package_identification:_identify(/home/ubuntu/Desktop/learn/Workspaces/ros2_cpp_ws/src/ros2_rp_lidar/src) by extension 'python_setup_py'
[0.492s] Level 1:colcon.colcon_core.package_identification:_identify(/home/ubuntu/Desktop/learn/Workspaces/ros2_cpp_ws/src/ros2_rp_lidar/src/build) by extensions ['ignore', 'ignore_ament_install']
[0.492s] Level 1:colcon.colcon_core.package_identification:_identify(/home/ubuntu/Desktop/learn/Workspaces/ros2_cpp_ws/src/ros2_rp_lidar/src/build) by extension 'ignore'
[0.492s] Level 1:colcon.colcon_core.package_identification:_identify(/home/ubuntu/Desktop/learn/Workspaces/ros2_cpp_ws/src/ros2_rp_lidar/src/build) ignored
[0.492s] Level 1:colcon.colcon_core.package_identification:_identify(/home/ubuntu/Desktop/learn/Workspaces/ros2_cpp_ws/src/ros2_rp_lidar/src/install) by extensions ['ignore', 'ignore_ament_install']
[0.493s] Level 1:colcon.colcon_core.package_identification:_identify(/home/ubuntu/Desktop/learn/Workspaces/ros2_cpp_ws/src/ros2_rp_lidar/src/install) by extension 'ignore'
[0.493s] Level 1:colcon.colcon_core.package_identification:_identify(/home/ubuntu/Desktop/learn/Workspaces/ros2_cpp_ws/src/ros2_rp_lidar/src/install) ignored
[0.493s] Level 1:colcon.colcon_core.package_identification:_identify(/home/ubuntu/Desktop/learn/Workspaces/ros2_cpp_ws/src/ros2_rp_lidar/src/log) by extensions ['ignore', 'ignore_ament_install']
[0.493s] Level 1:colcon.colcon_core.package_identification:_identify(/home/ubuntu/Desktop/learn/Workspaces/ros2_cpp_ws/src/ros2_rp_lidar/src/log) by extension 'ignore'
[0.493s] Level 1:colcon.colcon_core.package_identification:_identify(/home/ubuntu/Desktop/learn/Workspaces/ros2_cpp_ws/src/ros2_rp_lidar/src/log) ignored
[0.493s] Level 1:colcon.colcon_core.package_identification:_identify(/home/ubuntu/Desktop/learn/Workspaces/ros2_cpp_ws/src/ros2_rp_lidar/src/rplidar_ros2) by extensions ['ignore', 'ignore_ament_install']
[0.493s] Level 1:colcon.colcon_core.package_identification:_identify(/home/ubuntu/Desktop/learn/Workspaces/ros2_cpp_ws/src/ros2_rp_lidar/src/rplidar_ros2) by extension 'ignore'
[0.493s] Level 1:colcon.colcon_core.package_identification:_identify(/home/ubuntu/Desktop/learn/Workspaces/ros2_cpp_ws/src/ros2_rp_lidar/src/rplidar_ros2) by extension 'ignore_ament_install'
[0.493s] Level 1:colcon.colcon_core.package_identification:_identify(/home/ubuntu/Desktop/learn/Workspaces/ros2_cpp_ws/src/ros2_rp_lidar/src/rplidar_ros2) by extensions ['colcon_pkg']
[0.493s] Level 1:colcon.colcon_core.package_identification:_identify(/home/ubuntu/Desktop/learn/Workspaces/ros2_cpp_ws/src/ros2_rp_lidar/src/rplidar_ros2) by extension 'colcon_pkg'
[0.493s] Level 1:colcon.colcon_core.package_identification:_identify(/home/ubuntu/Desktop/learn/Workspaces/ros2_cpp_ws/src/ros2_rp_lidar/src/rplidar_ros2) by extensions ['colcon_meta']
[0.494s] Level 1:colcon.colcon_core.package_identification:_identify(/home/ubuntu/Desktop/learn/Workspaces/ros2_cpp_ws/src/ros2_rp_lidar/src/rplidar_ros2) by extension 'colcon_meta'
[0.494s] Level 1:colcon.colcon_core.package_identification:_identify(/home/ubuntu/Desktop/learn/Workspaces/ros2_cpp_ws/src/ros2_rp_lidar/src/rplidar_ros2) by extensions ['ros']
[0.494s] Level 1:colcon.colcon_core.package_identification:_identify(/home/ubuntu/Desktop/learn/Workspaces/ros2_cpp_ws/src/ros2_rp_lidar/src/rplidar_ros2) by extension 'ros'
[0.497s] DEBUG:colcon.colcon_core.package_identification:Package '/home/ubuntu/Desktop/learn/Workspaces/ros2_cpp_ws/src/ros2_rp_lidar/src/rplidar_ros2' with type 'ros.ament_cmake' and name 'rplidar_ros'
[0.497s] Level 1:colcon.colcon_core.package_identification:_identify(/home/ubuntu/Desktop/learn/Workspaces/ros2_cpp_ws/src/udemy_ros2_pkg) by extensions ['ignore', 'ignore_ament_install']
[0.497s] Level 1:colcon.colcon_core.package_identification:_identify(/home/ubuntu/Desktop/learn/Workspaces/ros2_cpp_ws/src/udemy_ros2_pkg) by extension 'ignore'
[0.497s] Level 1:colcon.colcon_core.package_identification:_identify(/home/ubuntu/Desktop/learn/Workspaces/ros2_cpp_ws/src/udemy_ros2_pkg) by extension 'ignore_ament_install'
[0.497s] Level 1:colcon.colcon_core.package_identification:_identify(/home/ubuntu/Desktop/learn/Workspaces/ros2_cpp_ws/src/udemy_ros2_pkg) by extensions ['colcon_pkg']
[0.497s] Level 1:colcon.colcon_core.package_identification:_identify(/home/ubuntu/Desktop/learn/Workspaces/ros2_cpp_ws/src/udemy_ros2_pkg) by extension 'colcon_pkg'
[0.497s] Level 1:colcon.colcon_core.package_identification:_identify(/home/ubuntu/Desktop/learn/Workspaces/ros2_cpp_ws/src/udemy_ros2_pkg) by extensions ['colcon_meta']
[0.497s] Level 1:colcon.colcon_core.package_identification:_identify(/home/ubuntu/Desktop/learn/Workspaces/ros2_cpp_ws/src/udemy_ros2_pkg) by extension 'colcon_meta'
[0.498s] Level 1:colcon.colcon_core.package_identification:_identify(/home/ubuntu/Desktop/learn/Workspaces/ros2_cpp_ws/src/udemy_ros2_pkg) by extensions ['ros']
[0.498s] Level 1:colcon.colcon_core.package_identification:_identify(/home/ubuntu/Desktop/learn/Workspaces/ros2_cpp_ws/src/udemy_ros2_pkg) by extension 'ros'
[0.498s] DEBUG:colcon.colcon_core.package_identification:Package '/home/ubuntu/Desktop/learn/Workspaces/ros2_cpp_ws/src/udemy_ros2_pkg' with type 'ros.ament_cmake' and name 'udemy_ros2_pkg'
[0.498s] Level 1:colcon.colcon_core.package_discovery:discover_packages(recursive) using defaults
[0.527s] Level 1:colcon.colcon_core.package_discovery:discover_packages(prefix_path) check parameters
[0.527s] Level 1:colcon.colcon_core.package_discovery:discover_packages(prefix_path) discover
[0.532s] DEBUG:colcon.colcon_installed_package_information.package_discovery:Found 2 installed packages in /home/ubuntu/Desktop/learn/Workspaces/ros2_cpp_ws/install
[0.534s] DEBUG:colcon.colcon_installed_package_information.package_discovery:Found 270 installed packages in /opt/ros/humble
[0.536s] Level 1:colcon.colcon_core.package_discovery:discover_packages(prefix_path) using defaults
[0.614s] Level 5:colcon.colcon_core.verb:set package 'rplidar_ros' build argument 'cmake_args' from command line to '['-DCMAKE_BUILD_TYPE=RelWithDebInfo']'
[0.614s] Level 5:colcon.colcon_core.verb:set package 'rplidar_ros' build argument 'cmake_target' from command line to 'None'
[0.614s] Level 5:colcon.colcon_core.verb:set package 'rplidar_ros' build argument 'cmake_target_skip_unavailable' from command line to 'False'
[0.614s] Level 5:colcon.colcon_core.verb:set package 'rplidar_ros' build argument 'cmake_clean_cache' from command line to 'False'
[0.614s] Level 5:colcon.colcon_core.verb:set package 'rplidar_ros' build argument 'cmake_clean_first' from command line to 'False'
[0.614s] Level 5:colcon.colcon_core.verb:set package 'rplidar_ros' build argument 'cmake_force_configure' from command line to 'False'
[0.614s] Level 5:colcon.colcon_core.verb:set package 'rplidar_ros' build argument 'ament_cmake_args' from command line to 'None'
[0.614s] Level 5:colcon.colcon_core.verb:set package 'rplidar_ros' build argument 'catkin_cmake_args' from command line to 'None'
[0.614s] Level 5:colcon.colcon_core.verb:set package 'rplidar_ros' build argument 'catkin_skip_building_tests' from command line to 'False'
[0.614s] DEBUG:colcon.colcon_core.verb:Building package 'rplidar_ros' with the following arguments: {'ament_cmake_args': None, 'build_base': '/home/ubuntu/Desktop/learn/Workspaces/ros2_cpp_ws/build/rplidar_ros', 'catkin_cmake_args': None, 'catkin_skip_building_tests': False, 'cmake_args': ['-DCMAKE_BUILD_TYPE=RelWithDebInfo'], 'cmake_clean_cache': False, 'cmake_clean_first': False, 'cmake_force_configure': False, 'cmake_target': None, 'cmake_target_skip_unavailable': False, 'install_base': '/home/ubuntu/Desktop/learn/Workspaces/ros2_cpp_ws/install/rplidar_ros', 'merge_install': False, 'path': '/home/ubuntu/Desktop/learn/Workspaces/ros2_cpp_ws/src/ros2_rp_lidar/src/rplidar_ros2', 'symlink_install': True, 'test_result_base': None}
[0.616s] Level 5:colcon.colcon_core.verb:set package 'udemy_ros2_pkg' build argument 'cmake_args' from command line to '['-DCMAKE_BUILD_TYPE=RelWithDebInfo']'
[0.616s] Level 5:colcon.colcon_core.verb:set package 'udemy_ros2_pkg' build argument 'cmake_target' from command line to 'None'
[0.616s] Level 5:colcon.colcon_core.verb:set package 'udemy_ros2_pkg' build argument 'cmake_target_skip_unavailable' from command line to 'False'
[0.616s] Level 5:colcon.colcon_core.verb:set package 'udemy_ros2_pkg' build argument 'cmake_clean_cache' from command line to 'False'
[0.616s] Level 5:colcon.colcon_core.verb:set package 'udemy_ros2_pkg' build argument 'cmake_clean_first' from command line to 'False'
[0.616s] Level 5:colcon.colcon_core.verb:set package 'udemy_ros2_pkg' build argument 'cmake_force_configure' from command line to 'False'
[0.616s] Level 5:colcon.colcon_core.verb:set package 'udemy_ros2_pkg' build argument 'ament_cmake_args' from command line to 'None'
[0.616s] Level 5:colcon.colcon_core.verb:set package 'udemy_ros2_pkg' build argument 'catkin_cmake_args' from command line to 'None'
[0.616s] Level 5:colcon.colcon_core.verb:set package 'udemy_ros2_pkg' build argument 'catkin_skip_building_tests' from command line to 'False'
[0.616s] DEBUG:colcon.colcon_core.verb:Building package 'udemy_ros2_pkg' with the following arguments: {'ament_cmake_args': None, 'build_base': '/home/ubuntu/Desktop/learn/Workspaces/ros2_cpp_ws/build/udemy_ros2_pkg', 'catkin_cmake_args': None, 'catkin_skip_building_tests': False, 'cmake_args': ['-DCMAKE_BUILD_TYPE=RelWithDebInfo'], 'cmake_clean_cache': False, 'cmake_clean_first': False, 'cmake_force_configure': False, 'cmake_target': None, 'cmake_target_skip_unavailable': False, 'install_base': '/home/ubuntu/Desktop/learn/Workspaces/ros2_cpp_ws/install/udemy_ros2_pkg', 'merge_install': False, 'path': '/home/ubuntu/Desktop/learn/Workspaces/ros2_cpp_ws/src/udemy_ros2_pkg', 'symlink_install': True, 'test_result_base': None}
[0.617s] INFO:colcon.colcon_core.executor:Executing jobs using 'parallel' executor
[0.621s] DEBUG:colcon.colcon_parallel_executor.executor.parallel:run_until_complete
[0.621s] INFO:colcon.colcon_ros.task.ament_cmake.build:Building ROS package in '/home/ubuntu/Desktop/learn/Workspaces/ros2_cpp_ws/src/ros2_rp_lidar/src/rplidar_ros2' with build type 'ament_cmake'
[0.621s] INFO:colcon.colcon_cmake.task.cmake.build:Building CMake package in '/home/ubuntu/Desktop/learn/Workspaces/ros2_cpp_ws/src/ros2_rp_lidar/src/rplidar_ros2'
[0.631s] INFO:colcon.colcon_core.plugin_system:Skipping extension 'colcon_core.shell.bat': Not used on non-Windows systems
[0.632s] INFO:colcon.colcon_core.shell:Skip shell extension 'powershell' for command environment: Not usable outside of PowerShell
[0.632s] DEBUG:colcon.colcon_core.shell:Skip shell extension 'dsv' for command environment
[0.637s] INFO:colcon.colcon_ros.task.ament_cmake.build:Building ROS package in '/home/ubuntu/Desktop/learn/Workspaces/ros2_cpp_ws/src/udemy_ros2_pkg' with build type 'ament_cmake'
[0.637s] INFO:colcon.colcon_cmake.task.cmake.build:Building CMake package in '/home/ubuntu/Desktop/learn/Workspaces/ros2_cpp_ws/src/udemy_ros2_pkg'
[0.640s] INFO:colcon.colcon_core.shell:Skip shell extension 'powershell' for command environment: Not usable outside of PowerShell
[0.641s] DEBUG:colcon.colcon_core.shell:Skip shell extension 'dsv' for command environment
[0.657s] DEBUG:colcon.colcon_core.event_handler.log_command:Invoking command in '/home/ubuntu/Desktop/learn/Workspaces/ros2_cpp_ws/build/rplidar_ros': CMAKE_PREFIX_PATH=${CMAKE_PREFIX_PATH}:/opt/ros/humble /usr/bin/cmake --build /home/ubuntu/Desktop/learn/Workspaces/ros2_cpp_ws/build/rplidar_ros -- -j8 -l8
[0.670s] DEBUG:colcon.colcon_core.event_handler.log_command:Invoking command in '/home/ubuntu/Desktop/learn/Workspaces/ros2_cpp_ws/build/udemy_ros2_pkg': CMAKE_PREFIX_PATH=${CMAKE_PREFIX_PATH}:/opt/ros/humble /usr/bin/cmake --build /home/ubuntu/Desktop/learn/Workspaces/ros2_cpp_ws/build/udemy_ros2_pkg -- -j8 -l8
[0.842s] DEBUG:colcon.colcon_core.event_handler.log_command:Invoked command in '/home/ubuntu/Desktop/learn/Workspaces/ros2_cpp_ws/build/rplidar_ros' returned '0': CMAKE_PREFIX_PATH=${CMAKE_PREFIX_PATH}:/opt/ros/humble /usr/bin/cmake --build /home/ubuntu/Desktop/learn/Workspaces/ros2_cpp_ws/build/rplidar_ros -- -j8 -l8
[0.931s] DEBUG:colcon.colcon_core.event_handler.log_command:Invoking command in '/home/ubuntu/Desktop/learn/Workspaces/ros2_cpp_ws/build/rplidar_ros': CMAKE_PREFIX_PATH=${CMAKE_PREFIX_PATH}:/opt/ros/humble /usr/bin/cmake --install /home/ubuntu/Desktop/learn/Workspaces/ros2_cpp_ws/build/rplidar_ros
[0.972s] Level 1:colcon.colcon_core.environment:create_environment_scripts_only(rplidar_ros)
[0.979s] Level 1:colcon.colcon_core.environment:checking '/home/ubuntu/Desktop/learn/Workspaces/ros2_cpp_ws/install/rplidar_ros' for CMake module files
[0.980s] DEBUG:colcon.colcon_core.event_handler.log_command:Invoked command in '/home/ubuntu/Desktop/learn/Workspaces/ros2_cpp_ws/build/rplidar_ros' returned '0': CMAKE_PREFIX_PATH=${CMAKE_PREFIX_PATH}:/opt/ros/humble /usr/bin/cmake --install /home/ubuntu/Desktop/learn/Workspaces/ros2_cpp_ws/build/rplidar_ros
[0.981s] Level 1:colcon.colcon_core.environment:checking '/home/ubuntu/Desktop/learn/Workspaces/ros2_cpp_ws/install/rplidar_ros' for CMake config files
[0.982s] Level 1:colcon.colcon_core.shell:create_environment_hook('rplidar_ros', 'cmake_prefix_path')
[0.984s] INFO:colcon.colcon_core.shell:Creating environment hook '/home/ubuntu/Desktop/learn/Workspaces/ros2_cpp_ws/install/rplidar_ros/share/rplidar_ros/hook/cmake_prefix_path.ps1'
[0.985s] INFO:colcon.colcon_core.shell:Creating environment descriptor '/home/ubuntu/Desktop/learn/Workspaces/ros2_cpp_ws/install/rplidar_ros/share/rplidar_ros/hook/cmake_prefix_path.dsv'
[0.985s] INFO:colcon.colcon_core.shell:Creating environment hook '/home/ubuntu/Desktop/learn/Workspaces/ros2_cpp_ws/install/rplidar_ros/share/rplidar_ros/hook/cmake_prefix_path.sh'
[0.987s] Level 1:colcon.colcon_core.environment:checking '/home/ubuntu/Desktop/learn/Workspaces/ros2_cpp_ws/install/rplidar_ros/lib'
[0.987s] Level 1:colcon.colcon_core.shell:create_environment_hook('rplidar_ros', 'ld_library_path_lib')
[0.989s] INFO:colcon.colcon_core.shell:Creating environment hook '/home/ubuntu/Desktop/learn/Workspaces/ros2_cpp_ws/install/rplidar_ros/share/rplidar_ros/hook/ld_library_path_lib.ps1'
[0.990s] INFO:colcon.colcon_core.shell:Creating environment descriptor '/home/ubuntu/Desktop/learn/Workspaces/ros2_cpp_ws/install/rplidar_ros/share/rplidar_ros/hook/ld_library_path_lib.dsv'
[0.990s] INFO:colcon.colcon_core.shell:Creating environment hook '/home/ubuntu/Desktop/learn/Workspaces/ros2_cpp_ws/install/rplidar_ros/share/rplidar_ros/hook/ld_library_path_lib.sh'
[0.991s] Level 1:colcon.colcon_core.environment:checking '/home/ubuntu/Desktop/learn/Workspaces/ros2_cpp_ws/install/rplidar_ros/bin'
[0.991s] Level 1:colcon.colcon_core.environment:checking '/home/ubuntu/Desktop/learn/Workspaces/ros2_cpp_ws/install/rplidar_ros/lib/pkgconfig/rplidar_ros.pc'
[0.991s] Level 1:colcon.colcon_core.environment:checking '/home/ubuntu/Desktop/learn/Workspaces/ros2_cpp_ws/install/rplidar_ros/lib/python3.10/site-packages'
[0.992s] Level 1:colcon.colcon_core.environment:checking '/home/ubuntu/Desktop/learn/Workspaces/ros2_cpp_ws/install/rplidar_ros/bin'
[0.994s] INFO:colcon.colcon_core.shell:Creating package script '/home/ubuntu/Desktop/learn/Workspaces/ros2_cpp_ws/install/rplidar_ros/share/rplidar_ros/package.ps1'
[0.995s] INFO:colcon.colcon_core.shell:Creating package descriptor '/home/ubuntu/Desktop/learn/Workspaces/ros2_cpp_ws/install/rplidar_ros/share/rplidar_ros/package.dsv'
[0.997s] INFO:colcon.colcon_core.shell:Creating package script '/home/ubuntu/Desktop/learn/Workspaces/ros2_cpp_ws/install/rplidar_ros/share/rplidar_ros/package.sh'
[0.998s] INFO:colcon.colcon_core.shell:Creating package script '/home/ubuntu/Desktop/learn/Workspaces/ros2_cpp_ws/install/rplidar_ros/share/rplidar_ros/package.bash'
[0.999s] INFO:colcon.colcon_core.shell:Creating package script '/home/ubuntu/Desktop/learn/Workspaces/ros2_cpp_ws/install/rplidar_ros/share/rplidar_ros/package.zsh'
[1.001s] Level 1:colcon.colcon_core.environment:create_file_with_runtime_dependencies(/home/ubuntu/Desktop/learn/Workspaces/ros2_cpp_ws/install/rplidar_ros/share/colcon-core/packages/rplidar_ros)
[1.088s] Level 1:colcon.colcon_core.environment:create_environment_scripts_only(rplidar_ros)
[1.090s] Level 1:colcon.colcon_core.environment:checking '/home/ubuntu/Desktop/learn/Workspaces/ros2_cpp_ws/install/rplidar_ros' for CMake module files
[1.091s] Level 1:colcon.colcon_core.environment:checking '/home/ubuntu/Desktop/learn/Workspaces/ros2_cpp_ws/install/rplidar_ros' for CMake config files
[1.092s] Level 1:colcon.colcon_core.shell:create_environment_hook('rplidar_ros', 'cmake_prefix_path')
[1.093s] INFO:colcon.colcon_core.shell:Creating environment hook '/home/ubuntu/Desktop/learn/Workspaces/ros2_cpp_ws/install/rplidar_ros/share/rplidar_ros/hook/cmake_prefix_path.ps1'
[1.094s] INFO:colcon.colcon_core.shell:Creating environment descriptor '/home/ubuntu/Desktop/learn/Workspaces/ros2_cpp_ws/install/rplidar_ros/share/rplidar_ros/hook/cmake_prefix_path.dsv'
[1.094s] INFO:colcon.colcon_core.shell:Creating environment hook '/home/ubuntu/Desktop/learn/Workspaces/ros2_cpp_ws/install/rplidar_ros/share/rplidar_ros/hook/cmake_prefix_path.sh'
[1.094s] Level 1:colcon.colcon_core.environment:checking '/home/ubuntu/Desktop/learn/Workspaces/ros2_cpp_ws/install/rplidar_ros/lib'
[1.095s] Level 1:colcon.colcon_core.shell:create_environment_hook('rplidar_ros', 'ld_library_path_lib')
[1.097s] INFO:colcon.colcon_core.shell:Creating environment hook '/home/ubuntu/Desktop/learn/Workspaces/ros2_cpp_ws/install/rplidar_ros/share/rplidar_ros/hook/ld_library_path_lib.ps1'
[1.097s] INFO:colcon.colcon_core.shell:Creating environment descriptor '/home/ubuntu/Desktop/learn/Workspaces/ros2_cpp_ws/install/rplidar_ros/share/rplidar_ros/hook/ld_library_path_lib.dsv'
[1.098s] INFO:colcon.colcon_core.shell:Creating environment hook '/home/ubuntu/Desktop/learn/Workspaces/ros2_cpp_ws/install/rplidar_ros/share/rplidar_ros/hook/ld_library_path_lib.sh'
[1.098s] Level 1:colcon.colcon_core.environment:checking '/home/ubuntu/Desktop/learn/Workspaces/ros2_cpp_ws/install/rplidar_ros/bin'
[1.098s] Level 1:colcon.colcon_core.environment:checking '/home/ubuntu/Desktop/learn/Workspaces/ros2_cpp_ws/install/rplidar_ros/lib/pkgconfig/rplidar_ros.pc'
[1.099s] Level 1:colcon.colcon_core.environment:checking '/home/ubuntu/Desktop/learn/Workspaces/ros2_cpp_ws/install/rplidar_ros/lib/python3.10/site-packages'
[1.099s] Level 1:colcon.colcon_core.environment:checking '/home/ubuntu/Desktop/learn/Workspaces/ros2_cpp_ws/install/rplidar_ros/bin'
[1.101s] INFO:colcon.colcon_core.shell:Creating package script '/home/ubuntu/Desktop/learn/Workspaces/ros2_cpp_ws/install/rplidar_ros/share/rplidar_ros/package.ps1'
[1.101s] INFO:colcon.colcon_core.shell:Creating package descriptor '/home/ubuntu/Desktop/learn/Workspaces/ros2_cpp_ws/install/rplidar_ros/share/rplidar_ros/package.dsv'
[1.102s] INFO:colcon.colcon_core.shell:Creating package script '/home/ubuntu/Desktop/learn/Workspaces/ros2_cpp_ws/install/rplidar_ros/share/rplidar_ros/package.sh'
[1.103s] INFO:colcon.colcon_core.shell:Creating package script '/home/ubuntu/Desktop/learn/Workspaces/ros2_cpp_ws/install/rplidar_ros/share/rplidar_ros/package.bash'
[1.103s] INFO:colcon.colcon_core.shell:Creating package script '/home/ubuntu/Desktop/learn/Workspaces/ros2_cpp_ws/install/rplidar_ros/share/rplidar_ros/package.zsh'
[1.104s] Level 1:colcon.colcon_core.environment:create_file_with_runtime_dependencies(/home/ubuntu/Desktop/learn/Workspaces/ros2_cpp_ws/install/rplidar_ros/share/colcon-core/packages/rplidar_ros)
[22.330s] DEBUG:colcon.colcon_core.event_handler.log_command:Invoked command in '/home/ubuntu/Desktop/learn/Workspaces/ros2_cpp_ws/build/udemy_ros2_pkg' returned '0': CMAKE_PREFIX_PATH=${CMAKE_PREFIX_PATH}:/opt/ros/humble /usr/bin/cmake --build /home/ubuntu/Desktop/learn/Workspaces/ros2_cpp_ws/build/udemy_ros2_pkg -- -j8 -l8
[22.370s] DEBUG:colcon.colcon_core.event_handler.log_command:Invoking command in '/home/ubuntu/Desktop/learn/Workspaces/ros2_cpp_ws/build/udemy_ros2_pkg': CMAKE_PREFIX_PATH=${CMAKE_PREFIX_PATH}:/opt/ros/humble /usr/bin/cmake --install /home/ubuntu/Desktop/learn/Workspaces/ros2_cpp_ws/build/udemy_ros2_pkg
[22.394s] Level 1:colcon.colcon_core.environment:create_environment_scripts_only(udemy_ros2_pkg)
[22.397s] Level 1:colcon.colcon_core.environment:checking '/home/ubuntu/Desktop/learn/Workspaces/ros2_cpp_ws/install/udemy_ros2_pkg' for CMake module files
[22.398s] DEBUG:colcon.colcon_core.event_handler.log_command:Invoked command in '/home/ubuntu/Desktop/learn/Workspaces/ros2_cpp_ws/build/udemy_ros2_pkg' returned '0': CMAKE_PREFIX_PATH=${CMAKE_PREFIX_PATH}:/opt/ros/humble /usr/bin/cmake --install /home/ubuntu/Desktop/learn/Workspaces/ros2_cpp_ws/build/udemy_ros2_pkg
[22.398s] Level 1:colcon.colcon_core.environment:checking '/home/ubuntu/Desktop/learn/Workspaces/ros2_cpp_ws/install/udemy_ros2_pkg' for CMake config files
[22.399s] Level 1:colcon.colcon_core.shell:create_environment_hook('udemy_ros2_pkg', 'cmake_prefix_path')
[22.401s] INFO:colcon.colcon_core.shell:Creating environment hook '/home/ubuntu/Desktop/learn/Workspaces/ros2_cpp_ws/install/udemy_ros2_pkg/share/udemy_ros2_pkg/hook/cmake_prefix_path.ps1'
[22.401s] INFO:colcon.colcon_core.shell:Creating environment descriptor '/home/ubuntu/Desktop/learn/Workspaces/ros2_cpp_ws/install/udemy_ros2_pkg/share/udemy_ros2_pkg/hook/cmake_prefix_path.dsv'
[22.402s] INFO:colcon.colcon_core.shell:Creating environment hook '/home/ubuntu/Desktop/learn/Workspaces/ros2_cpp_ws/install/udemy_ros2_pkg/share/udemy_ros2_pkg/hook/cmake_prefix_path.sh'
[22.402s] Level 1:colcon.colcon_core.environment:checking '/home/ubuntu/Desktop/learn/Workspaces/ros2_cpp_ws/install/udemy_ros2_pkg/lib'
[22.403s] Level 1:colcon.colcon_core.environment:checking '/home/ubuntu/Desktop/learn/Workspaces/ros2_cpp_ws/install/udemy_ros2_pkg/bin'
[22.403s] Level 1:colcon.colcon_core.environment:checking '/home/ubuntu/Desktop/learn/Workspaces/ros2_cpp_ws/install/udemy_ros2_pkg/lib/pkgconfig/udemy_ros2_pkg.pc'
[22.403s] Level 1:colcon.colcon_core.environment:checking '/home/ubuntu/Desktop/learn/Workspaces/ros2_cpp_ws/install/udemy_ros2_pkg/lib/python3.10/site-packages'
[22.403s] Level 1:colcon.colcon_core.environment:checking '/home/ubuntu/Desktop/learn/Workspaces/ros2_cpp_ws/install/udemy_ros2_pkg/bin'
[22.405s] INFO:colcon.colcon_core.shell:Creating package script '/home/ubuntu/Desktop/learn/Workspaces/ros2_cpp_ws/install/udemy_ros2_pkg/share/udemy_ros2_pkg/package.ps1'
[22.406s] INFO:colcon.colcon_core.shell:Creating package descriptor '/home/ubuntu/Desktop/learn/Workspaces/ros2_cpp_ws/install/udemy_ros2_pkg/share/udemy_ros2_pkg/package.dsv'
[22.406s] INFO:colcon.colcon_core.shell:Creating package script '/home/ubuntu/Desktop/learn/Workspaces/ros2_cpp_ws/install/udemy_ros2_pkg/share/udemy_ros2_pkg/package.sh'
[22.407s] INFO:colcon.colcon_core.shell:Creating package script '/home/ubuntu/Desktop/learn/Workspaces/ros2_cpp_ws/install/udemy_ros2_pkg/share/udemy_ros2_pkg/package.bash'
[22.407s] INFO:colcon.colcon_core.shell:Creating package script '/home/ubuntu/Desktop/learn/Workspaces/ros2_cpp_ws/install/udemy_ros2_pkg/share/udemy_ros2_pkg/package.zsh'
[22.408s] Level 1:colcon.colcon_core.environment:create_file_with_runtime_dependencies(/home/ubuntu/Desktop/learn/Workspaces/ros2_cpp_ws/install/udemy_ros2_pkg/share/colcon-core/packages/udemy_ros2_pkg)
[22.468s] Level 1:colcon.colcon_core.environment:create_environment_scripts_only(udemy_ros2_pkg)
[22.471s] Level 1:colcon.colcon_core.environment:checking '/home/ubuntu/Desktop/learn/Workspaces/ros2_cpp_ws/install/udemy_ros2_pkg' for CMake module files
[22.472s] Level 1:colcon.colcon_core.environment:checking '/home/ubuntu/Desktop/learn/Workspaces/ros2_cpp_ws/install/udemy_ros2_pkg' for CMake config files
[22.473s] Level 1:colcon.colcon_core.shell:create_environment_hook('udemy_ros2_pkg', 'cmake_prefix_path')
[22.474s] INFO:colcon.colcon_core.shell:Creating environment hook '/home/ubuntu/Desktop/learn/Workspaces/ros2_cpp_ws/install/udemy_ros2_pkg/share/udemy_ros2_pkg/hook/cmake_prefix_path.ps1'
[22.475s] INFO:colcon.colcon_core.shell:Creating environment descriptor '/home/ubuntu/Desktop/learn/Workspaces/ros2_cpp_ws/install/udemy_ros2_pkg/share/udemy_ros2_pkg/hook/cmake_prefix_path.dsv'
[22.475s] INFO:colcon.colcon_core.shell:Creating environment hook '/home/ubuntu/Desktop/learn/Workspaces/ros2_cpp_ws/install/udemy_ros2_pkg/share/udemy_ros2_pkg/hook/cmake_prefix_path.sh'
[22.476s] Level 1:colcon.colcon_core.environment:checking '/home/ubuntu/Desktop/learn/Workspaces/ros2_cpp_ws/install/udemy_ros2_pkg/lib'
[22.476s] Level 1:colcon.colcon_core.environment:checking '/home/ubuntu/Desktop/learn/Workspaces/ros2_cpp_ws/install/udemy_ros2_pkg/bin'
[22.476s] Level 1:colcon.colcon_core.environment:checking '/home/ubuntu/Desktop/learn/Workspaces/ros2_cpp_ws/install/udemy_ros2_pkg/lib/pkgconfig/udemy_ros2_pkg.pc'
[22.477s] Level 1:colcon.colcon_core.environment:checking '/home/ubuntu/Desktop/learn/Workspaces/ros2_cpp_ws/install/udemy_ros2_pkg/lib/python3.10/site-packages'
[22.477s] Level 1:colcon.colcon_core.environment:checking '/home/ubuntu/Desktop/learn/Workspaces/ros2_cpp_ws/install/udemy_ros2_pkg/bin'
[22.479s] INFO:colcon.colcon_core.shell:Creating package script '/home/ubuntu/Desktop/learn/Workspaces/ros2_cpp_ws/install/udemy_ros2_pkg/share/udemy_ros2_pkg/package.ps1'
[22.480s] INFO:colcon.colcon_core.shell:Creating package descriptor '/home/ubuntu/Desktop/learn/Workspaces/ros2_cpp_ws/install/udemy_ros2_pkg/share/udemy_ros2_pkg/package.dsv'
[22.481s] INFO:colcon.colcon_core.shell:Creating package script '/home/ubuntu/Desktop/learn/Workspaces/ros2_cpp_ws/install/udemy_ros2_pkg/share/udemy_ros2_pkg/package.sh'
[22.482s] INFO:colcon.colcon_core.shell:Creating package script '/home/ubuntu/Desktop/learn/Workspaces/ros2_cpp_ws/install/udemy_ros2_pkg/share/udemy_ros2_pkg/package.bash'
[22.482s] INFO:colcon.colcon_core.shell:Creating package script '/home/ubuntu/Desktop/learn/Workspaces/ros2_cpp_ws/install/udemy_ros2_pkg/share/udemy_ros2_pkg/package.zsh'
[22.483s] Level 1:colcon.colcon_core.environment:create_file_with_runtime_dependencies(/home/ubuntu/Desktop/learn/Workspaces/ros2_cpp_ws/install/udemy_ros2_pkg/share/colcon-core/packages/udemy_ros2_pkg)
[22.484s] DEBUG:colcon.colcon_parallel_executor.executor.parallel:closing loop
[22.484s] DEBUG:colcon.colcon_parallel_executor.executor.parallel:loop closed
[22.485s] DEBUG:colcon.colcon_parallel_executor.executor.parallel:run_until_complete finished with '0'
[22.485s] DEBUG:colcon.colcon_core.event_reactor:joining thread
[22.494s] INFO:colcon.colcon_core.plugin_system:Skipping extension 'colcon_notification.desktop_notification.terminal_notifier': Not used on non-Darwin systems
[22.495s] INFO:colcon.colcon_core.plugin_system:Skipping extension 'colcon_notification.desktop_notification.win32': Not used on non-Windows systems
[22.495s] INFO:colcon.colcon_notification.desktop_notification:Sending desktop notification using 'notify2'
[22.524s] DEBUG:colcon.colcon_core.event_reactor:joined thread
[22.528s] INFO:colcon.colcon_core.shell:Creating prefix script '/home/ubuntu/Desktop/learn/Workspaces/ros2_cpp_ws/install/local_setup.ps1'
[22.530s] INFO:colcon.colcon_core.shell:Creating prefix util module '/home/ubuntu/Desktop/learn/Workspaces/ros2_cpp_ws/install/_local_setup_util_ps1.py'
[22.534s] INFO:colcon.colcon_core.shell:Creating prefix chain script '/home/ubuntu/Desktop/learn/Workspaces/ros2_cpp_ws/install/setup.ps1'
[22.537s] INFO:colcon.colcon_core.shell:Creating prefix script '/home/ubuntu/Desktop/learn/Workspaces/ros2_cpp_ws/install/local_setup.sh'
[22.538s] INFO:colcon.colcon_core.shell:Creating prefix util module '/home/ubuntu/Desktop/learn/Workspaces/ros2_cpp_ws/install/_local_setup_util_sh.py'
[22.539s] INFO:colcon.colcon_core.shell:Creating prefix chain script '/home/ubuntu/Desktop/learn/Workspaces/ros2_cpp_ws/install/setup.sh'
[22.542s] INFO:colcon.colcon_core.shell:Creating prefix script '/home/ubuntu/Desktop/learn/Workspaces/ros2_cpp_ws/install/local_setup.bash'
[22.543s] INFO:colcon.colcon_core.shell:Creating prefix chain script '/home/ubuntu/Desktop/learn/Workspaces/ros2_cpp_ws/install/setup.bash'
[22.546s] INFO:colcon.colcon_core.shell:Creating prefix script '/home/ubuntu/Desktop/learn/Workspaces/ros2_cpp_ws/install/local_setup.zsh'
[22.547s] INFO:colcon.colcon_core.shell:Creating prefix chain script '/home/ubuntu/Desktop/learn/Workspaces/ros2_cpp_ws/install/setup.zsh'
